[ 2018-05-14T00:28:29+08:00 ] 127.0.0.1 /
INFO: [ app_init ] --START--
INFO: Run Behavior\BuildLiteBehavior [ RunTime:0.000000s ]
INFO: [ app_init ] --END-- [ RunTime:0.002000s ]
INFO: [ app_begin ] --START--
INFO: Run Behavior\ReadHtmlCacheBehavior [ RunTime:0.028001s ]
INFO: [ app_begin ] --END-- [ RunTime:0.028001s ]
NOTIC: [8] Undefined index: home/public D:\phpStudy\WWW\foa\Application\Common\Common\function.php 第 64 行.
NOTIC: [8] Undefined index: home/public D:\phpStudy\WWW\foa\Application\Common\Common\function.php 第 65 行.
SQL: SHOW COLUMNS FROM `oa_system_config` [ RunTime:0.0360s ]
SQL: SELECT COUNT(*) AS tp_count FROM `oa_system_config` WHERE `code` = 'login_verify_code' LIMIT 1   [ RunTime:0.0000s ]
SQL: SELECT `val` FROM `oa_system_config` WHERE `code` = 'login_verify_code' LIMIT 1   [ RunTime:0.0000s ]
INFO: [ view_parse ] --START--
INFO: [ template_filter ] --START--
INFO: Run Behavior\ContentReplaceBehavior [ RunTime:0.000000s ]
INFO: [ template_filter ] --END-- [ RunTime:0.000000s ]
INFO: Run Behavior\ParseTemplateBehavior [ RunTime:0.089005s ]
INFO: [ view_parse ] --END-- [ RunTime:0.089005s ]
INFO: [ view_filter ] --START--
INFO: Run Behavior\WriteHtmlCacheBehavior [ RunTime:0.030002s ]
INFO: [ view_filter ] --END-- [ RunTime:0.031002s ]
INFO: [ app_end ] --START--
INFO: Run Behavior\ShowPageTraceBehavior [ RunTime:0.004000s ]
INFO: [ app_end ] --END-- [ RunTime:0.004000s ]

[ 2018-05-14T00:28:40+08:00 ] 127.0.0.1 /index.php?m=Home&c=Public&a=login&t=0.28044045483497215
INFO: [ app_init ] --START--
INFO: Run Behavior\BuildLiteBehavior [ RunTime:0.000000s ]
INFO: [ app_init ] --END-- [ RunTime:0.000000s ]
INFO: [ app_begin ] --START--
INFO: Run Behavior\ReadHtmlCacheBehavior [ RunTime:0.001000s ]
INFO: [ app_begin ] --END-- [ RunTime:0.001000s ]
NOTIC: [8] Undefined index: home/public D:\phpStudy\WWW\foa\Application\Common\Common\function.php 第 64 行.
NOTIC: [8] Undefined index: home/public D:\phpStudy\WWW\foa\Application\Common\Common\function.php 第 65 行.
SQL: SHOW COLUMNS FROM `oa_system_config` [ RunTime:0.0100s ]
SQL: SELECT COUNT(*) AS tp_count FROM `oa_system_config` WHERE `code` = 'login_verify_code' LIMIT 1   [ RunTime:0.0010s ]
SQL: SELECT `val` FROM `oa_system_config` WHERE `code` = 'login_verify_code' LIMIT 1   [ RunTime:0.0000s ]
SQL: SHOW COLUMNS FROM `oa_user` [ RunTime:0.0270s ]
SQL: SELECT * FROM `oa_user` INNER JOIN oa_admin_role ON oa_user.role_id=oa_admin_role.role_id  WHERE `emp_no` = 'admin1' AND `password` = 'e00cf25ad42683b3df678c61f42c6bda' AND `is_del` = 0 LIMIT 1   [ RunTime:0.0312s ]
SQL: SHOW COLUMNS FROM `oa_user` [ RunTime:0.0156s ]
SQL: UPDATE `oa_user` SET `login_count`=login_count+1,`last_login_ip`='127.0.0.1' WHERE `id` = 11 [ RunTime:0.0000s ]

[ 2018-05-14T00:28:40+08:00 ] 127.0.0.1 /Home/Index/index
INFO: [ app_init ] --START--
INFO: Run Behavior\BuildLiteBehavior [ RunTime:0.000000s ]
INFO: [ app_init ] --END-- [ RunTime:0.000000s ]
INFO: [ app_begin ] --START--
INFO: Run Behavior\ReadHtmlCacheBehavior [ RunTime:0.000000s ]
INFO: [ app_begin ] --END-- [ RunTime:0.001000s ]
NOTIC: [8] Undefined index: home/index D:\phpStudy\WWW\foa\Application\Common\Common\function.php 第 64 行.
NOTIC: [8] Undefined index: home/index D:\phpStudy\WWW\foa\Application\Common\Common\function.php 第 65 行.
SQL: SHOW COLUMNS FROM `oa_user` [ RunTime:0.0090s ]
SQL: SELECT * FROM `oa_user` WHERE `id` = 11 LIMIT 1   [ RunTime:0.0000s ]
SQL: SHOW COLUMNS FROM `oa_system_menu` [ RunTime:0.0110s ]
NOTIC: [8] Undefined variable: role_right D:\phpStudy\WWW\foa\Application\Common\Common\function.php 第 7 行.
INFO: [ view_parse ] --START--
INFO: [ template_filter ] --START--
INFO: Run Behavior\ContentReplaceBehavior [ RunTime:0.000000s ]
INFO: [ template_filter ] --END-- [ RunTime:0.000000s ]
NOTIC: [8] Undefined variable: upgradeMsg D:\phpStudy\WWW\foa\Runtime\Cache\Home\2a94b8bda04ff446dcedd42276fc99ee.php 第 51 行.
NOTIC: [8] Undefined variable: upgradeMsg D:\phpStudy\WWW\foa\Runtime\Cache\Home\2a94b8bda04ff446dcedd42276fc99ee.php 第 54 行.
INFO: Run Behavior\ParseTemplateBehavior [ RunTime:0.069004s ]
INFO: [ view_parse ] --END-- [ RunTime:0.069004s ]
INFO: [ view_filter ] --START--
INFO: Run Behavior\WriteHtmlCacheBehavior [ RunTime:0.001000s ]
INFO: [ view_filter ] --END-- [ RunTime:0.001000s ]
INFO: [ app_end ] --START--
INFO: Run Behavior\ShowPageTraceBehavior [ RunTime:0.001000s ]
INFO: [ app_end ] --END-- [ RunTime:0.001000s ]

[ 2018-05-14T00:28:41+08:00 ] 127.0.0.1 /Home/Workorder/newwork
INFO: [ app_init ] --START--
INFO: Run Behavior\BuildLiteBehavior [ RunTime:0.000000s ]
INFO: [ app_init ] --END-- [ RunTime:0.001000s ]
INFO: [ app_begin ] --START--
INFO: Run Behavior\ReadHtmlCacheBehavior [ RunTime:0.001000s ]
INFO: [ app_begin ] --END-- [ RunTime:0.001000s ]
NOTIC: [8] Undefined variable: act D:\phpStudy\WWW\foa\Application\Home\Controller\BaseController.class.php 第 32 行.
NOTIC: [8] Undefined variable: act D:\phpStudy\WWW\foa\Application\Home\Controller\BaseController.class.php 第 32 行.
SQL: SHOW COLUMNS FROM `oa_system_menu` [ RunTime:0.0100s ]
SQL: SELECT `right` FROM `oa_system_menu` WHERE ( id in (3,4,5,6,39,62,63,64,65,66) )  [ RunTime:0.0260s ]
NOTIC: [8] Undefined variable: role_right D:\phpStudy\WWW\foa\Application\Home\Controller\BaseController.class.php 第 39 行.
INFO: [ view_parse ] --START--
INFO: [ template_filter ] --START--
INFO: Run Behavior\ContentReplaceBehavior [ RunTime:0.000000s ]
INFO: [ template_filter ] --END-- [ RunTime:0.000000s ]
INFO: Run Behavior\ParseTemplateBehavior [ RunTime:0.056003s ]
INFO: [ view_parse ] --END-- [ RunTime:0.056003s ]
INFO: [ view_filter ] --START--
INFO: Run Behavior\WriteHtmlCacheBehavior [ RunTime:0.001000s ]
INFO: [ view_filter ] --END-- [ RunTime:0.001000s ]
INFO: [ app_end ] --START--
INFO: Run Behavior\ShowPageTraceBehavior [ RunTime:0.002000s ]
INFO: [ app_end ] --END-- [ RunTime:0.002000s ]

[ 2018-05-14T00:28:46+08:00 ] 127.0.0.1 /index.php?m=Home&c=file&a=ajaxuploadfile
INFO: [ app_init ] --START--
INFO: Run Behavior\BuildLiteBehavior [ RunTime:0.000000s ]
INFO: [ app_init ] --END-- [ RunTime:0.002000s ]
INFO: [ app_begin ] --START--
INFO: Run Behavior\ReadHtmlCacheBehavior [ RunTime:0.003000s ]
INFO: [ app_begin ] --END-- [ RunTime:0.003000s ]
NOTIC: [8] Use of undefined constant UPLOAD_PATH - assumed 'UPLOAD_PATH' D:\phpStudy\WWW\foa\Application\Home\Controller\FileController.class.php 第 20 行.
NOTIC: [8] Use of undefined constant uniqid - assumed 'uniqid' D:\phpStudy\WWW\foa\Application\Home\Controller\FileController.class.php 第 25 行.
NOTIC: [2] call_user_func() expects parameter 1 to be a valid callback, no array or string given D:\phpStudy\WWW\foa\ThinkPHP\Library\Think\Upload.class.php 第 170 行.
NOTIC: [8] Use of undefined constant UPLOAD_PATH - assumed 'UPLOAD_PATH' D:\phpStudy\WWW\foa\ThinkPHP\Library\Think\Upload.class.php 第 209 行.
SQL: SHOW COLUMNS FROM `oa_file` [ RunTime:0.0830s ]
SQL: SHOW COLUMNS FROM `oa_file` [ RunTime:0.0260s ]
SQL: INSERT INTO `oa_file` (`file_url`,`file_name`,`file_size`,`file_pdf`) VALUES ('2018/05/14/5af867bde294a.docx','新建写作.docx','8549','2018/05/14/5af867bde294a.docx.pdf') [ RunTime:0.0140s ]

[ 2018-05-14T10:29:37+08:00 ] 127.0.0.1 /
INFO: [ app_init ] --START--
INFO: Run Behavior\BuildLiteBehavior [ RunTime:0.000000s ]
INFO: [ app_init ] --END-- [ RunTime:0.001001s ]
INFO: [ app_begin ] --START--
INFO: Run Behavior\ReadHtmlCacheBehavior [ RunTime:0.001000s ]
INFO: [ app_begin ] --END-- [ RunTime:0.001000s ]
NOTIC: [8] Undefined index: home/public D:\phpStudy\WWW\foa\Application\Common\Common\function.php 第 64 行.
NOTIC: [8] Undefined index: home/public D:\phpStudy\WWW\foa\Application\Common\Common\function.php 第 65 行.
SQL: SHOW COLUMNS FROM `oa_system_config` [ RunTime:0.0970s ]
SQL: SELECT COUNT(*) AS tp_count FROM `oa_system_config` WHERE `code` = 'login_verify_code' LIMIT 1   [ RunTime:0.0020s ]
SQL: SELECT `val` FROM `oa_system_config` WHERE `code` = 'login_verify_code' LIMIT 1   [ RunTime:0.0010s ]
INFO: [ view_parse ] --START--
INFO: [ template_filter ] --START--
INFO: Run Behavior\ContentReplaceBehavior [ RunTime:0.000000s ]
INFO: [ template_filter ] --END-- [ RunTime:0.000000s ]
INFO: Run Behavior\ParseTemplateBehavior [ RunTime:0.031002s ]
INFO: [ view_parse ] --END-- [ RunTime:0.031002s ]
INFO: [ view_filter ] --START--
INFO: Run Behavior\WriteHtmlCacheBehavior [ RunTime:0.001000s ]
INFO: [ view_filter ] --END-- [ RunTime:0.001000s ]
INFO: [ app_end ] --START--
INFO: Run Behavior\ShowPageTraceBehavior [ RunTime:0.001000s ]
INFO: [ app_end ] --END-- [ RunTime:0.001000s ]

[ 2018-05-14T10:29:38+08:00 ] 127.0.0.1 HTTP://www.xiaoxiaominghuifei312.com/
INFO: [ app_init ] --START--
INFO: Run Behavior\BuildLiteBehavior [ RunTime:0.000000s ]
INFO: [ app_init ] --END-- [ RunTime:0.001000s ]
INFO: [ app_begin ] --START--
INFO: Run Behavior\ReadHtmlCacheBehavior [ RunTime:0.000000s ]
INFO: [ app_begin ] --END-- [ RunTime:0.000000s ]
NOTIC: [8] Undefined index: home/public D:\phpStudy\WWW\foa\Application\Common\Common\function.php 第 64 行.
NOTIC: [8] Undefined index: home/public D:\phpStudy\WWW\foa\Application\Common\Common\function.php 第 65 行.
SQL: SHOW COLUMNS FROM `oa_system_config` [ RunTime:0.0110s ]
SQL: SELECT COUNT(*) AS tp_count FROM `oa_system_config` WHERE `code` = 'login_verify_code' LIMIT 1   [ RunTime:0.0000s ]
SQL: SELECT `val` FROM `oa_system_config` WHERE `code` = 'login_verify_code' LIMIT 1   [ RunTime:0.0000s ]
INFO: [ view_parse ] --START--
INFO: [ template_filter ] --START--
INFO: Run Behavior\ContentReplaceBehavior [ RunTime:0.000000s ]
INFO: [ template_filter ] --END-- [ RunTime:0.000000s ]
INFO: Run Behavior\ParseTemplateBehavior [ RunTime:0.009001s ]
INFO: [ view_parse ] --END-- [ RunTime:0.009001s ]
INFO: [ view_filter ] --START--
INFO: Run Behavior\WriteHtmlCacheBehavior [ RunTime:0.000000s ]
INFO: [ view_filter ] --END-- [ RunTime:0.000000s ]
INFO: [ app_end ] --START--
INFO: Run Behavior\ShowPageTraceBehavior [ RunTime:0.000000s ]
INFO: [ app_end ] --END-- [ RunTime:0.000000s ]

