[ 2018-05-18T11:38:35+08:00 ] 127.0.0.1 /
INFO: [ app_init ] --START--
INFO: Run Behavior\BuildLiteBehavior [ RunTime:0.000000s ]
INFO: [ app_init ] --END-- [ RunTime:0.002000s ]
INFO: [ app_begin ] --START--
INFO: Run Behavior\ReadHtmlCacheBehavior [ RunTime:0.031002s ]
INFO: [ app_begin ] --END-- [ RunTime:0.031002s ]
NOTIC: [8] Undefined index: home/public D:\phpStudy\WWW\foa\Application\Common\Common\function.php 第 64 行.
NOTIC: [8] Undefined index: home/public D:\phpStudy\WWW\foa\Application\Common\Common\function.php 第 65 行.
SQL: SHOW COLUMNS FROM `oa_system_config` [ RunTime:0.0340s ]
SQL: SELECT COUNT(*) AS tp_count FROM `oa_system_config` WHERE `code` = 'login_verify_code' LIMIT 1   [ RunTime:0.0010s ]
SQL: SELECT `val` FROM `oa_system_config` WHERE `code` = 'login_verify_code' LIMIT 1   [ RunTime:0.0000s ]
INFO: [ view_parse ] --START--
INFO: [ template_filter ] --START--
INFO: Run Behavior\ContentReplaceBehavior [ RunTime:0.000000s ]
INFO: [ template_filter ] --END-- [ RunTime:0.000000s ]
INFO: Run Behavior\ParseTemplateBehavior [ RunTime:0.116007s ]
INFO: [ view_parse ] --END-- [ RunTime:0.116007s ]
INFO: [ view_filter ] --START--
INFO: Run Behavior\WriteHtmlCacheBehavior [ RunTime:0.024001s ]
INFO: [ view_filter ] --END-- [ RunTime:0.024001s ]
INFO: [ app_end ] --START--
INFO: Run Behavior\ShowPageTraceBehavior [ RunTime:0.010001s ]
INFO: [ app_end ] --END-- [ RunTime:0.010001s ]

[ 2018-05-18T11:38:40+08:00 ] 127.0.0.1 /index.php?m=Home&c=Public&a=login&t=0.6479093402857985
INFO: [ app_init ] --START--
INFO: Run Behavior\BuildLiteBehavior [ RunTime:0.000000s ]
INFO: [ app_init ] --END-- [ RunTime:0.000000s ]
INFO: [ app_begin ] --START--
INFO: Run Behavior\ReadHtmlCacheBehavior [ RunTime:0.001000s ]
INFO: [ app_begin ] --END-- [ RunTime:0.001000s ]
NOTIC: [8] Undefined index: home/public D:\phpStudy\WWW\foa\Application\Common\Common\function.php 第 64 行.
NOTIC: [8] Undefined index: home/public D:\phpStudy\WWW\foa\Application\Common\Common\function.php 第 65 行.
SQL: SHOW COLUMNS FROM `oa_system_config` [ RunTime:0.0090s ]
SQL: SELECT COUNT(*) AS tp_count FROM `oa_system_config` WHERE `code` = 'login_verify_code' LIMIT 1   [ RunTime:0.0000s ]
SQL: SELECT `val` FROM `oa_system_config` WHERE `code` = 'login_verify_code' LIMIT 1   [ RunTime:0.0010s ]
SQL: SHOW COLUMNS FROM `oa_user` [ RunTime:0.0100s ]
SQL: SELECT * FROM `oa_user` INNER JOIN oa_admin_role ON oa_user.role_id=oa_admin_role.role_id  WHERE `emp_no` = 'admin1' AND `password` = 'e00cf25ad42683b3df678c61f42c6bda' AND `is_del` = 0 LIMIT 1   [ RunTime:0.0010s ]
SQL: SHOW COLUMNS FROM `oa_user` [ RunTime:0.0090s ]
SQL: UPDATE `oa_user` SET `login_count`=login_count+1,`last_login_ip`='127.0.0.1' WHERE `id` = 11 [ RunTime:0.0010s ]

[ 2018-05-18T11:38:41+08:00 ] 127.0.0.1 /Home/Index/index
INFO: [ app_init ] --START--
INFO: Run Behavior\BuildLiteBehavior [ RunTime:0.000000s ]
INFO: [ app_init ] --END-- [ RunTime:0.001000s ]
INFO: [ app_begin ] --START--
INFO: Run Behavior\ReadHtmlCacheBehavior [ RunTime:0.002000s ]
INFO: [ app_begin ] --END-- [ RunTime:0.002000s ]
NOTIC: [8] Undefined index: home/index D:\phpStudy\WWW\foa\Application\Common\Common\function.php 第 64 行.
NOTIC: [8] Undefined index: home/index D:\phpStudy\WWW\foa\Application\Common\Common\function.php 第 65 行.
SQL: SHOW COLUMNS FROM `oa_user` [ RunTime:0.0100s ]
SQL: SELECT * FROM `oa_user` WHERE `id` = 11 LIMIT 1   [ RunTime:0.0010s ]
SQL: SHOW COLUMNS FROM `oa_system_menu` [ RunTime:0.0100s ]
NOTIC: [8] Undefined variable: role_right D:\phpStudy\WWW\foa\Application\Common\Common\function.php 第 7 行.
INFO: [ view_parse ] --START--
INFO: [ template_filter ] --START--
INFO: Run Behavior\ContentReplaceBehavior [ RunTime:0.000000s ]
INFO: [ template_filter ] --END-- [ RunTime:0.000000s ]
NOTIC: [8] Undefined variable: upgradeMsg D:\phpStudy\WWW\foa\Runtime\Cache\Home\2a94b8bda04ff446dcedd42276fc99ee.php 第 51 行.
NOTIC: [8] Undefined variable: upgradeMsg D:\phpStudy\WWW\foa\Runtime\Cache\Home\2a94b8bda04ff446dcedd42276fc99ee.php 第 54 行.
INFO: Run Behavior\ParseTemplateBehavior [ RunTime:0.079004s ]
INFO: [ view_parse ] --END-- [ RunTime:0.079004s ]
INFO: [ view_filter ] --START--
INFO: Run Behavior\WriteHtmlCacheBehavior [ RunTime:0.002000s ]
INFO: [ view_filter ] --END-- [ RunTime:0.002000s ]
INFO: [ app_end ] --START--
INFO: Run Behavior\ShowPageTraceBehavior [ RunTime:0.002000s ]
INFO: [ app_end ] --END-- [ RunTime:0.002000s ]

[ 2018-05-18T11:38:41+08:00 ] 127.0.0.1 /Home/Workorder/newwork
INFO: [ app_init ] --START--
INFO: Run Behavior\BuildLiteBehavior [ RunTime:0.000000s ]
INFO: [ app_init ] --END-- [ RunTime:0.001000s ]
INFO: [ app_begin ] --START--
INFO: Run Behavior\ReadHtmlCacheBehavior [ RunTime:0.002000s ]
INFO: [ app_begin ] --END-- [ RunTime:0.002000s ]
NOTIC: [8] Undefined variable: act D:\phpStudy\WWW\foa\Application\Home\Controller\BaseController.class.php 第 32 行.
NOTIC: [8] Undefined variable: act D:\phpStudy\WWW\foa\Application\Home\Controller\BaseController.class.php 第 32 行.
SQL: SHOW COLUMNS FROM `oa_system_menu` [ RunTime:0.0130s ]
SQL: SELECT `right` FROM `oa_system_menu` WHERE ( id in (3,4,5,6,39,62,63,64,65,66) )  [ RunTime:0.0160s ]
NOTIC: [8] Undefined variable: role_right D:\phpStudy\WWW\foa\Application\Home\Controller\BaseController.class.php 第 39 行.
INFO: [ view_parse ] --START--
INFO: [ template_filter ] --START--
INFO: Run Behavior\ContentReplaceBehavior [ RunTime:0.000000s ]
INFO: [ template_filter ] --END-- [ RunTime:0.000000s ]
INFO: Run Behavior\ParseTemplateBehavior [ RunTime:0.074004s ]
INFO: [ view_parse ] --END-- [ RunTime:0.074004s ]
INFO: [ view_filter ] --START--
INFO: Run Behavior\WriteHtmlCacheBehavior [ RunTime:0.001000s ]
INFO: [ view_filter ] --END-- [ RunTime:0.001000s ]
INFO: [ app_end ] --START--
INFO: Run Behavior\ShowPageTraceBehavior [ RunTime:0.001000s ]
INFO: [ app_end ] --END-- [ RunTime:0.001000s ]

[ 2018-05-18T11:38:43+08:00 ] 127.0.0.1 /Home/Manager/user.html
INFO: [ app_init ] --START--
INFO: Run Behavior\BuildLiteBehavior [ RunTime:0.000000s ]
INFO: [ app_init ] --END-- [ RunTime:0.000000s ]
INFO: [ app_begin ] --START--
INFO: Run Behavior\ReadHtmlCacheBehavior [ RunTime:0.001000s ]
INFO: [ app_begin ] --END-- [ RunTime:0.001000s ]
NOTIC: [8] Undefined variable: act D:\phpStudy\WWW\foa\Application\Home\Controller\BaseController.class.php 第 32 行.
NOTIC: [8] Undefined variable: act D:\phpStudy\WWW\foa\Application\Home\Controller\BaseController.class.php 第 32 行.
SQL: SHOW COLUMNS FROM `oa_system_menu` [ RunTime:0.0090s ]
SQL: SELECT `right` FROM `oa_system_menu` WHERE ( id in (3,4,5,6,39,62,63,64,65,66) )  [ RunTime:0.0000s ]
NOTIC: [8] Undefined variable: role_right D:\phpStudy\WWW\foa\Application\Home\Controller\BaseController.class.php 第 39 行.
SQL: SHOW COLUMNS FROM `oa_user` [ RunTime:0.0110s ]
SQL: SELECT * FROM oa_user AS a LEFT JOIN oa_admin_role AS b ON a.role_id=b.role_id WHERE a.id>1 [ RunTime:0.0010s ]
INFO: [ view_parse ] --START--
INFO: [ template_filter ] --START--
INFO: Run Behavior\ContentReplaceBehavior [ RunTime:0.000000s ]
INFO: [ template_filter ] --END-- [ RunTime:0.000000s ]
INFO: Run Behavior\ParseTemplateBehavior [ RunTime:0.074005s ]
INFO: [ view_parse ] --END-- [ RunTime:0.074005s ]
INFO: [ view_filter ] --START--
INFO: Run Behavior\WriteHtmlCacheBehavior [ RunTime:0.001000s ]
INFO: [ view_filter ] --END-- [ RunTime:0.001000s ]
INFO: [ app_end ] --START--
INFO: Run Behavior\ShowPageTraceBehavior [ RunTime:0.003000s ]
INFO: [ app_end ] --END-- [ RunTime:0.003000s ]

[ 2018-05-18T11:38:46+08:00 ] 127.0.0.1 /Home/Manager/userhandle.html
INFO: [ app_init ] --START--
INFO: Run Behavior\BuildLiteBehavior [ RunTime:0.000000s ]
INFO: [ app_init ] --END-- [ RunTime:0.001000s ]
INFO: [ app_begin ] --START--
INFO: Run Behavior\ReadHtmlCacheBehavior [ RunTime:0.001000s ]
INFO: [ app_begin ] --END-- [ RunTime:0.001000s ]
NOTIC: [8] Undefined variable: act D:\phpStudy\WWW\foa\Application\Home\Controller\BaseController.class.php 第 32 行.
NOTIC: [8] Undefined variable: act D:\phpStudy\WWW\foa\Application\Home\Controller\BaseController.class.php 第 32 行.
SQL: SHOW COLUMNS FROM `oa_system_menu` [ RunTime:0.0100s ]
SQL: SELECT `right` FROM `oa_system_menu` WHERE ( id in (3,4,5,6,39,62,63,64,65,66) )  [ RunTime:0.0010s ]
NOTIC: [8] Undefined variable: role_right D:\phpStudy\WWW\foa\Application\Home\Controller\BaseController.class.php 第 39 行.
SQL: SHOW COLUMNS FROM `oa_admin_role` [ RunTime:0.0090s ]
SQL: SELECT * FROM `oa_admin_role` WHERE ( role_id>1 )  [ RunTime:0.0000s ]
INFO: [ view_parse ] --START--
INFO: [ template_filter ] --START--
INFO: Run Behavior\ContentReplaceBehavior [ RunTime:0.000000s ]
INFO: [ template_filter ] --END-- [ RunTime:0.000000s ]
NOTIC: [8] Undefined index: name D:\phpStudy\WWW\foa\Runtime\Cache\Home\512c3ae78542ae06b794fafb3e0d6c34.php 第 106 行.
NOTIC: [8] Undefined index: emp_no D:\phpStudy\WWW\foa\Runtime\Cache\Home\512c3ae78542ae06b794fafb3e0d6c34.php 第 123 行.
NOTIC: [8] Undefined variable: vo D:\phpStudy\WWW\foa\Runtime\Cache\Home\512c3ae78542ae06b794fafb3e0d6c34.php 第 143 行.
NOTIC: [8] Undefined index: role_id D:\phpStudy\WWW\foa\Runtime\Cache\Home\512c3ae78542ae06b794fafb3e0d6c34.php 第 151 行.
NOTIC: [8] Undefined index: role_id D:\phpStudy\WWW\foa\Runtime\Cache\Home\512c3ae78542ae06b794fafb3e0d6c34.php 第 151 行.
NOTIC: [8] Undefined index: user_id D:\phpStudy\WWW\foa\Runtime\Cache\Home\512c3ae78542ae06b794fafb3e0d6c34.php 第 159 行.
INFO: Run Behavior\ParseTemplateBehavior [ RunTime:0.042002s ]
INFO: [ view_parse ] --END-- [ RunTime:0.042002s ]
INFO: [ view_filter ] --START--
INFO: Run Behavior\WriteHtmlCacheBehavior [ RunTime:0.000000s ]
INFO: [ view_filter ] --END-- [ RunTime:0.000000s ]
INFO: [ app_end ] --START--
INFO: Run Behavior\ShowPageTraceBehavior [ RunTime:0.000000s ]
INFO: [ app_end ] --END-- [ RunTime:0.000000s ]

[ 2018-05-18T11:38:50+08:00 ] 127.0.0.1 /Home/Manager/userhandle.html
INFO: [ app_init ] --START--
INFO: Run Behavior\BuildLiteBehavior [ RunTime:0.000000s ]
INFO: [ app_init ] --END-- [ RunTime:0.001000s ]
INFO: [ app_begin ] --START--
INFO: Run Behavior\ReadHtmlCacheBehavior [ RunTime:0.001000s ]
INFO: [ app_begin ] --END-- [ RunTime:0.001000s ]
NOTIC: [8] Undefined variable: act D:\phpStudy\WWW\foa\Application\Home\Controller\BaseController.class.php 第 32 行.
NOTIC: [8] Undefined variable: act D:\phpStudy\WWW\foa\Application\Home\Controller\BaseController.class.php 第 32 行.
SQL: SHOW COLUMNS FROM `oa_system_menu` [ RunTime:0.0110s ]
SQL: SELECT `right` FROM `oa_system_menu` WHERE ( id in (3,4,5,6,39,62,63,64,65,66) )  [ RunTime:0.0010s ]
NOTIC: [8] Undefined variable: role_right D:\phpStudy\WWW\foa\Application\Home\Controller\BaseController.class.php 第 39 行.
SQL: SHOW COLUMNS FROM `oa_admin_role` [ RunTime:0.0110s ]
SQL: SELECT * FROM `oa_admin_role` WHERE ( role_id>1 )  [ RunTime:0.0010s ]
SQL: SHOW COLUMNS FROM `oa_user` [ RunTime:0.0100s ]
SQL: SELECT * FROM `oa_user` WHERE `emp_no` = '1' LIMIT 1   [ RunTime:0.0010s ]
SQL: SHOW COLUMNS FROM `oa_user` [ RunTime:0.0100s ]
SQL: INSERT INTO `oa_user` (`name`,`emp_no`,`password`,`role_id`,`create_time`) VALUES ('1','1','c4ca4238a0b923820dcc509a6f75849b','6','1526614730') [ RunTime:0.0020s ]
INFO: [ view_parse ] --START--
INFO: [ template_filter ] --START--
INFO: Run Behavior\ContentReplaceBehavior [ RunTime:0.000000s ]
INFO: [ template_filter ] --END-- [ RunTime:0.000000s ]
INFO: Run Behavior\ParseTemplateBehavior [ RunTime:0.026002s ]
INFO: [ view_parse ] --END-- [ RunTime:0.026002s ]
INFO: [ view_filter ] --START--
INFO: Run Behavior\WriteHtmlCacheBehavior [ RunTime:0.001000s ]
INFO: [ view_filter ] --END-- [ RunTime:0.001000s ]

[ 2018-05-18T11:38:51+08:00 ] 127.0.0.1 /Home/Manager/user.html
INFO: [ app_init ] --START--
INFO: Run Behavior\BuildLiteBehavior [ RunTime:0.000000s ]
INFO: [ app_init ] --END-- [ RunTime:0.001000s ]
INFO: [ app_begin ] --START--
INFO: Run Behavior\ReadHtmlCacheBehavior [ RunTime:0.001000s ]
INFO: [ app_begin ] --END-- [ RunTime:0.001000s ]
NOTIC: [8] Undefined variable: act D:\phpStudy\WWW\foa\Application\Home\Controller\BaseController.class.php 第 32 行.
NOTIC: [8] Undefined variable: act D:\phpStudy\WWW\foa\Application\Home\Controller\BaseController.class.php 第 32 行.
SQL: SHOW COLUMNS FROM `oa_system_menu` [ RunTime:0.0100s ]
SQL: SELECT `right` FROM `oa_system_menu` WHERE ( id in (3,4,5,6,39,62,63,64,65,66) )  [ RunTime:0.0000s ]
NOTIC: [8] Undefined variable: role_right D:\phpStudy\WWW\foa\Application\Home\Controller\BaseController.class.php 第 39 行.
SQL: SHOW COLUMNS FROM `oa_user` [ RunTime:0.0100s ]
SQL: SELECT * FROM oa_user AS a LEFT JOIN oa_admin_role AS b ON a.role_id=b.role_id WHERE a.id>1 [ RunTime:0.0010s ]
INFO: [ view_parse ] --START--
INFO: [ template_filter ] --START--
INFO: Run Behavior\ContentReplaceBehavior [ RunTime:0.000000s ]
INFO: [ template_filter ] --END-- [ RunTime:0.000000s ]
INFO: Run Behavior\ParseTemplateBehavior [ RunTime:0.012000s ]
INFO: [ view_parse ] --END-- [ RunTime:0.012000s ]
INFO: [ view_filter ] --START--
INFO: Run Behavior\WriteHtmlCacheBehavior [ RunTime:0.001000s ]
INFO: [ view_filter ] --END-- [ RunTime:0.001000s ]
INFO: [ app_end ] --START--
INFO: Run Behavior\ShowPageTraceBehavior [ RunTime:0.001001s ]
INFO: [ app_end ] --END-- [ RunTime:0.001001s ]

[ 2018-05-18T11:39:04+08:00 ] 127.0.0.1 /Home/Manager/user.html
INFO: [ app_init ] --START--
INFO: Run Behavior\BuildLiteBehavior [ RunTime:0.000000s ]
INFO: [ app_init ] --END-- [ RunTime:0.000000s ]
INFO: [ app_begin ] --START--
INFO: Run Behavior\ReadHtmlCacheBehavior [ RunTime:0.000000s ]
INFO: [ app_begin ] --END-- [ RunTime:0.000000s ]
NOTIC: [8] Undefined variable: act D:\phpStudy\WWW\foa\Application\Home\Controller\BaseController.class.php 第 32 行.
NOTIC: [8] Undefined variable: act D:\phpStudy\WWW\foa\Application\Home\Controller\BaseController.class.php 第 32 行.
SQL: SHOW COLUMNS FROM `oa_system_menu` [ RunTime:0.0090s ]
SQL: SELECT `right` FROM `oa_system_menu` WHERE ( id in (3,4,5,6,39,62,63,64,65,66) )  [ RunTime:0.0010s ]
NOTIC: [8] Undefined variable: role_right D:\phpStudy\WWW\foa\Application\Home\Controller\BaseController.class.php 第 39 行.
SQL: SHOW COLUMNS FROM `oa_user` [ RunTime:0.0090s ]
SQL: SELECT * FROM oa_user AS a LEFT JOIN oa_admin_role AS b ON a.role_id=b.role_id WHERE a.id>1 [ RunTime:0.0010s ]
INFO: [ view_parse ] --START--
INFO: [ template_filter ] --START--
INFO: Run Behavior\ContentReplaceBehavior [ RunTime:0.000000s ]
INFO: [ template_filter ] --END-- [ RunTime:0.000000s ]
INFO: Run Behavior\ParseTemplateBehavior [ RunTime:0.013001s ]
INFO: [ view_parse ] --END-- [ RunTime:0.013001s ]
INFO: [ view_filter ] --START--
INFO: Run Behavior\WriteHtmlCacheBehavior [ RunTime:0.000000s ]
INFO: [ view_filter ] --END-- [ RunTime:0.000000s ]
INFO: [ app_end ] --START--
INFO: Run Behavior\ShowPageTraceBehavior [ RunTime:0.000000s ]
INFO: [ app_end ] --END-- [ RunTime:0.000000s ]

[ 2018-05-18T11:39:10+08:00 ] 127.0.0.1 /Home/Manager/user.html
INFO: [ app_init ] --START--
INFO: Run Behavior\BuildLiteBehavior [ RunTime:0.000000s ]
INFO: [ app_init ] --END-- [ RunTime:0.001000s ]
INFO: [ app_begin ] --START--
INFO: Run Behavior\ReadHtmlCacheBehavior [ RunTime:0.001000s ]
INFO: [ app_begin ] --END-- [ RunTime:0.001000s ]
NOTIC: [8] Undefined variable: act D:\phpStudy\WWW\foa\Application\Home\Controller\BaseController.class.php 第 32 行.
NOTIC: [8] Undefined variable: act D:\phpStudy\WWW\foa\Application\Home\Controller\BaseController.class.php 第 32 行.
SQL: SHOW COLUMNS FROM `oa_system_menu` [ RunTime:0.0100s ]
SQL: SELECT `right` FROM `oa_system_menu` WHERE ( id in (3,4,5,6,39,62,63,64,65,66) )  [ RunTime:0.0010s ]
NOTIC: [8] Undefined variable: role_right D:\phpStudy\WWW\foa\Application\Home\Controller\BaseController.class.php 第 39 行.
SQL: SHOW COLUMNS FROM `oa_user` [ RunTime:0.0100s ]
SQL: SELECT * FROM oa_user AS a LEFT JOIN oa_admin_role AS b ON a.role_id=b.role_id WHERE a.id>1 [ RunTime:0.0010s ]
INFO: [ view_parse ] --START--
INFO: [ template_filter ] --START--
INFO: Run Behavior\ContentReplaceBehavior [ RunTime:0.000000s ]
INFO: [ template_filter ] --END-- [ RunTime:0.000000s ]
INFO: Run Behavior\ParseTemplateBehavior [ RunTime:0.012000s ]
INFO: [ view_parse ] --END-- [ RunTime:0.012000s ]
INFO: [ view_filter ] --START--
INFO: Run Behavior\WriteHtmlCacheBehavior [ RunTime:0.000000s ]
INFO: [ view_filter ] --END-- [ RunTime:0.000000s ]
INFO: [ app_end ] --START--
INFO: Run Behavior\ShowPageTraceBehavior [ RunTime:0.001000s ]
INFO: [ app_end ] --END-- [ RunTime:0.001000s ]

[ 2018-05-18T11:40:56+08:00 ] 127.0.0.1 /Home/Workorder/newwork.html
INFO: [ app_init ] --START--
INFO: Run Behavior\BuildLiteBehavior [ RunTime:0.000000s ]
INFO: [ app_init ] --END-- [ RunTime:0.000000s ]
INFO: [ app_begin ] --START--
INFO: Run Behavior\ReadHtmlCacheBehavior [ RunTime:0.002000s ]
INFO: [ app_begin ] --END-- [ RunTime:0.002000s ]
NOTIC: [8] Undefined variable: act D:\phpStudy\WWW\foa\Application\Home\Controller\BaseController.class.php 第 32 行.
NOTIC: [8] Undefined variable: act D:\phpStudy\WWW\foa\Application\Home\Controller\BaseController.class.php 第 32 行.
SQL: SHOW COLUMNS FROM `oa_system_menu` [ RunTime:0.0100s ]
SQL: SELECT `right` FROM `oa_system_menu` WHERE ( id in (3,4,5,6,39,62,63,64,65,66) )  [ RunTime:0.0000s ]
NOTIC: [8] Undefined variable: role_right D:\phpStudy\WWW\foa\Application\Home\Controller\BaseController.class.php 第 39 行.
INFO: [ view_parse ] --START--
INFO: [ template_filter ] --START--
INFO: Run Behavior\ContentReplaceBehavior [ RunTime:0.001000s ]
INFO: [ template_filter ] --END-- [ RunTime:0.001000s ]
INFO: Run Behavior\ParseTemplateBehavior [ RunTime:0.012000s ]
INFO: [ view_parse ] --END-- [ RunTime:0.013000s ]
INFO: [ view_filter ] --START--
INFO: Run Behavior\WriteHtmlCacheBehavior [ RunTime:0.001000s ]
INFO: [ view_filter ] --END-- [ RunTime:0.001000s ]
INFO: [ app_end ] --START--
INFO: Run Behavior\ShowPageTraceBehavior [ RunTime:0.001000s ]
INFO: [ app_end ] --END-- [ RunTime:0.001000s ]

[ 2018-05-18T11:40:57+08:00 ] 127.0.0.1 /Home/Workorder/allwork.html
INFO: [ app_init ] --START--
INFO: Run Behavior\BuildLiteBehavior [ RunTime:0.000000s ]
INFO: [ app_init ] --END-- [ RunTime:0.000000s ]
INFO: [ app_begin ] --START--
INFO: Run Behavior\ReadHtmlCacheBehavior [ RunTime:0.000000s ]
INFO: [ app_begin ] --END-- [ RunTime:0.000000s ]
NOTIC: [8] Undefined variable: act D:\phpStudy\WWW\foa\Application\Home\Controller\BaseController.class.php 第 32 行.
NOTIC: [8] Undefined variable: act D:\phpStudy\WWW\foa\Application\Home\Controller\BaseController.class.php 第 32 行.
SQL: SHOW COLUMNS FROM `oa_system_menu` [ RunTime:0.0090s ]
SQL: SELECT `right` FROM `oa_system_menu` WHERE ( id in (3,4,5,6,39,62,63,64,65,66) )  [ RunTime:0.0010s ]
NOTIC: [8] Undefined variable: role_right D:\phpStudy\WWW\foa\Application\Home\Controller\BaseController.class.php 第 39 行.
NOTIC: [8] Undefined index: p D:\phpStudy\WWW\foa\Application\Home\Controller\WorkorderController.class.php 第 55 行.
NOTIC: [8] Undefined index: pagesize D:\phpStudy\WWW\foa\Application\Home\Controller\WorkorderController.class.php 第 57 行.
SQL: SHOW COLUMNS FROM `oa_workorder` [ RunTime:0.0270s ]
NOTIC: [8] Undefined index: status D:\phpStudy\WWW\foa\Application\Home\Controller\WorkorderController.class.php 第 60 行.
NOTIC: [8] Undefined index: rank D:\phpStudy\WWW\foa\Application\Home\Controller\WorkorderController.class.php 第 60 行.
NOTIC: [8] Undefined index: leibie D:\phpStudy\WWW\foa\Application\Home\Controller\WorkorderController.class.php 第 60 行.
SQL: SELECT * FROM `oa_workorder` WHERE ( del=1 ) ORDER BY id desc LIMIT 0,8   [ RunTime:0.0020s ]
NOTIC: [8] Undefined index: status D:\phpStudy\WWW\foa\Application\Home\Controller\WorkorderController.class.php 第 62 行.
NOTIC: [8] Undefined index: rank D:\phpStudy\WWW\foa\Application\Home\Controller\WorkorderController.class.php 第 62 行.
NOTIC: [8] Undefined index: leibie D:\phpStudy\WWW\foa\Application\Home\Controller\WorkorderController.class.php 第 62 行.
SQL: SELECT COUNT(*) AS tp_count FROM `oa_workorder` WHERE ( del=1 ) LIMIT 1   [ RunTime:0.0010s ]
INFO: [ view_parse ] --START--
INFO: [ template_filter ] --START--
INFO: Run Behavior\ContentReplaceBehavior [ RunTime:0.000000s ]
INFO: [ template_filter ] --END-- [ RunTime:0.000000s ]
NOTIC: [8] Use of undefined constant status - assumed 'status' D:\phpStudy\WWW\foa\Runtime\Cache\Home\652a16d706060306d5bb21c219187f3b.php 第 108 行.
NOTIC: [8] Undefined index: status D:\phpStudy\WWW\foa\Runtime\Cache\Home\652a16d706060306d5bb21c219187f3b.php 第 108 行.
NOTIC: [8] Use of undefined constant status - assumed 'status' D:\phpStudy\WWW\foa\Runtime\Cache\Home\652a16d706060306d5bb21c219187f3b.php 第 109 行.
NOTIC: [8] Undefined index: status D:\phpStudy\WWW\foa\Runtime\Cache\Home\652a16d706060306d5bb21c219187f3b.php 第 109 行.
NOTIC: [8] Use of undefined constant status - assumed 'status' D:\phpStudy\WWW\foa\Runtime\Cache\Home\652a16d706060306d5bb21c219187f3b.php 第 110 行.
NOTIC: [8] Undefined index: status D:\phpStudy\WWW\foa\Runtime\Cache\Home\652a16d706060306d5bb21c219187f3b.php 第 110 行.
NOTIC: [8] Use of undefined constant status - assumed 'status' D:\phpStudy\WWW\foa\Runtime\Cache\Home\652a16d706060306d5bb21c219187f3b.php 第 111 行.
NOTIC: [8] Undefined index: status D:\phpStudy\WWW\foa\Runtime\Cache\Home\652a16d706060306d5bb21c219187f3b.php 第 111 行.
NOTIC: [8] Use of undefined constant rank - assumed 'rank' D:\phpStudy\WWW\foa\Runtime\Cache\Home\652a16d706060306d5bb21c219187f3b.php 第 117 行.
NOTIC: [8] Undefined index: rank D:\phpStudy\WWW\foa\Runtime\Cache\Home\652a16d706060306d5bb21c219187f3b.php 第 117 行.
NOTIC: [8] Use of undefined constant rank - assumed 'rank' D:\phpStudy\WWW\foa\Runtime\Cache\Home\652a16d706060306d5bb21c219187f3b.php 第 118 行.
NOTIC: [8] Undefined index: rank D:\phpStudy\WWW\foa\Runtime\Cache\Home\652a16d706060306d5bb21c219187f3b.php 第 118 行.
NOTIC: [8] Use of undefined constant rank - assumed 'rank' D:\phpStudy\WWW\foa\Runtime\Cache\Home\652a16d706060306d5bb21c219187f3b.php 第 119 行.
NOTIC: [8] Undefined index: rank D:\phpStudy\WWW\foa\Runtime\Cache\Home\652a16d706060306d5bb21c219187f3b.php 第 119 行.
NOTIC: [8] Use of undefined constant rank - assumed 'rank' D:\phpStudy\WWW\foa\Runtime\Cache\Home\652a16d706060306d5bb21c219187f3b.php 第 120 行.
NOTIC: [8] Undefined index: rank D:\phpStudy\WWW\foa\Runtime\Cache\Home\652a16d706060306d5bb21c219187f3b.php 第 120 行.
NOTIC: [8] Use of undefined constant leibie - assumed 'leibie' D:\phpStudy\WWW\foa\Runtime\Cache\Home\652a16d706060306d5bb21c219187f3b.php 第 126 行.
NOTIC: [8] Undefined index: leibie D:\phpStudy\WWW\foa\Runtime\Cache\Home\652a16d706060306d5bb21c219187f3b.php 第 126 行.
NOTIC: [8] Use of undefined constant leibie - assumed 'leibie' D:\phpStudy\WWW\foa\Runtime\Cache\Home\652a16d706060306d5bb21c219187f3b.php 第 127 行.
NOTIC: [8] Undefined index: leibie D:\phpStudy\WWW\foa\Runtime\Cache\Home\652a16d706060306d5bb21c219187f3b.php 第 127 行.
NOTIC: [8] Use of undefined constant leibie - assumed 'leibie' D:\phpStudy\WWW\foa\Runtime\Cache\Home\652a16d706060306d5bb21c219187f3b.php 第 128 行.
NOTIC: [8] Undefined index: leibie D:\phpStudy\WWW\foa\Runtime\Cache\Home\652a16d706060306d5bb21c219187f3b.php 第 128 行.
INFO: Run Behavior\ParseTemplateBehavior [ RunTime:0.074004s ]
INFO: [ view_parse ] --END-- [ RunTime:0.074004s ]
INFO: [ view_filter ] --START--
INFO: Run Behavior\WriteHtmlCacheBehavior [ RunTime:0.001000s ]
INFO: [ view_filter ] --END-- [ RunTime:0.001000s ]
INFO: [ app_end ] --START--
INFO: Run Behavior\ShowPageTraceBehavior [ RunTime:0.002000s ]
INFO: [ app_end ] --END-- [ RunTime:0.002000s ]

[ 2018-05-18T11:40:58+08:00 ] 127.0.0.1 /Home/Mywork/waittingreply.html
INFO: [ app_init ] --START--
INFO: Run Behavior\BuildLiteBehavior [ RunTime:0.000000s ]
INFO: [ app_init ] --END-- [ RunTime:0.000000s ]
INFO: [ app_begin ] --START--
INFO: Run Behavior\ReadHtmlCacheBehavior [ RunTime:0.000000s ]
INFO: [ app_begin ] --END-- [ RunTime:0.000000s ]
NOTIC: [8] Undefined variable: act D:\phpStudy\WWW\foa\Application\Home\Controller\BaseController.class.php 第 32 行.
NOTIC: [8] Undefined variable: act D:\phpStudy\WWW\foa\Application\Home\Controller\BaseController.class.php 第 32 行.
SQL: SHOW COLUMNS FROM `oa_system_menu` [ RunTime:0.0120s ]
SQL: SELECT `right` FROM `oa_system_menu` WHERE ( id in (3,4,5,6,39,62,63,64,65,66) )  [ RunTime:0.0010s ]
NOTIC: [8] Undefined variable: role_right D:\phpStudy\WWW\foa\Application\Home\Controller\BaseController.class.php 第 39 行.
NOTIC: [8] Undefined index: p D:\phpStudy\WWW\foa\Application\Home\Controller\MyworkController.class.php 第 11 行.
NOTIC: [8] Undefined index: pagesize D:\phpStudy\WWW\foa\Application\Home\Controller\MyworkController.class.php 第 13 行.
SQL: SHOW COLUMNS FROM `oa_workorder` [ RunTime:0.0100s ]
SQL: SELECT * FROM `oa_workorder` WHERE ( user_id=11 and status=3 and del=1 ) ORDER BY id desc LIMIT 0,8   [ RunTime:0.0010s ]
SQL: SELECT COUNT(*) AS tp_count FROM `oa_workorder` WHERE ( user_id=11 and status=3 and del=1 ) LIMIT 1   [ RunTime:0.0010s ]
INFO: [ view_parse ] --START--
INFO: [ template_filter ] --START--
INFO: Run Behavior\ContentReplaceBehavior [ RunTime:0.000000s ]
INFO: [ template_filter ] --END-- [ RunTime:0.000000s ]
INFO: Run Behavior\ParseTemplateBehavior [ RunTime:0.028001s ]
INFO: [ view_parse ] --END-- [ RunTime:0.028001s ]
INFO: [ view_filter ] --START--
INFO: Run Behavior\WriteHtmlCacheBehavior [ RunTime:0.001000s ]
INFO: [ view_filter ] --END-- [ RunTime:0.001000s ]
INFO: [ app_end ] --START--
INFO: Run Behavior\ShowPageTraceBehavior [ RunTime:0.001001s ]
INFO: [ app_end ] --END-- [ RunTime:0.001001s ]

[ 2018-05-18T11:40:59+08:00 ] 127.0.0.1 /Home/Workorder/newwork.html
INFO: [ app_init ] --START--
INFO: Run Behavior\BuildLiteBehavior [ RunTime:0.000000s ]
INFO: [ app_init ] --END-- [ RunTime:0.001000s ]
INFO: [ app_begin ] --START--
INFO: Run Behavior\ReadHtmlCacheBehavior [ RunTime:0.001000s ]
INFO: [ app_begin ] --END-- [ RunTime:0.001000s ]
NOTIC: [8] Undefined variable: act D:\phpStudy\WWW\foa\Application\Home\Controller\BaseController.class.php 第 32 行.
NOTIC: [8] Undefined variable: act D:\phpStudy\WWW\foa\Application\Home\Controller\BaseController.class.php 第 32 行.
SQL: SHOW COLUMNS FROM `oa_system_menu` [ RunTime:0.0120s ]
SQL: SELECT `right` FROM `oa_system_menu` WHERE ( id in (3,4,5,6,39,62,63,64,65,66) )  [ RunTime:0.0000s ]
NOTIC: [8] Undefined variable: role_right D:\phpStudy\WWW\foa\Application\Home\Controller\BaseController.class.php 第 39 行.
INFO: [ view_parse ] --START--
INFO: [ template_filter ] --START--
INFO: Run Behavior\ContentReplaceBehavior [ RunTime:0.000000s ]
INFO: [ template_filter ] --END-- [ RunTime:0.000000s ]
INFO: Run Behavior\ParseTemplateBehavior [ RunTime:0.011000s ]
INFO: [ view_parse ] --END-- [ RunTime:0.011000s ]
INFO: [ view_filter ] --START--
INFO: Run Behavior\WriteHtmlCacheBehavior [ RunTime:0.000000s ]
INFO: [ view_filter ] --END-- [ RunTime:0.000000s ]
INFO: [ app_end ] --START--
INFO: Run Behavior\ShowPageTraceBehavior [ RunTime:0.001000s ]
INFO: [ app_end ] --END-- [ RunTime:0.001000s ]

[ 2018-05-18T11:42:59+08:00 ] 127.0.0.1 /Home/Manager/user.html
INFO: [ app_init ] --START--
INFO: Run Behavior\BuildLiteBehavior [ RunTime:0.000000s ]
INFO: [ app_init ] --END-- [ RunTime:0.001000s ]
INFO: [ app_begin ] --START--
INFO: Run Behavior\ReadHtmlCacheBehavior [ RunTime:0.002000s ]
INFO: [ app_begin ] --END-- [ RunTime:0.002000s ]
NOTIC: [8] Undefined variable: act D:\phpStudy\WWW\foa\Application\Home\Controller\BaseController.class.php 第 32 行.
NOTIC: [8] Undefined variable: act D:\phpStudy\WWW\foa\Application\Home\Controller\BaseController.class.php 第 32 行.
SQL: SHOW COLUMNS FROM `oa_system_menu` [ RunTime:0.0090s ]
SQL: SELECT `right` FROM `oa_system_menu` WHERE ( id in (3,4,5,6,39,62,63,64,65,66) )  [ RunTime:0.0000s ]
NOTIC: [8] Undefined variable: role_right D:\phpStudy\WWW\foa\Application\Home\Controller\BaseController.class.php 第 39 行.
SQL: SHOW COLUMNS FROM `oa_user` [ RunTime:0.0080s ]
SQL: SELECT * FROM oa_user AS a LEFT JOIN oa_admin_role AS b ON a.role_id=b.role_id WHERE a.id>1 [ RunTime:0.0010s ]
INFO: [ view_parse ] --START--
INFO: [ template_filter ] --START--
INFO: Run Behavior\ContentReplaceBehavior [ RunTime:0.000000s ]
INFO: [ template_filter ] --END-- [ RunTime:0.000000s ]
INFO: Run Behavior\ParseTemplateBehavior [ RunTime:0.016001s ]
INFO: [ view_parse ] --END-- [ RunTime:0.016001s ]
INFO: [ view_filter ] --START--
INFO: Run Behavior\WriteHtmlCacheBehavior [ RunTime:0.001000s ]
INFO: [ view_filter ] --END-- [ RunTime:0.001000s ]
INFO: [ app_end ] --START--
INFO: Run Behavior\ShowPageTraceBehavior [ RunTime:0.002000s ]
INFO: [ app_end ] --END-- [ RunTime:0.002000s ]

[ 2018-05-18T11:43:00+08:00 ] 127.0.0.1 /Home/Manager/userhandle.html
INFO: [ app_init ] --START--
INFO: Run Behavior\BuildLiteBehavior [ RunTime:0.000000s ]
INFO: [ app_init ] --END-- [ RunTime:0.000000s ]
INFO: [ app_begin ] --START--
INFO: Run Behavior\ReadHtmlCacheBehavior [ RunTime:0.002000s ]
INFO: [ app_begin ] --END-- [ RunTime:0.002000s ]
NOTIC: [8] Undefined variable: act D:\phpStudy\WWW\foa\Application\Home\Controller\BaseController.class.php 第 32 行.
NOTIC: [8] Undefined variable: act D:\phpStudy\WWW\foa\Application\Home\Controller\BaseController.class.php 第 32 行.
SQL: SHOW COLUMNS FROM `oa_system_menu` [ RunTime:0.0100s ]
SQL: SELECT `right` FROM `oa_system_menu` WHERE ( id in (3,4,5,6,39,62,63,64,65,66) )  [ RunTime:0.0000s ]
NOTIC: [8] Undefined variable: role_right D:\phpStudy\WWW\foa\Application\Home\Controller\BaseController.class.php 第 39 行.
SQL: SHOW COLUMNS FROM `oa_admin_role` [ RunTime:0.0100s ]
SQL: SELECT * FROM `oa_admin_role` WHERE ( role_id>1 )  [ RunTime:0.0000s ]
INFO: [ view_parse ] --START--
INFO: [ template_filter ] --START--
INFO: Run Behavior\ContentReplaceBehavior [ RunTime:0.000000s ]
INFO: [ template_filter ] --END-- [ RunTime:0.000000s ]
NOTIC: [8] Undefined index: name D:\phpStudy\WWW\foa\Runtime\Cache\Home\512c3ae78542ae06b794fafb3e0d6c34.php 第 106 行.
NOTIC: [8] Undefined index: emp_no D:\phpStudy\WWW\foa\Runtime\Cache\Home\512c3ae78542ae06b794fafb3e0d6c34.php 第 123 行.
NOTIC: [8] Undefined variable: vo D:\phpStudy\WWW\foa\Runtime\Cache\Home\512c3ae78542ae06b794fafb3e0d6c34.php 第 143 行.
NOTIC: [8] Undefined index: role_id D:\phpStudy\WWW\foa\Runtime\Cache\Home\512c3ae78542ae06b794fafb3e0d6c34.php 第 151 行.
NOTIC: [8] Undefined index: role_id D:\phpStudy\WWW\foa\Runtime\Cache\Home\512c3ae78542ae06b794fafb3e0d6c34.php 第 151 行.
NOTIC: [8] Undefined index: user_id D:\phpStudy\WWW\foa\Runtime\Cache\Home\512c3ae78542ae06b794fafb3e0d6c34.php 第 159 行.
INFO: Run Behavior\ParseTemplateBehavior [ RunTime:0.016001s ]
INFO: [ view_parse ] --END-- [ RunTime:0.016001s ]
INFO: [ view_filter ] --START--
INFO: Run Behavior\WriteHtmlCacheBehavior [ RunTime:0.000000s ]
INFO: [ view_filter ] --END-- [ RunTime:0.000000s ]
INFO: [ app_end ] --START--
INFO: Run Behavior\ShowPageTraceBehavior [ RunTime:0.001000s ]
INFO: [ app_end ] --END-- [ RunTime:0.001000s ]

[ 2018-05-18T11:43:02+08:00 ] 127.0.0.1 /Home/Manager/user.html
INFO: [ app_init ] --START--
INFO: Run Behavior\BuildLiteBehavior [ RunTime:0.000000s ]
INFO: [ app_init ] --END-- [ RunTime:0.001000s ]
INFO: [ app_begin ] --START--
INFO: Run Behavior\ReadHtmlCacheBehavior [ RunTime:0.001000s ]
INFO: [ app_begin ] --END-- [ RunTime:0.001000s ]
NOTIC: [8] Undefined variable: act D:\phpStudy\WWW\foa\Application\Home\Controller\BaseController.class.php 第 32 行.
NOTIC: [8] Undefined variable: act D:\phpStudy\WWW\foa\Application\Home\Controller\BaseController.class.php 第 32 行.
SQL: SHOW COLUMNS FROM `oa_system_menu` [ RunTime:0.0120s ]
SQL: SELECT `right` FROM `oa_system_menu` WHERE ( id in (3,4,5,6,39,62,63,64,65,66) )  [ RunTime:0.0010s ]
NOTIC: [8] Undefined variable: role_right D:\phpStudy\WWW\foa\Application\Home\Controller\BaseController.class.php 第 39 行.
SQL: SHOW COLUMNS FROM `oa_user` [ RunTime:0.0090s ]
SQL: SELECT * FROM oa_user AS a LEFT JOIN oa_admin_role AS b ON a.role_id=b.role_id WHERE a.id>1 [ RunTime:0.0010s ]
INFO: [ view_parse ] --START--
INFO: [ template_filter ] --START--
INFO: Run Behavior\ContentReplaceBehavior [ RunTime:0.000000s ]
INFO: [ template_filter ] --END-- [ RunTime:0.000000s ]
INFO: Run Behavior\ParseTemplateBehavior [ RunTime:0.016001s ]
INFO: [ view_parse ] --END-- [ RunTime:0.016001s ]
INFO: [ view_filter ] --START--
INFO: Run Behavior\WriteHtmlCacheBehavior [ RunTime:0.001000s ]
INFO: [ view_filter ] --END-- [ RunTime:0.001000s ]
INFO: [ app_end ] --START--
INFO: Run Behavior\ShowPageTraceBehavior [ RunTime:0.001000s ]
INFO: [ app_end ] --END-- [ RunTime:0.001000s ]

[ 2018-05-18T11:46:56+08:00 ] 127.0.0.1 /Home/Manager/user.html
INFO: [ app_init ] --START--
INFO: Run Behavior\BuildLiteBehavior [ RunTime:0.000000s ]
INFO: [ app_init ] --END-- [ RunTime:0.000000s ]
INFO: [ app_begin ] --START--
INFO: Run Behavior\ReadHtmlCacheBehavior [ RunTime:0.001001s ]
INFO: [ app_begin ] --END-- [ RunTime:0.001001s ]
NOTIC: [8] Undefined variable: act D:\phpStudy\WWW\foa\Application\Home\Controller\BaseController.class.php 第 32 行.
NOTIC: [8] Undefined variable: act D:\phpStudy\WWW\foa\Application\Home\Controller\BaseController.class.php 第 32 行.
SQL: SHOW COLUMNS FROM `oa_system_menu` [ RunTime:0.0100s ]
SQL: SELECT `right` FROM `oa_system_menu` WHERE ( id in (3,4,5,6,39,62,63,64,65,66) )  [ RunTime:0.0010s ]
NOTIC: [8] Undefined variable: role_right D:\phpStudy\WWW\foa\Application\Home\Controller\BaseController.class.php 第 39 行.
SQL: SHOW COLUMNS FROM `oa_user` [ RunTime:0.0090s ]
SQL: SELECT * FROM oa_user AS a LEFT JOIN oa_admin_role AS b ON a.role_id=b.role_id WHERE a.id>1 [ RunTime:0.0010s ]
INFO: [ view_parse ] --START--
INFO: [ template_filter ] --START--
INFO: Run Behavior\ContentReplaceBehavior [ RunTime:0.000000s ]
INFO: [ template_filter ] --END-- [ RunTime:0.000000s ]
INFO: Run Behavior\ParseTemplateBehavior [ RunTime:0.015001s ]
INFO: [ view_parse ] --END-- [ RunTime:0.015001s ]
INFO: [ view_filter ] --START--
INFO: Run Behavior\WriteHtmlCacheBehavior [ RunTime:0.001000s ]
INFO: [ view_filter ] --END-- [ RunTime:0.002000s ]
INFO: [ app_end ] --START--
INFO: Run Behavior\ShowPageTraceBehavior [ RunTime:0.001000s ]
INFO: [ app_end ] --END-- [ RunTime:0.001000s ]

[ 2018-05-18T11:47:13+08:00 ] 127.0.0.1 /Home/Manager/userhandle.html
INFO: [ app_init ] --START--
INFO: Run Behavior\BuildLiteBehavior [ RunTime:0.000000s ]
INFO: [ app_init ] --END-- [ RunTime:0.001000s ]
INFO: [ app_begin ] --START--
INFO: Run Behavior\ReadHtmlCacheBehavior [ RunTime:0.001000s ]
INFO: [ app_begin ] --END-- [ RunTime:0.001000s ]
NOTIC: [8] Undefined variable: act D:\phpStudy\WWW\foa\Application\Home\Controller\BaseController.class.php 第 32 行.
NOTIC: [8] Undefined variable: act D:\phpStudy\WWW\foa\Application\Home\Controller\BaseController.class.php 第 32 行.
SQL: SHOW COLUMNS FROM `oa_system_menu` [ RunTime:0.0090s ]
SQL: SELECT `right` FROM `oa_system_menu` WHERE ( id in (3,4,5,6,39,62,63,64,65,66) )  [ RunTime:0.0010s ]
NOTIC: [8] Undefined variable: role_right D:\phpStudy\WWW\foa\Application\Home\Controller\BaseController.class.php 第 39 行.
SQL: SHOW COLUMNS FROM `oa_admin_role` [ RunTime:0.0100s ]
SQL: SELECT * FROM `oa_admin_role` WHERE ( role_id>1 )  [ RunTime:0.0010s ]
INFO: [ view_parse ] --START--
INFO: [ template_filter ] --START--
INFO: Run Behavior\ContentReplaceBehavior [ RunTime:0.000000s ]
INFO: [ template_filter ] --END-- [ RunTime:0.000000s ]
NOTIC: [8] Undefined index: name D:\phpStudy\WWW\foa\Runtime\Cache\Home\512c3ae78542ae06b794fafb3e0d6c34.php 第 106 行.
NOTIC: [8] Undefined index: emp_no D:\phpStudy\WWW\foa\Runtime\Cache\Home\512c3ae78542ae06b794fafb3e0d6c34.php 第 123 行.
NOTIC: [8] Undefined variable: vo D:\phpStudy\WWW\foa\Runtime\Cache\Home\512c3ae78542ae06b794fafb3e0d6c34.php 第 143 行.
NOTIC: [8] Undefined index: role_id D:\phpStudy\WWW\foa\Runtime\Cache\Home\512c3ae78542ae06b794fafb3e0d6c34.php 第 151 行.
NOTIC: [8] Undefined index: role_id D:\phpStudy\WWW\foa\Runtime\Cache\Home\512c3ae78542ae06b794fafb3e0d6c34.php 第 151 行.
NOTIC: [8] Undefined index: user_id D:\phpStudy\WWW\foa\Runtime\Cache\Home\512c3ae78542ae06b794fafb3e0d6c34.php 第 159 行.
INFO: Run Behavior\ParseTemplateBehavior [ RunTime:0.015001s ]
INFO: [ view_parse ] --END-- [ RunTime:0.015001s ]
INFO: [ view_filter ] --START--
INFO: Run Behavior\WriteHtmlCacheBehavior [ RunTime:0.001000s ]
INFO: [ view_filter ] --END-- [ RunTime:0.001000s ]
INFO: [ app_end ] --START--
INFO: Run Behavior\ShowPageTraceBehavior [ RunTime:0.001000s ]
INFO: [ app_end ] --END-- [ RunTime:0.001000s ]

[ 2018-05-18T11:47:33+08:00 ] 127.0.0.1 /Home/Manager/userhandle.html
INFO: [ app_init ] --START--
INFO: Run Behavior\BuildLiteBehavior [ RunTime:0.000000s ]
INFO: [ app_init ] --END-- [ RunTime:0.000000s ]
INFO: [ app_begin ] --START--
INFO: Run Behavior\ReadHtmlCacheBehavior [ RunTime:0.001000s ]
INFO: [ app_begin ] --END-- [ RunTime:0.001000s ]
NOTIC: [8] Undefined variable: act D:\phpStudy\WWW\foa\Application\Home\Controller\BaseController.class.php 第 32 行.
NOTIC: [8] Undefined variable: act D:\phpStudy\WWW\foa\Application\Home\Controller\BaseController.class.php 第 32 行.
SQL: SHOW COLUMNS FROM `oa_system_menu` [ RunTime:0.0100s ]
SQL: SELECT `right` FROM `oa_system_menu` WHERE ( id in (3,4,5,6,39,62,63,64,65,66) )  [ RunTime:0.0010s ]
NOTIC: [8] Undefined variable: role_right D:\phpStudy\WWW\foa\Application\Home\Controller\BaseController.class.php 第 39 行.
SQL: SHOW COLUMNS FROM `oa_admin_role` [ RunTime:0.0090s ]
SQL: SELECT * FROM `oa_admin_role` WHERE ( role_id>1 )  [ RunTime:0.0010s ]
SQL: SHOW COLUMNS FROM `oa_user` [ RunTime:0.0090s ]
SQL: SELECT * FROM `oa_user` WHERE `emp_no` = '张工' LIMIT 1   [ RunTime:0.0010s ]
SQL: SHOW COLUMNS FROM `oa_user` [ RunTime:0.0090s ]
SQL: INSERT INTO `oa_user` (`name`,`emp_no`,`password`,`role_id`,`create_time`) VALUES ('张工','张工','e6e48a20785504f72cf4da2b4c48e8ba','2','1526615253') [ RunTime:0.0020s ]
INFO: [ view_parse ] --START--
INFO: [ template_filter ] --START--
INFO: Run Behavior\ContentReplaceBehavior [ RunTime:0.000000s ]
INFO: [ template_filter ] --END-- [ RunTime:0.000000s ]
INFO: Run Behavior\ParseTemplateBehavior [ RunTime:0.009000s ]
INFO: [ view_parse ] --END-- [ RunTime:0.010000s ]
INFO: [ view_filter ] --START--
INFO: Run Behavior\WriteHtmlCacheBehavior [ RunTime:0.001000s ]
INFO: [ view_filter ] --END-- [ RunTime:0.001000s ]

[ 2018-05-18T11:47:34+08:00 ] 127.0.0.1 /Home/Manager/user.html
INFO: [ app_init ] --START--
INFO: Run Behavior\BuildLiteBehavior [ RunTime:0.000000s ]
INFO: [ app_init ] --END-- [ RunTime:0.000000s ]
INFO: [ app_begin ] --START--
INFO: Run Behavior\ReadHtmlCacheBehavior [ RunTime:0.001000s ]
INFO: [ app_begin ] --END-- [ RunTime:0.001000s ]
NOTIC: [8] Undefined variable: act D:\phpStudy\WWW\foa\Application\Home\Controller\BaseController.class.php 第 32 行.
NOTIC: [8] Undefined variable: act D:\phpStudy\WWW\foa\Application\Home\Controller\BaseController.class.php 第 32 行.
SQL: SHOW COLUMNS FROM `oa_system_menu` [ RunTime:0.0090s ]
SQL: SELECT `right` FROM `oa_system_menu` WHERE ( id in (3,4,5,6,39,62,63,64,65,66) )  [ RunTime:0.0000s ]
NOTIC: [8] Undefined variable: role_right D:\phpStudy\WWW\foa\Application\Home\Controller\BaseController.class.php 第 39 行.
SQL: SHOW COLUMNS FROM `oa_user` [ RunTime:0.0100s ]
SQL: SELECT * FROM oa_user AS a LEFT JOIN oa_admin_role AS b ON a.role_id=b.role_id WHERE a.id>1 [ RunTime:0.0010s ]
INFO: [ view_parse ] --START--
INFO: [ template_filter ] --START--
INFO: Run Behavior\ContentReplaceBehavior [ RunTime:0.000000s ]
INFO: [ template_filter ] --END-- [ RunTime:0.000000s ]
INFO: Run Behavior\ParseTemplateBehavior [ RunTime:0.016001s ]
INFO: [ view_parse ] --END-- [ RunTime:0.016001s ]
INFO: [ view_filter ] --START--
INFO: Run Behavior\WriteHtmlCacheBehavior [ RunTime:0.001000s ]
INFO: [ view_filter ] --END-- [ RunTime:0.001000s ]
INFO: [ app_end ] --START--
INFO: Run Behavior\ShowPageTraceBehavior [ RunTime:0.001000s ]
INFO: [ app_end ] --END-- [ RunTime:0.001000s ]

[ 2018-05-18T11:47:38+08:00 ] 127.0.0.1 /Home/Manager/userhandle.html
INFO: [ app_init ] --START--
INFO: Run Behavior\BuildLiteBehavior [ RunTime:0.000000s ]
INFO: [ app_init ] --END-- [ RunTime:0.001000s ]
INFO: [ app_begin ] --START--
INFO: Run Behavior\ReadHtmlCacheBehavior [ RunTime:0.001000s ]
INFO: [ app_begin ] --END-- [ RunTime:0.001000s ]
NOTIC: [8] Undefined variable: act D:\phpStudy\WWW\foa\Application\Home\Controller\BaseController.class.php 第 32 行.
NOTIC: [8] Undefined variable: act D:\phpStudy\WWW\foa\Application\Home\Controller\BaseController.class.php 第 32 行.
SQL: SHOW COLUMNS FROM `oa_system_menu` [ RunTime:0.0100s ]
SQL: SELECT `right` FROM `oa_system_menu` WHERE ( id in (3,4,5,6,39,62,63,64,65,66) )  [ RunTime:0.0010s ]
NOTIC: [8] Undefined variable: role_right D:\phpStudy\WWW\foa\Application\Home\Controller\BaseController.class.php 第 39 行.
SQL: SHOW COLUMNS FROM `oa_admin_role` [ RunTime:0.0090s ]
SQL: SELECT * FROM `oa_admin_role` WHERE ( role_id>1 )  [ RunTime:0.0010s ]
INFO: [ view_parse ] --START--
INFO: [ template_filter ] --START--
INFO: Run Behavior\ContentReplaceBehavior [ RunTime:0.000000s ]
INFO: [ template_filter ] --END-- [ RunTime:0.000000s ]
NOTIC: [8] Undefined index: name D:\phpStudy\WWW\foa\Runtime\Cache\Home\512c3ae78542ae06b794fafb3e0d6c34.php 第 106 行.
NOTIC: [8] Undefined index: emp_no D:\phpStudy\WWW\foa\Runtime\Cache\Home\512c3ae78542ae06b794fafb3e0d6c34.php 第 123 行.
NOTIC: [8] Undefined variable: vo D:\phpStudy\WWW\foa\Runtime\Cache\Home\512c3ae78542ae06b794fafb3e0d6c34.php 第 143 行.
NOTIC: [8] Undefined index: role_id D:\phpStudy\WWW\foa\Runtime\Cache\Home\512c3ae78542ae06b794fafb3e0d6c34.php 第 151 行.
NOTIC: [8] Undefined index: role_id D:\phpStudy\WWW\foa\Runtime\Cache\Home\512c3ae78542ae06b794fafb3e0d6c34.php 第 151 行.
NOTIC: [8] Undefined index: user_id D:\phpStudy\WWW\foa\Runtime\Cache\Home\512c3ae78542ae06b794fafb3e0d6c34.php 第 159 行.
INFO: Run Behavior\ParseTemplateBehavior [ RunTime:0.015001s ]
INFO: [ view_parse ] --END-- [ RunTime:0.015001s ]
INFO: [ view_filter ] --START--
INFO: Run Behavior\WriteHtmlCacheBehavior [ RunTime:0.001000s ]
INFO: [ view_filter ] --END-- [ RunTime:0.001000s ]
INFO: [ app_end ] --START--
INFO: Run Behavior\ShowPageTraceBehavior [ RunTime:0.001000s ]
INFO: [ app_end ] --END-- [ RunTime:0.001000s ]

[ 2018-05-18T11:47:55+08:00 ] 127.0.0.1 /Home/Manager/userhandle.html
INFO: [ app_init ] --START--
INFO: Run Behavior\BuildLiteBehavior [ RunTime:0.000000s ]
INFO: [ app_init ] --END-- [ RunTime:0.001000s ]
INFO: [ app_begin ] --START--
INFO: Run Behavior\ReadHtmlCacheBehavior [ RunTime:0.001000s ]
INFO: [ app_begin ] --END-- [ RunTime:0.001000s ]
NOTIC: [8] Undefined variable: act D:\phpStudy\WWW\foa\Application\Home\Controller\BaseController.class.php 第 32 行.
NOTIC: [8] Undefined variable: act D:\phpStudy\WWW\foa\Application\Home\Controller\BaseController.class.php 第 32 行.
SQL: SHOW COLUMNS FROM `oa_system_menu` [ RunTime:0.0100s ]
SQL: SELECT `right` FROM `oa_system_menu` WHERE ( id in (3,4,5,6,39,62,63,64,65,66) )  [ RunTime:0.0010s ]
NOTIC: [8] Undefined variable: role_right D:\phpStudy\WWW\foa\Application\Home\Controller\BaseController.class.php 第 39 行.
SQL: SHOW COLUMNS FROM `oa_admin_role` [ RunTime:0.0110s ]
SQL: SELECT * FROM `oa_admin_role` WHERE ( role_id>1 )  [ RunTime:0.0000s ]
SQL: SHOW COLUMNS FROM `oa_user` [ RunTime:0.0090s ]
SQL: SELECT * FROM `oa_user` WHERE `emp_no` = '王工' LIMIT 1   [ RunTime:0.0010s ]
SQL: SHOW COLUMNS FROM `oa_user` [ RunTime:0.0100s ]
SQL: INSERT INTO `oa_user` (`name`,`emp_no`,`password`,`role_id`,`create_time`) VALUES ('王工','王工','91f32169b89f32baf81fb353cd0ff588','2','1526615275') [ RunTime:0.0020s ]
INFO: [ view_parse ] --START--
INFO: [ template_filter ] --START--
INFO: Run Behavior\ContentReplaceBehavior [ RunTime:0.000000s ]
INFO: [ template_filter ] --END-- [ RunTime:0.000000s ]
INFO: Run Behavior\ParseTemplateBehavior [ RunTime:0.009001s ]
INFO: [ view_parse ] --END-- [ RunTime:0.009001s ]
INFO: [ view_filter ] --START--
INFO: Run Behavior\WriteHtmlCacheBehavior [ RunTime:0.001000s ]
INFO: [ view_filter ] --END-- [ RunTime:0.001000s ]

[ 2018-05-18T11:47:56+08:00 ] 127.0.0.1 /Home/Manager/user.html
INFO: [ app_init ] --START--
INFO: Run Behavior\BuildLiteBehavior [ RunTime:0.000000s ]
INFO: [ app_init ] --END-- [ RunTime:0.001000s ]
INFO: [ app_begin ] --START--
INFO: Run Behavior\ReadHtmlCacheBehavior [ RunTime:0.001000s ]
INFO: [ app_begin ] --END-- [ RunTime:0.001000s ]
NOTIC: [8] Undefined variable: act D:\phpStudy\WWW\foa\Application\Home\Controller\BaseController.class.php 第 32 行.
NOTIC: [8] Undefined variable: act D:\phpStudy\WWW\foa\Application\Home\Controller\BaseController.class.php 第 32 行.
SQL: SHOW COLUMNS FROM `oa_system_menu` [ RunTime:0.0090s ]
SQL: SELECT `right` FROM `oa_system_menu` WHERE ( id in (3,4,5,6,39,62,63,64,65,66) )  [ RunTime:0.0010s ]
NOTIC: [8] Undefined variable: role_right D:\phpStudy\WWW\foa\Application\Home\Controller\BaseController.class.php 第 39 行.
SQL: SHOW COLUMNS FROM `oa_user` [ RunTime:0.0090s ]
SQL: SELECT * FROM oa_user AS a LEFT JOIN oa_admin_role AS b ON a.role_id=b.role_id WHERE a.id>1 [ RunTime:0.0010s ]
INFO: [ view_parse ] --START--
INFO: [ template_filter ] --START--
INFO: Run Behavior\ContentReplaceBehavior [ RunTime:0.000000s ]
INFO: [ template_filter ] --END-- [ RunTime:0.000000s ]
INFO: Run Behavior\ParseTemplateBehavior [ RunTime:0.015001s ]
INFO: [ view_parse ] --END-- [ RunTime:0.015001s ]
INFO: [ view_filter ] --START--
INFO: Run Behavior\WriteHtmlCacheBehavior [ RunTime:0.001000s ]
INFO: [ view_filter ] --END-- [ RunTime:0.001000s ]
INFO: [ app_end ] --START--
INFO: Run Behavior\ShowPageTraceBehavior [ RunTime:0.002000s ]
INFO: [ app_end ] --END-- [ RunTime:0.002000s ]

[ 2018-05-18T11:48:02+08:00 ] 127.0.0.1 /Home/Manager/userhandle.html
INFO: [ app_init ] --START--
INFO: Run Behavior\BuildLiteBehavior [ RunTime:0.000000s ]
INFO: [ app_init ] --END-- [ RunTime:0.000000s ]
INFO: [ app_begin ] --START--
INFO: Run Behavior\ReadHtmlCacheBehavior [ RunTime:0.001000s ]
INFO: [ app_begin ] --END-- [ RunTime:0.001000s ]
NOTIC: [8] Undefined variable: act D:\phpStudy\WWW\foa\Application\Home\Controller\BaseController.class.php 第 32 行.
NOTIC: [8] Undefined variable: act D:\phpStudy\WWW\foa\Application\Home\Controller\BaseController.class.php 第 32 行.
SQL: SHOW COLUMNS FROM `oa_system_menu` [ RunTime:0.0090s ]
SQL: SELECT `right` FROM `oa_system_menu` WHERE ( id in (3,4,5,6,39,62,63,64,65,66) )  [ RunTime:0.0000s ]
NOTIC: [8] Undefined variable: role_right D:\phpStudy\WWW\foa\Application\Home\Controller\BaseController.class.php 第 39 行.
SQL: SHOW COLUMNS FROM `oa_admin_role` [ RunTime:0.0090s ]
SQL: SELECT * FROM `oa_admin_role` WHERE ( role_id>1 )  [ RunTime:0.0000s ]
INFO: [ view_parse ] --START--
INFO: [ template_filter ] --START--
INFO: Run Behavior\ContentReplaceBehavior [ RunTime:0.000000s ]
INFO: [ template_filter ] --END-- [ RunTime:0.000000s ]
NOTIC: [8] Undefined index: name D:\phpStudy\WWW\foa\Runtime\Cache\Home\512c3ae78542ae06b794fafb3e0d6c34.php 第 106 行.
NOTIC: [8] Undefined index: emp_no D:\phpStudy\WWW\foa\Runtime\Cache\Home\512c3ae78542ae06b794fafb3e0d6c34.php 第 123 行.
NOTIC: [8] Undefined variable: vo D:\phpStudy\WWW\foa\Runtime\Cache\Home\512c3ae78542ae06b794fafb3e0d6c34.php 第 143 行.
NOTIC: [8] Undefined index: role_id D:\phpStudy\WWW\foa\Runtime\Cache\Home\512c3ae78542ae06b794fafb3e0d6c34.php 第 151 行.
NOTIC: [8] Undefined index: role_id D:\phpStudy\WWW\foa\Runtime\Cache\Home\512c3ae78542ae06b794fafb3e0d6c34.php 第 151 行.
NOTIC: [8] Undefined index: user_id D:\phpStudy\WWW\foa\Runtime\Cache\Home\512c3ae78542ae06b794fafb3e0d6c34.php 第 159 行.
INFO: Run Behavior\ParseTemplateBehavior [ RunTime:0.016001s ]
INFO: [ view_parse ] --END-- [ RunTime:0.016001s ]
INFO: [ view_filter ] --START--
INFO: Run Behavior\WriteHtmlCacheBehavior [ RunTime:0.001000s ]
INFO: [ view_filter ] --END-- [ RunTime:0.001000s ]
INFO: [ app_end ] --START--
INFO: Run Behavior\ShowPageTraceBehavior [ RunTime:0.001000s ]
INFO: [ app_end ] --END-- [ RunTime:0.001000s ]

[ 2018-05-18T11:48:25+08:00 ] 127.0.0.1 /Home/Manager/userhandle.html
INFO: [ app_init ] --START--
INFO: Run Behavior\BuildLiteBehavior [ RunTime:0.000000s ]
INFO: [ app_init ] --END-- [ RunTime:0.001000s ]
INFO: [ app_begin ] --START--
INFO: Run Behavior\ReadHtmlCacheBehavior [ RunTime:0.001000s ]
INFO: [ app_begin ] --END-- [ RunTime:0.001000s ]
NOTIC: [8] Undefined variable: act D:\phpStudy\WWW\foa\Application\Home\Controller\BaseController.class.php 第 32 行.
NOTIC: [8] Undefined variable: act D:\phpStudy\WWW\foa\Application\Home\Controller\BaseController.class.php 第 32 行.
SQL: SHOW COLUMNS FROM `oa_system_menu` [ RunTime:0.0100s ]
SQL: SELECT `right` FROM `oa_system_menu` WHERE ( id in (3,4,5,6,39,62,63,64,65,66) )  [ RunTime:0.0000s ]
NOTIC: [8] Undefined variable: role_right D:\phpStudy\WWW\foa\Application\Home\Controller\BaseController.class.php 第 39 行.
SQL: SHOW COLUMNS FROM `oa_admin_role` [ RunTime:0.0090s ]
SQL: SELECT * FROM `oa_admin_role` WHERE ( role_id>1 )  [ RunTime:0.0000s ]
SQL: SHOW COLUMNS FROM `oa_user` [ RunTime:0.0100s ]
SQL: SELECT * FROM `oa_user` WHERE `emp_no` = '李工' LIMIT 1   [ RunTime:0.0010s ]
SQL: SHOW COLUMNS FROM `oa_user` [ RunTime:0.0110s ]
SQL: INSERT INTO `oa_user` (`name`,`emp_no`,`password`,`role_id`,`create_time`) VALUES ('李工','李工','b6a83bb056842b8e7b326caa353477b0','2','1526615305') [ RunTime:0.0020s ]
INFO: [ view_parse ] --START--
INFO: [ template_filter ] --START--
INFO: Run Behavior\ContentReplaceBehavior [ RunTime:0.000000s ]
INFO: [ template_filter ] --END-- [ RunTime:0.000000s ]
INFO: Run Behavior\ParseTemplateBehavior [ RunTime:0.010000s ]
INFO: [ view_parse ] --END-- [ RunTime:0.010000s ]
INFO: [ view_filter ] --START--
INFO: Run Behavior\WriteHtmlCacheBehavior [ RunTime:0.001000s ]
INFO: [ view_filter ] --END-- [ RunTime:0.001000s ]

[ 2018-05-18T11:48:26+08:00 ] 127.0.0.1 /Home/Manager/user.html
INFO: [ app_init ] --START--
INFO: Run Behavior\BuildLiteBehavior [ RunTime:0.000000s ]
INFO: [ app_init ] --END-- [ RunTime:0.001000s ]
INFO: [ app_begin ] --START--
INFO: Run Behavior\ReadHtmlCacheBehavior [ RunTime:0.001000s ]
INFO: [ app_begin ] --END-- [ RunTime:0.001000s ]
NOTIC: [8] Undefined variable: act D:\phpStudy\WWW\foa\Application\Home\Controller\BaseController.class.php 第 32 行.
NOTIC: [8] Undefined variable: act D:\phpStudy\WWW\foa\Application\Home\Controller\BaseController.class.php 第 32 行.
SQL: SHOW COLUMNS FROM `oa_system_menu` [ RunTime:0.0090s ]
SQL: SELECT `right` FROM `oa_system_menu` WHERE ( id in (3,4,5,6,39,62,63,64,65,66) )  [ RunTime:0.0000s ]
NOTIC: [8] Undefined variable: role_right D:\phpStudy\WWW\foa\Application\Home\Controller\BaseController.class.php 第 39 行.
SQL: SHOW COLUMNS FROM `oa_user` [ RunTime:0.0090s ]
SQL: SELECT * FROM oa_user AS a LEFT JOIN oa_admin_role AS b ON a.role_id=b.role_id WHERE a.id>1 [ RunTime:0.0010s ]
INFO: [ view_parse ] --START--
INFO: [ template_filter ] --START--
INFO: Run Behavior\ContentReplaceBehavior [ RunTime:0.000000s ]
INFO: [ template_filter ] --END-- [ RunTime:0.000000s ]
INFO: Run Behavior\ParseTemplateBehavior [ RunTime:0.015000s ]
INFO: [ view_parse ] --END-- [ RunTime:0.015000s ]
INFO: [ view_filter ] --START--
INFO: Run Behavior\WriteHtmlCacheBehavior [ RunTime:0.001000s ]
INFO: [ view_filter ] --END-- [ RunTime:0.001000s ]
INFO: [ app_end ] --START--
INFO: Run Behavior\ShowPageTraceBehavior [ RunTime:0.002001s ]
INFO: [ app_end ] --END-- [ RunTime:0.002001s ]

[ 2018-05-18T11:48:32+08:00 ] 127.0.0.1 /Home/Manager/userhandle.html
INFO: [ app_init ] --START--
INFO: Run Behavior\BuildLiteBehavior [ RunTime:0.000000s ]
INFO: [ app_init ] --END-- [ RunTime:0.001000s ]
INFO: [ app_begin ] --START--
INFO: Run Behavior\ReadHtmlCacheBehavior [ RunTime:0.001000s ]
INFO: [ app_begin ] --END-- [ RunTime:0.001000s ]
NOTIC: [8] Undefined variable: act D:\phpStudy\WWW\foa\Application\Home\Controller\BaseController.class.php 第 32 行.
NOTIC: [8] Undefined variable: act D:\phpStudy\WWW\foa\Application\Home\Controller\BaseController.class.php 第 32 行.
SQL: SHOW COLUMNS FROM `oa_system_menu` [ RunTime:0.0090s ]
SQL: SELECT `right` FROM `oa_system_menu` WHERE ( id in (3,4,5,6,39,62,63,64,65,66) )  [ RunTime:0.0010s ]
NOTIC: [8] Undefined variable: role_right D:\phpStudy\WWW\foa\Application\Home\Controller\BaseController.class.php 第 39 行.
SQL: SHOW COLUMNS FROM `oa_admin_role` [ RunTime:0.0090s ]
SQL: SELECT * FROM `oa_admin_role` WHERE ( role_id>1 )  [ RunTime:0.0010s ]
INFO: [ view_parse ] --START--
INFO: [ template_filter ] --START--
INFO: Run Behavior\ContentReplaceBehavior [ RunTime:0.000000s ]
INFO: [ template_filter ] --END-- [ RunTime:0.000000s ]
NOTIC: [8] Undefined index: name D:\phpStudy\WWW\foa\Runtime\Cache\Home\512c3ae78542ae06b794fafb3e0d6c34.php 第 106 行.
NOTIC: [8] Undefined index: emp_no D:\phpStudy\WWW\foa\Runtime\Cache\Home\512c3ae78542ae06b794fafb3e0d6c34.php 第 123 行.
NOTIC: [8] Undefined variable: vo D:\phpStudy\WWW\foa\Runtime\Cache\Home\512c3ae78542ae06b794fafb3e0d6c34.php 第 143 行.
NOTIC: [8] Undefined index: role_id D:\phpStudy\WWW\foa\Runtime\Cache\Home\512c3ae78542ae06b794fafb3e0d6c34.php 第 151 行.
NOTIC: [8] Undefined index: role_id D:\phpStudy\WWW\foa\Runtime\Cache\Home\512c3ae78542ae06b794fafb3e0d6c34.php 第 151 行.
NOTIC: [8] Undefined index: user_id D:\phpStudy\WWW\foa\Runtime\Cache\Home\512c3ae78542ae06b794fafb3e0d6c34.php 第 159 行.
INFO: Run Behavior\ParseTemplateBehavior [ RunTime:0.015001s ]
INFO: [ view_parse ] --END-- [ RunTime:0.015001s ]
INFO: [ view_filter ] --START--
INFO: Run Behavior\WriteHtmlCacheBehavior [ RunTime:0.001000s ]
INFO: [ view_filter ] --END-- [ RunTime:0.001000s ]
INFO: [ app_end ] --START--
INFO: Run Behavior\ShowPageTraceBehavior [ RunTime:0.001000s ]
INFO: [ app_end ] --END-- [ RunTime:0.001000s ]

[ 2018-05-18T12:14:17+08:00 ] 127.0.0.1 /Home/Manager/userhandle.html
INFO: [ app_init ] --START--
INFO: Run Behavior\BuildLiteBehavior [ RunTime:0.000000s ]
INFO: [ app_init ] --END-- [ RunTime:0.001000s ]
INFO: [ app_begin ] --START--
INFO: Run Behavior\ReadHtmlCacheBehavior [ RunTime:0.001000s ]
INFO: [ app_begin ] --END-- [ RunTime:0.001000s ]
NOTIC: [8] Undefined variable: act D:\phpStudy\WWW\foa\Application\Home\Controller\BaseController.class.php 第 32 行.
NOTIC: [8] Undefined variable: act D:\phpStudy\WWW\foa\Application\Home\Controller\BaseController.class.php 第 32 行.
SQL: SHOW COLUMNS FROM `oa_system_menu` [ RunTime:0.0110s ]
SQL: SELECT `right` FROM `oa_system_menu` WHERE ( id in (3,4,5,6,39,62,63,64,65,66) )  [ RunTime:0.0010s ]
NOTIC: [8] Undefined variable: role_right D:\phpStudy\WWW\foa\Application\Home\Controller\BaseController.class.php 第 39 行.
SQL: SHOW COLUMNS FROM `oa_admin_role` [ RunTime:0.0100s ]
SQL: SELECT * FROM `oa_admin_role` WHERE ( role_id>1 )  [ RunTime:0.0000s ]
SQL: SHOW COLUMNS FROM `oa_user` [ RunTime:0.0120s ]
SQL: SELECT * FROM `oa_user` WHERE `emp_no` = '11' LIMIT 1   [ RunTime:0.0010s ]
SQL: SHOW COLUMNS FROM `oa_user` [ RunTime:0.0090s ]
SQL: INSERT INTO `oa_user` (`name`,`emp_no`,`password`,`role_id`,`create_time`) VALUES ('11','11','6512bd43d9caa6e02c990b0a82652dca','6','1526616856') [ RunTime:0.0010s ]
INFO: [ view_parse ] --START--
INFO: [ template_filter ] --START--
INFO: Run Behavior\ContentReplaceBehavior [ RunTime:0.000000s ]
INFO: [ template_filter ] --END-- [ RunTime:0.000000s ]
INFO: Run Behavior\ParseTemplateBehavior [ RunTime:0.010000s ]
INFO: [ view_parse ] --END-- [ RunTime:0.010000s ]
INFO: [ view_filter ] --START--
INFO: Run Behavior\WriteHtmlCacheBehavior [ RunTime:0.000000s ]
INFO: [ view_filter ] --END-- [ RunTime:0.001000s ]

[ 2018-05-18T12:14:18+08:00 ] 127.0.0.1 /Home/Manager/user.html
INFO: [ app_init ] --START--
INFO: Run Behavior\BuildLiteBehavior [ RunTime:0.000000s ]
INFO: [ app_init ] --END-- [ RunTime:0.000000s ]
INFO: [ app_begin ] --START--
INFO: Run Behavior\ReadHtmlCacheBehavior [ RunTime:0.001000s ]
INFO: [ app_begin ] --END-- [ RunTime:0.001000s ]
NOTIC: [8] Undefined variable: act D:\phpStudy\WWW\foa\Application\Home\Controller\BaseController.class.php 第 32 行.
NOTIC: [8] Undefined variable: act D:\phpStudy\WWW\foa\Application\Home\Controller\BaseController.class.php 第 32 行.
SQL: SHOW COLUMNS FROM `oa_system_menu` [ RunTime:0.0090s ]
SQL: SELECT `right` FROM `oa_system_menu` WHERE ( id in (3,4,5,6,39,62,63,64,65,66) )  [ RunTime:0.0010s ]
NOTIC: [8] Undefined variable: role_right D:\phpStudy\WWW\foa\Application\Home\Controller\BaseController.class.php 第 39 行.
SQL: SHOW COLUMNS FROM `oa_user` [ RunTime:0.0090s ]
SQL: SELECT * FROM oa_user AS a LEFT JOIN oa_admin_role AS b ON a.role_id=b.role_id WHERE a.id>1 [ RunTime:0.0010s ]
INFO: [ view_parse ] --START--
INFO: [ template_filter ] --START--
INFO: Run Behavior\ContentReplaceBehavior [ RunTime:0.000000s ]
INFO: [ template_filter ] --END-- [ RunTime:0.000000s ]
INFO: Run Behavior\ParseTemplateBehavior [ RunTime:0.017001s ]
INFO: [ view_parse ] --END-- [ RunTime:0.018001s ]
INFO: [ view_filter ] --START--
INFO: Run Behavior\WriteHtmlCacheBehavior [ RunTime:0.001000s ]
INFO: [ view_filter ] --END-- [ RunTime:0.001000s ]
INFO: [ app_end ] --START--
INFO: Run Behavior\ShowPageTraceBehavior [ RunTime:0.002000s ]
INFO: [ app_end ] --END-- [ RunTime:0.002000s ]

