[ 2018-05-02T22:43:30+08:00 ] 127.0.0.1 /index.php/Home/Index/index.html
INFO: [ app_init ] --START--
INFO: Run Behavior\BuildLiteBehavior [ RunTime:0.000000s ]
INFO: [ app_init ] --END-- [ RunTime:0.001000s ]
INFO: [ app_begin ] --START--
INFO: Run Behavior\ReadHtmlCacheBehavior [ RunTime:0.001000s ]
INFO: [ app_begin ] --END-- [ RunTime:0.001000s ]
NOTIC: [8] Undefined index: home/index D:\phpStudy\WWW\foa\Application\Common\Common\function.php 第 64 行.
NOTIC: [8] Undefined index: home/index D:\phpStudy\WWW\foa\Application\Common\Common\function.php 第 65 行.
SQL: SHOW COLUMNS FROM `oa_user` [ RunTime:0.0090s ]
SQL: SELECT * FROM `oa_user` WHERE `id` = 1 LIMIT 1   [ RunTime:0.0010s ]
INFO: [ view_parse ] --START--
INFO: [ template_filter ] --START--
INFO: Run Behavior\ContentReplaceBehavior [ RunTime:0.000000s ]
INFO: [ template_filter ] --END-- [ RunTime:0.000000s ]
NOTIC: [8] Undefined variable: upgradeMsg D:\phpStudy\WWW\foa\Runtime\Cache\Home\2a94b8bda04ff446dcedd42276fc99ee.php 第 51 行.
NOTIC: [8] Undefined variable: upgradeMsg D:\phpStudy\WWW\foa\Runtime\Cache\Home\2a94b8bda04ff446dcedd42276fc99ee.php 第 54 行.
INFO: Run Behavior\ParseTemplateBehavior [ RunTime:0.023001s ]
INFO: [ view_parse ] --END-- [ RunTime:0.023001s ]
INFO: [ view_filter ] --START--
INFO: Run Behavior\WriteHtmlCacheBehavior [ RunTime:0.001000s ]
INFO: [ view_filter ] --END-- [ RunTime:0.001000s ]
INFO: [ app_end ] --START--
INFO: Run Behavior\ShowPageTraceBehavior [ RunTime:0.001000s ]
INFO: [ app_end ] --END-- [ RunTime:0.001000s ]

[ 2018-05-02T22:43:30+08:00 ] 127.0.0.1 /index.php/Home/Workorder/newwork.html
INFO: [ app_init ] --START--
INFO: Run Behavior\BuildLiteBehavior [ RunTime:0.000000s ]
INFO: [ app_init ] --END-- [ RunTime:0.001000s ]
INFO: [ app_begin ] --START--
INFO: Run Behavior\ReadHtmlCacheBehavior [ RunTime:0.001000s ]
INFO: [ app_begin ] --END-- [ RunTime:0.001000s ]
INFO: [ view_parse ] --START--
INFO: [ template_filter ] --START--
INFO: Run Behavior\ContentReplaceBehavior [ RunTime:0.000000s ]
INFO: [ template_filter ] --END-- [ RunTime:0.000000s ]
INFO: Run Behavior\ParseTemplateBehavior [ RunTime:0.018001s ]
INFO: [ view_parse ] --END-- [ RunTime:0.018001s ]
INFO: [ view_filter ] --START--
INFO: Run Behavior\WriteHtmlCacheBehavior [ RunTime:0.001000s ]
INFO: [ view_filter ] --END-- [ RunTime:0.001000s ]
INFO: [ app_end ] --START--
INFO: Run Behavior\ShowPageTraceBehavior [ RunTime:0.001000s ]
INFO: [ app_end ] --END-- [ RunTime:0.002000s ]

[ 2018-05-02T22:45:54+08:00 ] 127.0.0.1 /index.php/Home/Index/index.html
INFO: [ app_init ] --START--
INFO: Run Behavior\BuildLiteBehavior [ RunTime:0.000000s ]
INFO: [ app_init ] --END-- [ RunTime:0.001000s ]
INFO: [ app_begin ] --START--
INFO: Run Behavior\ReadHtmlCacheBehavior [ RunTime:0.001000s ]
INFO: [ app_begin ] --END-- [ RunTime:0.001000s ]
NOTIC: [8] Undefined index: home/index D:\phpStudy\WWW\foa\Application\Common\Common\function.php 第 64 行.
NOTIC: [8] Undefined index: home/index D:\phpStudy\WWW\foa\Application\Common\Common\function.php 第 65 行.
SQL: SHOW COLUMNS FROM `oa_user` [ RunTime:0.0100s ]
SQL: SELECT * FROM `oa_user` WHERE `id` = 1 LIMIT 1   [ RunTime:0.0010s ]
INFO: [ view_parse ] --START--
INFO: [ template_filter ] --START--
INFO: Run Behavior\ContentReplaceBehavior [ RunTime:0.000000s ]
INFO: [ template_filter ] --END-- [ RunTime:0.001000s ]
NOTIC: [8] Undefined variable: upgradeMsg D:\phpStudy\WWW\foa\Runtime\Cache\Home\2a94b8bda04ff446dcedd42276fc99ee.php 第 51 行.
NOTIC: [8] Undefined variable: upgradeMsg D:\phpStudy\WWW\foa\Runtime\Cache\Home\2a94b8bda04ff446dcedd42276fc99ee.php 第 54 行.
INFO: Run Behavior\ParseTemplateBehavior [ RunTime:0.017001s ]
INFO: [ view_parse ] --END-- [ RunTime:0.017001s ]
INFO: [ view_filter ] --START--
INFO: Run Behavior\WriteHtmlCacheBehavior [ RunTime:0.001000s ]
INFO: [ view_filter ] --END-- [ RunTime:0.001000s ]
INFO: [ app_end ] --START--
INFO: Run Behavior\ShowPageTraceBehavior [ RunTime:0.001000s ]
INFO: [ app_end ] --END-- [ RunTime:0.001000s ]

[ 2018-05-02T22:45:54+08:00 ] 127.0.0.1 /index.php/Home/Workorder/newwork.html
INFO: [ app_init ] --START--
INFO: Run Behavior\BuildLiteBehavior [ RunTime:0.000000s ]
INFO: [ app_init ] --END-- [ RunTime:0.001000s ]
INFO: [ app_begin ] --START--
INFO: Run Behavior\ReadHtmlCacheBehavior [ RunTime:0.001000s ]
INFO: [ app_begin ] --END-- [ RunTime:0.001000s ]
INFO: [ view_parse ] --START--
INFO: [ template_filter ] --START--
INFO: Run Behavior\ContentReplaceBehavior [ RunTime:0.000000s ]
INFO: [ template_filter ] --END-- [ RunTime:0.000000s ]
INFO: Run Behavior\ParseTemplateBehavior [ RunTime:0.017001s ]
INFO: [ view_parse ] --END-- [ RunTime:0.018001s ]
INFO: [ view_filter ] --START--
INFO: Run Behavior\WriteHtmlCacheBehavior [ RunTime:0.001000s ]
INFO: [ view_filter ] --END-- [ RunTime:0.001000s ]
INFO: [ app_end ] --START--
INFO: Run Behavior\ShowPageTraceBehavior [ RunTime:0.002000s ]
INFO: [ app_end ] --END-- [ RunTime:0.002000s ]

[ 2018-05-02T22:46:01+08:00 ] 127.0.0.1 /index.php/Home/Index/index.html
INFO: [ app_init ] --START--
INFO: Run Behavior\BuildLiteBehavior [ RunTime:0.000000s ]
INFO: [ app_init ] --END-- [ RunTime:0.001000s ]
INFO: [ app_begin ] --START--
INFO: Run Behavior\ReadHtmlCacheBehavior [ RunTime:0.001000s ]
INFO: [ app_begin ] --END-- [ RunTime:0.001000s ]
INFO: [ view_parse ] --START--
INFO: [ template_filter ] --START--
INFO: Run Behavior\ContentReplaceBehavior [ RunTime:0.000000s ]
INFO: [ template_filter ] --END-- [ RunTime:0.001000s ]
INFO: Run Behavior\ParseTemplateBehavior [ RunTime:0.008001s ]
INFO: [ view_parse ] --END-- [ RunTime:0.008001s ]
INFO: [ view_filter ] --START--
INFO: Run Behavior\WriteHtmlCacheBehavior [ RunTime:0.001000s ]
INFO: [ view_filter ] --END-- [ RunTime:0.001000s ]

[ 2018-05-02T22:46:02+08:00 ] 127.0.0.1 /index.php/Home/Public/login.html
INFO: [ app_init ] --START--
INFO: Run Behavior\BuildLiteBehavior [ RunTime:0.001000s ]
INFO: [ app_init ] --END-- [ RunTime:0.001000s ]
INFO: [ app_begin ] --START--
INFO: Run Behavior\ReadHtmlCacheBehavior [ RunTime:0.001000s ]
INFO: [ app_begin ] --END-- [ RunTime:0.002000s ]
NOTIC: [8] Undefined index: home/public D:\phpStudy\WWW\foa\Application\Common\Common\function.php 第 64 行.
NOTIC: [8] Undefined index: home/public D:\phpStudy\WWW\foa\Application\Common\Common\function.php 第 65 行.
SQL: SHOW COLUMNS FROM `oa_system_config` [ RunTime:0.0100s ]
SQL: SELECT COUNT(*) AS tp_count FROM `oa_system_config` WHERE `code` = 'login_verify_code' LIMIT 1   [ RunTime:0.0010s ]
SQL: SELECT `val` FROM `oa_system_config` WHERE `code` = 'login_verify_code' LIMIT 1   [ RunTime:0.0010s ]
INFO: [ view_parse ] --START--
INFO: [ template_filter ] --START--
INFO: Run Behavior\ContentReplaceBehavior [ RunTime:0.000000s ]
INFO: [ template_filter ] --END-- [ RunTime:0.000000s ]
INFO: Run Behavior\ParseTemplateBehavior [ RunTime:0.011000s ]
INFO: [ view_parse ] --END-- [ RunTime:0.011000s ]
INFO: [ view_filter ] --START--
INFO: Run Behavior\WriteHtmlCacheBehavior [ RunTime:0.000000s ]
INFO: [ view_filter ] --END-- [ RunTime:0.000000s ]
INFO: [ app_end ] --START--
INFO: Run Behavior\ShowPageTraceBehavior [ RunTime:0.001000s ]
INFO: [ app_end ] --END-- [ RunTime:0.001000s ]

[ 2018-05-02T22:46:03+08:00 ] 127.0.0.1 /index.php?m=Home&c=Public&a=login&t=0.07668734143888734
INFO: [ app_init ] --START--
INFO: Run Behavior\BuildLiteBehavior [ RunTime:0.000000s ]
INFO: [ app_init ] --END-- [ RunTime:0.001000s ]
INFO: [ app_begin ] --START--
INFO: Run Behavior\ReadHtmlCacheBehavior [ RunTime:0.001000s ]
INFO: [ app_begin ] --END-- [ RunTime:0.001000s ]
NOTIC: [8] Undefined index: home/public D:\phpStudy\WWW\foa\Application\Common\Common\function.php 第 64 行.
NOTIC: [8] Undefined index: home/public D:\phpStudy\WWW\foa\Application\Common\Common\function.php 第 65 行.
SQL: SHOW COLUMNS FROM `oa_system_config` [ RunTime:0.0080s ]
SQL: SELECT COUNT(*) AS tp_count FROM `oa_system_config` WHERE `code` = 'login_verify_code' LIMIT 1   [ RunTime:0.0010s ]
SQL: SELECT `val` FROM `oa_system_config` WHERE `code` = 'login_verify_code' LIMIT 1   [ RunTime:0.0010s ]
SQL: SHOW COLUMNS FROM `oa_user` [ RunTime:0.0090s ]
SQL: SELECT * FROM `oa_user` INNER JOIN oa_admin_role ON oa_user.role_id=oa_admin_role.role_id  WHERE `emp_no` = 'admin' AND `password` = '21232f297a57a5a743894a0e4a801fc3' AND `is_del` = 0 LIMIT 1   [ RunTime:0.0010s ]
SQL: SHOW COLUMNS FROM `oa_user` [ RunTime:0.0090s ]
SQL: UPDATE `oa_user` SET `login_count`=login_count+1,`last_login_ip`='127.0.0.1' WHERE `id` = 1 [ RunTime:0.1220s ]

[ 2018-05-02T22:46:03+08:00 ] 127.0.0.1 /index.php/Home/Index/index.html
INFO: [ app_init ] --START--
INFO: Run Behavior\BuildLiteBehavior [ RunTime:0.001000s ]
INFO: [ app_init ] --END-- [ RunTime:0.001000s ]
INFO: [ app_begin ] --START--
INFO: Run Behavior\ReadHtmlCacheBehavior [ RunTime:0.001000s ]
INFO: [ app_begin ] --END-- [ RunTime:0.001000s ]
NOTIC: [8] Undefined index: home/index D:\phpStudy\WWW\foa\Application\Common\Common\function.php 第 64 行.
NOTIC: [8] Undefined index: home/index D:\phpStudy\WWW\foa\Application\Common\Common\function.php 第 65 行.
SQL: SHOW COLUMNS FROM `oa_user` [ RunTime:0.0090s ]
SQL: SELECT * FROM `oa_user` WHERE `id` = 1 LIMIT 1   [ RunTime:0.0010s ]
INFO: [ view_parse ] --START--
INFO: [ template_filter ] --START--
INFO: Run Behavior\ContentReplaceBehavior [ RunTime:0.000000s ]
INFO: [ template_filter ] --END-- [ RunTime:0.000000s ]
NOTIC: [8] Undefined variable: upgradeMsg D:\phpStudy\WWW\foa\Runtime\Cache\Home\2a94b8bda04ff446dcedd42276fc99ee.php 第 51 行.
NOTIC: [8] Undefined variable: upgradeMsg D:\phpStudy\WWW\foa\Runtime\Cache\Home\2a94b8bda04ff446dcedd42276fc99ee.php 第 54 行.
INFO: Run Behavior\ParseTemplateBehavior [ RunTime:0.015001s ]
INFO: [ view_parse ] --END-- [ RunTime:0.015001s ]
INFO: [ view_filter ] --START--
INFO: Run Behavior\WriteHtmlCacheBehavior [ RunTime:0.001000s ]
INFO: [ view_filter ] --END-- [ RunTime:0.001000s ]
INFO: [ app_end ] --START--
INFO: Run Behavior\ShowPageTraceBehavior [ RunTime:0.001000s ]
INFO: [ app_end ] --END-- [ RunTime:0.001000s ]

[ 2018-05-02T22:46:04+08:00 ] 127.0.0.1 /index.php/Home/Workorder/newwork.html
INFO: [ app_init ] --START--
INFO: Run Behavior\BuildLiteBehavior [ RunTime:0.000000s ]
INFO: [ app_init ] --END-- [ RunTime:0.001000s ]
INFO: [ app_begin ] --START--
INFO: Run Behavior\ReadHtmlCacheBehavior [ RunTime:0.002000s ]
INFO: [ app_begin ] --END-- [ RunTime:0.002000s ]
INFO: [ view_parse ] --START--
INFO: [ template_filter ] --START--
INFO: Run Behavior\ContentReplaceBehavior [ RunTime:0.000000s ]
INFO: [ template_filter ] --END-- [ RunTime:0.000000s ]
INFO: Run Behavior\ParseTemplateBehavior [ RunTime:0.019001s ]
INFO: [ view_parse ] --END-- [ RunTime:0.019001s ]
INFO: [ view_filter ] --START--
INFO: Run Behavior\WriteHtmlCacheBehavior [ RunTime:0.001001s ]
INFO: [ view_filter ] --END-- [ RunTime:0.005001s ]
INFO: [ app_end ] --START--
INFO: Run Behavior\ShowPageTraceBehavior [ RunTime:0.002000s ]
INFO: [ app_end ] --END-- [ RunTime:0.002000s ]

[ 2018-05-02T22:46:10+08:00 ] 127.0.0.1 /index.php/home/img/ajaxuploadimg
INFO: [ app_init ] --START--
INFO: Run Behavior\BuildLiteBehavior [ RunTime:0.000000s ]
INFO: [ app_init ] --END-- [ RunTime:0.001000s ]
INFO: [ app_begin ] --START--
INFO: Run Behavior\ReadHtmlCacheBehavior [ RunTime:0.001000s ]
INFO: [ app_begin ] --END-- [ RunTime:0.001000s ]
NOTIC: [8] Use of undefined constant UPLOAD_PATH - assumed 'UPLOAD_PATH' D:\phpStudy\WWW\foa\Application\Home\Controller\ImgController.class.php 第 18 行.
NOTIC: [8] Use of undefined constant uniqid - assumed 'uniqid' D:\phpStudy\WWW\foa\Application\Home\Controller\ImgController.class.php 第 23 行.
NOTIC: [2] call_user_func() expects parameter 1 to be a valid callback, no array or string given D:\phpStudy\WWW\foa\ThinkPHP\Library\Think\Upload.class.php 第 170 行.
NOTIC: [8] Use of undefined constant UPLOAD_PATH - assumed 'UPLOAD_PATH' D:\phpStudy\WWW\foa\ThinkPHP\Library\Think\Upload.class.php 第 209 行.
NOTIC: [2] call_user_func() expects parameter 1 to be a valid callback, no array or string given D:\phpStudy\WWW\foa\ThinkPHP\Library\Think\Upload.class.php 第 170 行.
NOTIC: [8] Use of undefined constant UPLOAD_PATH - assumed 'UPLOAD_PATH' D:\phpStudy\WWW\foa\ThinkPHP\Library\Think\Upload.class.php 第 209 行.
SQL: SHOW COLUMNS FROM `oa_img` [ RunTime:0.0090s ]
SQL: SHOW COLUMNS FROM `oa_img` [ RunTime:0.0090s ]
SQL: INSERT INTO `oa_img` (`img_url`,`img_name`,`img_size`) VALUES ('2018/05/02/5ae9cf32af572.jpg|2018/05/02/5ae9cf32b85fc.jpeg','927_2014121034411595.jpg|20151122141055_esXCh.jpeg','45814|126595') [ RunTime:0.0010s ]

[ 2018-05-02T22:46:14+08:00 ] 127.0.0.1 /index.php/Home/Index/index.html
INFO: [ app_init ] --START--
INFO: Run Behavior\BuildLiteBehavior [ RunTime:0.000000s ]
INFO: [ app_init ] --END-- [ RunTime:0.001000s ]
INFO: [ app_begin ] --START--
INFO: Run Behavior\ReadHtmlCacheBehavior [ RunTime:0.002000s ]
INFO: [ app_begin ] --END-- [ RunTime:0.002000s ]
NOTIC: [8] Undefined index: home/index D:\phpStudy\WWW\foa\Application\Common\Common\function.php 第 64 行.
NOTIC: [8] Undefined index: home/index D:\phpStudy\WWW\foa\Application\Common\Common\function.php 第 65 行.
SQL: SHOW COLUMNS FROM `oa_user` [ RunTime:0.0090s ]
SQL: SELECT * FROM `oa_user` WHERE `id` = 1 LIMIT 1   [ RunTime:0.0010s ]
INFO: [ view_parse ] --START--
INFO: [ template_filter ] --START--
INFO: Run Behavior\ContentReplaceBehavior [ RunTime:0.000000s ]
INFO: [ template_filter ] --END-- [ RunTime:0.000000s ]
NOTIC: [8] Undefined variable: upgradeMsg D:\phpStudy\WWW\foa\Runtime\Cache\Home\2a94b8bda04ff446dcedd42276fc99ee.php 第 51 行.
NOTIC: [8] Undefined variable: upgradeMsg D:\phpStudy\WWW\foa\Runtime\Cache\Home\2a94b8bda04ff446dcedd42276fc99ee.php 第 54 行.
INFO: Run Behavior\ParseTemplateBehavior [ RunTime:0.019001s ]
INFO: [ view_parse ] --END-- [ RunTime:0.019001s ]
INFO: [ view_filter ] --START--
INFO: Run Behavior\WriteHtmlCacheBehavior [ RunTime:0.001000s ]
INFO: [ view_filter ] --END-- [ RunTime:0.001000s ]
INFO: [ app_end ] --START--
INFO: Run Behavior\ShowPageTraceBehavior [ RunTime:0.002000s ]
INFO: [ app_end ] --END-- [ RunTime:0.002000s ]

[ 2018-05-02T22:46:14+08:00 ] 127.0.0.1 /index.php/Home/Workorder/newwork.html
INFO: [ app_init ] --START--
INFO: Run Behavior\BuildLiteBehavior [ RunTime:0.000000s ]
INFO: [ app_init ] --END-- [ RunTime:0.001000s ]
INFO: [ app_begin ] --START--
INFO: Run Behavior\ReadHtmlCacheBehavior [ RunTime:0.002000s ]
INFO: [ app_begin ] --END-- [ RunTime:0.002000s ]
INFO: [ view_parse ] --START--
INFO: [ template_filter ] --START--
INFO: Run Behavior\ContentReplaceBehavior [ RunTime:0.000000s ]
INFO: [ template_filter ] --END-- [ RunTime:0.000000s ]
INFO: Run Behavior\ParseTemplateBehavior [ RunTime:0.021001s ]
INFO: [ view_parse ] --END-- [ RunTime:0.021001s ]
INFO: [ view_filter ] --START--
INFO: Run Behavior\WriteHtmlCacheBehavior [ RunTime:0.002000s ]
INFO: [ view_filter ] --END-- [ RunTime:0.002000s ]
INFO: [ app_end ] --START--
INFO: Run Behavior\ShowPageTraceBehavior [ RunTime:0.003000s ]
INFO: [ app_end ] --END-- [ RunTime:0.003000s ]

[ 2018-05-02T22:48:53+08:00 ] 127.0.0.1 /index.php/Home/Index/index.html
INFO: [ app_init ] --START--
INFO: Run Behavior\BuildLiteBehavior [ RunTime:0.000000s ]
INFO: [ app_init ] --END-- [ RunTime:0.001001s ]
INFO: [ app_begin ] --START--
INFO: Run Behavior\ReadHtmlCacheBehavior [ RunTime:0.002000s ]
INFO: [ app_begin ] --END-- [ RunTime:0.002000s ]
NOTIC: [8] Undefined index: home/index D:\phpStudy\WWW\foa\Application\Common\Common\function.php 第 64 行.
NOTIC: [8] Undefined index: home/index D:\phpStudy\WWW\foa\Application\Common\Common\function.php 第 65 行.
SQL: SHOW COLUMNS FROM `oa_user` [ RunTime:0.0110s ]
SQL: SELECT * FROM `oa_user` WHERE `id` = 1 LIMIT 1   [ RunTime:0.0010s ]
INFO: [ view_parse ] --START--
INFO: [ template_filter ] --START--
INFO: Run Behavior\ContentReplaceBehavior [ RunTime:0.000000s ]
INFO: [ template_filter ] --END-- [ RunTime:0.000000s ]
NOTIC: [8] Undefined variable: upgradeMsg D:\phpStudy\WWW\foa\Runtime\Cache\Home\2a94b8bda04ff446dcedd42276fc99ee.php 第 51 行.
NOTIC: [8] Undefined variable: upgradeMsg D:\phpStudy\WWW\foa\Runtime\Cache\Home\2a94b8bda04ff446dcedd42276fc99ee.php 第 54 行.
INFO: Run Behavior\ParseTemplateBehavior [ RunTime:0.017000s ]
INFO: [ view_parse ] --END-- [ RunTime:0.017000s ]
INFO: [ view_filter ] --START--
INFO: Run Behavior\WriteHtmlCacheBehavior [ RunTime:0.001001s ]
INFO: [ view_filter ] --END-- [ RunTime:0.001001s ]
INFO: [ app_end ] --START--
INFO: Run Behavior\ShowPageTraceBehavior [ RunTime:0.002000s ]
INFO: [ app_end ] --END-- [ RunTime:0.002000s ]

[ 2018-05-02T22:48:53+08:00 ] 127.0.0.1 /index.php/Home/Workorder/newwork.html
INFO: [ app_init ] --START--
INFO: Run Behavior\BuildLiteBehavior [ RunTime:0.000000s ]
INFO: [ app_init ] --END-- [ RunTime:0.001001s ]
INFO: [ app_begin ] --START--
INFO: Run Behavior\ReadHtmlCacheBehavior [ RunTime:0.002000s ]
INFO: [ app_begin ] --END-- [ RunTime:0.002000s ]
INFO: [ view_parse ] --START--
INFO: [ template_filter ] --START--
INFO: Run Behavior\ContentReplaceBehavior [ RunTime:0.000000s ]
INFO: [ template_filter ] --END-- [ RunTime:0.000000s ]
INFO: Run Behavior\ParseTemplateBehavior [ RunTime:0.020001s ]
INFO: [ view_parse ] --END-- [ RunTime:0.020001s ]
INFO: [ view_filter ] --START--
INFO: Run Behavior\WriteHtmlCacheBehavior [ RunTime:0.001000s ]
INFO: [ view_filter ] --END-- [ RunTime:0.001000s ]
INFO: [ app_end ] --START--
INFO: Run Behavior\ShowPageTraceBehavior [ RunTime:0.001000s ]
INFO: [ app_end ] --END-- [ RunTime:0.001000s ]

[ 2018-05-02T22:49:00+08:00 ] 127.0.0.1 /index.php/Home/Index/index.html
INFO: [ app_init ] --START--
INFO: Run Behavior\BuildLiteBehavior [ RunTime:0.000000s ]
INFO: [ app_init ] --END-- [ RunTime:0.001000s ]
INFO: [ app_begin ] --START--
INFO: Run Behavior\ReadHtmlCacheBehavior [ RunTime:0.001001s ]
INFO: [ app_begin ] --END-- [ RunTime:0.001001s ]
INFO: [ view_parse ] --START--
INFO: [ template_filter ] --START--
INFO: Run Behavior\ContentReplaceBehavior [ RunTime:0.000000s ]
INFO: [ template_filter ] --END-- [ RunTime:0.000000s ]
INFO: Run Behavior\ParseTemplateBehavior [ RunTime:0.010000s ]
INFO: [ view_parse ] --END-- [ RunTime:0.010000s ]
INFO: [ view_filter ] --START--
INFO: Run Behavior\WriteHtmlCacheBehavior [ RunTime:0.001000s ]
INFO: [ view_filter ] --END-- [ RunTime:0.001000s ]

[ 2018-05-02T22:49:01+08:00 ] 127.0.0.1 /index.php/Home/Public/login.html
INFO: [ app_init ] --START--
INFO: Run Behavior\BuildLiteBehavior [ RunTime:0.000000s ]
INFO: [ app_init ] --END-- [ RunTime:0.001000s ]
INFO: [ app_begin ] --START--
INFO: Run Behavior\ReadHtmlCacheBehavior [ RunTime:0.001000s ]
INFO: [ app_begin ] --END-- [ RunTime:0.001000s ]
NOTIC: [8] Undefined index: home/public D:\phpStudy\WWW\foa\Application\Common\Common\function.php 第 64 行.
NOTIC: [8] Undefined index: home/public D:\phpStudy\WWW\foa\Application\Common\Common\function.php 第 65 行.
SQL: SHOW COLUMNS FROM `oa_system_config` [ RunTime:0.0110s ]
SQL: SELECT COUNT(*) AS tp_count FROM `oa_system_config` WHERE `code` = 'login_verify_code' LIMIT 1   [ RunTime:0.0010s ]
SQL: SELECT `val` FROM `oa_system_config` WHERE `code` = 'login_verify_code' LIMIT 1   [ RunTime:0.0020s ]
INFO: [ view_parse ] --START--
INFO: [ template_filter ] --START--
INFO: Run Behavior\ContentReplaceBehavior [ RunTime:0.001000s ]
INFO: [ template_filter ] --END-- [ RunTime:0.001000s ]
INFO: Run Behavior\ParseTemplateBehavior [ RunTime:0.014001s ]
INFO: [ view_parse ] --END-- [ RunTime:0.014001s ]
INFO: [ view_filter ] --START--
INFO: Run Behavior\WriteHtmlCacheBehavior [ RunTime:0.001000s ]
INFO: [ view_filter ] --END-- [ RunTime:0.002000s ]
INFO: [ app_end ] --START--
INFO: Run Behavior\ShowPageTraceBehavior [ RunTime:0.001000s ]
INFO: [ app_end ] --END-- [ RunTime:0.001000s ]

[ 2018-05-02T22:49:02+08:00 ] 127.0.0.1 /index.php?m=Home&c=Public&a=login&t=0.7639029183579289
INFO: [ app_init ] --START--
INFO: Run Behavior\BuildLiteBehavior [ RunTime:0.000000s ]
INFO: [ app_init ] --END-- [ RunTime:0.001000s ]
INFO: [ app_begin ] --START--
INFO: Run Behavior\ReadHtmlCacheBehavior [ RunTime:0.001001s ]
INFO: [ app_begin ] --END-- [ RunTime:0.001001s ]
NOTIC: [8] Undefined index: home/public D:\phpStudy\WWW\foa\Application\Common\Common\function.php 第 64 行.
NOTIC: [8] Undefined index: home/public D:\phpStudy\WWW\foa\Application\Common\Common\function.php 第 65 行.
SQL: SHOW COLUMNS FROM `oa_system_config` [ RunTime:0.0080s ]
SQL: SELECT COUNT(*) AS tp_count FROM `oa_system_config` WHERE `code` = 'login_verify_code' LIMIT 1   [ RunTime:0.0000s ]
SQL: SELECT `val` FROM `oa_system_config` WHERE `code` = 'login_verify_code' LIMIT 1   [ RunTime:0.0000s ]
SQL: SHOW COLUMNS FROM `oa_user` [ RunTime:0.0080s ]
SQL: SELECT * FROM `oa_user` INNER JOIN oa_admin_role ON oa_user.role_id=oa_admin_role.role_id  WHERE `emp_no` = 'admin' AND `password` = '21232f297a57a5a743894a0e4a801fc3' AND `is_del` = 0 LIMIT 1   [ RunTime:0.0010s ]
SQL: SHOW COLUMNS FROM `oa_user` [ RunTime:0.0090s ]
SQL: UPDATE `oa_user` SET `login_count`=login_count+1,`last_login_ip`='127.0.0.1' WHERE `id` = 1 [ RunTime:0.0020s ]

[ 2018-05-02T22:49:02+08:00 ] 127.0.0.1 /index.php/Home/Index/index.html
INFO: [ app_init ] --START--
INFO: Run Behavior\BuildLiteBehavior [ RunTime:0.000000s ]
INFO: [ app_init ] --END-- [ RunTime:0.000000s ]
INFO: [ app_begin ] --START--
INFO: Run Behavior\ReadHtmlCacheBehavior [ RunTime:0.001000s ]
INFO: [ app_begin ] --END-- [ RunTime:0.001000s ]
NOTIC: [8] Undefined index: home/index D:\phpStudy\WWW\foa\Application\Common\Common\function.php 第 64 行.
NOTIC: [8] Undefined index: home/index D:\phpStudy\WWW\foa\Application\Common\Common\function.php 第 65 行.
SQL: SHOW COLUMNS FROM `oa_user` [ RunTime:0.0080s ]
SQL: SELECT * FROM `oa_user` WHERE `id` = 1 LIMIT 1   [ RunTime:0.0010s ]
INFO: [ view_parse ] --START--
INFO: [ template_filter ] --START--
INFO: Run Behavior\ContentReplaceBehavior [ RunTime:0.000000s ]
INFO: [ template_filter ] --END-- [ RunTime:0.000000s ]
NOTIC: [8] Undefined variable: upgradeMsg D:\phpStudy\WWW\foa\Runtime\Cache\Home\2a94b8bda04ff446dcedd42276fc99ee.php 第 51 行.
NOTIC: [8] Undefined variable: upgradeMsg D:\phpStudy\WWW\foa\Runtime\Cache\Home\2a94b8bda04ff446dcedd42276fc99ee.php 第 54 行.
INFO: Run Behavior\ParseTemplateBehavior [ RunTime:0.016001s ]
INFO: [ view_parse ] --END-- [ RunTime:0.016001s ]
INFO: [ view_filter ] --START--
INFO: Run Behavior\WriteHtmlCacheBehavior [ RunTime:0.001000s ]
INFO: [ view_filter ] --END-- [ RunTime:0.001000s ]
INFO: [ app_end ] --START--
INFO: Run Behavior\ShowPageTraceBehavior [ RunTime:0.002000s ]
INFO: [ app_end ] --END-- [ RunTime:0.002000s ]

[ 2018-05-02T22:49:03+08:00 ] 127.0.0.1 /index.php/Home/Workorder/newwork.html
INFO: [ app_init ] --START--
INFO: Run Behavior\BuildLiteBehavior [ RunTime:0.000000s ]
INFO: [ app_init ] --END-- [ RunTime:0.001001s ]
INFO: [ app_begin ] --START--
INFO: Run Behavior\ReadHtmlCacheBehavior [ RunTime:0.003000s ]
INFO: [ app_begin ] --END-- [ RunTime:0.003000s ]
INFO: [ view_parse ] --START--
INFO: [ template_filter ] --START--
INFO: Run Behavior\ContentReplaceBehavior [ RunTime:0.000000s ]
INFO: [ template_filter ] --END-- [ RunTime:0.000000s ]
INFO: Run Behavior\ParseTemplateBehavior [ RunTime:0.018001s ]
INFO: [ view_parse ] --END-- [ RunTime:0.018001s ]
INFO: [ view_filter ] --START--
INFO: Run Behavior\WriteHtmlCacheBehavior [ RunTime:0.001000s ]
INFO: [ view_filter ] --END-- [ RunTime:0.001000s ]
INFO: [ app_end ] --START--
INFO: Run Behavior\ShowPageTraceBehavior [ RunTime:0.001001s ]
INFO: [ app_end ] --END-- [ RunTime:0.001001s ]

[ 2018-05-02T22:49:23+08:00 ] 127.0.0.1 /index.php/home/img/ajaxuploadimg
INFO: [ app_init ] --START--
INFO: Run Behavior\BuildLiteBehavior [ RunTime:0.000000s ]
INFO: [ app_init ] --END-- [ RunTime:0.001000s ]
INFO: [ app_begin ] --START--
INFO: Run Behavior\ReadHtmlCacheBehavior [ RunTime:0.001000s ]
INFO: [ app_begin ] --END-- [ RunTime:0.001000s ]
NOTIC: [8] Use of undefined constant UPLOAD_PATH - assumed 'UPLOAD_PATH' D:\phpStudy\WWW\foa\Application\Home\Controller\ImgController.class.php 第 18 行.
NOTIC: [8] Use of undefined constant uniqid - assumed 'uniqid' D:\phpStudy\WWW\foa\Application\Home\Controller\ImgController.class.php 第 23 行.
NOTIC: [2] call_user_func() expects parameter 1 to be a valid callback, no array or string given D:\phpStudy\WWW\foa\ThinkPHP\Library\Think\Upload.class.php 第 170 行.
NOTIC: [8] Use of undefined constant UPLOAD_PATH - assumed 'UPLOAD_PATH' D:\phpStudy\WWW\foa\ThinkPHP\Library\Think\Upload.class.php 第 209 行.
SQL: SHOW COLUMNS FROM `oa_img` [ RunTime:0.0090s ]
SQL: SHOW COLUMNS FROM `oa_img` [ RunTime:0.0080s ]
SQL: INSERT INTO `oa_img` (`img_url`,`img_name`,`img_size`) VALUES ('2018/05/02/5ae9cff338ef5.jpeg','20151122141055_esXCh.jpeg','126595') [ RunTime:0.0000s ]

[ 2018-05-02T22:50:01+08:00 ] 127.0.0.1 /index.php/Home/Index/index.html
INFO: [ app_init ] --START--
INFO: Run Behavior\BuildLiteBehavior [ RunTime:0.000000s ]
INFO: [ app_init ] --END-- [ RunTime:0.000000s ]
INFO: [ app_begin ] --START--
INFO: Run Behavior\ReadHtmlCacheBehavior [ RunTime:0.001000s ]
INFO: [ app_begin ] --END-- [ RunTime:0.001000s ]
NOTIC: [8] Undefined index: home/index D:\phpStudy\WWW\foa\Application\Common\Common\function.php 第 64 行.
NOTIC: [8] Undefined index: home/index D:\phpStudy\WWW\foa\Application\Common\Common\function.php 第 65 行.
SQL: SHOW COLUMNS FROM `oa_user` [ RunTime:0.0110s ]
SQL: SELECT * FROM `oa_user` WHERE `id` = 1 LIMIT 1   [ RunTime:0.0010s ]
INFO: [ view_parse ] --START--
INFO: [ template_filter ] --START--
INFO: Run Behavior\ContentReplaceBehavior [ RunTime:0.000000s ]
INFO: [ template_filter ] --END-- [ RunTime:0.000000s ]
NOTIC: [8] Undefined variable: upgradeMsg D:\phpStudy\WWW\foa\Runtime\Cache\Home\2a94b8bda04ff446dcedd42276fc99ee.php 第 51 行.
NOTIC: [8] Undefined variable: upgradeMsg D:\phpStudy\WWW\foa\Runtime\Cache\Home\2a94b8bda04ff446dcedd42276fc99ee.php 第 54 行.
INFO: Run Behavior\ParseTemplateBehavior [ RunTime:0.018001s ]
INFO: [ view_parse ] --END-- [ RunTime:0.018001s ]
INFO: [ view_filter ] --START--
INFO: Run Behavior\WriteHtmlCacheBehavior [ RunTime:0.001000s ]
INFO: [ view_filter ] --END-- [ RunTime:0.001000s ]
INFO: [ app_end ] --START--
INFO: Run Behavior\ShowPageTraceBehavior [ RunTime:0.001000s ]
INFO: [ app_end ] --END-- [ RunTime:0.001000s ]

[ 2018-05-02T22:50:01+08:00 ] 127.0.0.1 /index.php/Home/Workorder/newwork.html
INFO: [ app_init ] --START--
INFO: Run Behavior\BuildLiteBehavior [ RunTime:0.000000s ]
INFO: [ app_init ] --END-- [ RunTime:0.001000s ]
INFO: [ app_begin ] --START--
INFO: Run Behavior\ReadHtmlCacheBehavior [ RunTime:0.002000s ]
INFO: [ app_begin ] --END-- [ RunTime:0.002000s ]
INFO: [ view_parse ] --START--
INFO: [ template_filter ] --START--
INFO: Run Behavior\ContentReplaceBehavior [ RunTime:0.000000s ]
INFO: [ template_filter ] --END-- [ RunTime:0.000000s ]
INFO: Run Behavior\ParseTemplateBehavior [ RunTime:0.022002s ]
INFO: [ view_parse ] --END-- [ RunTime:0.022002s ]
INFO: [ view_filter ] --START--
INFO: Run Behavior\WriteHtmlCacheBehavior [ RunTime:0.001000s ]
INFO: [ view_filter ] --END-- [ RunTime:0.001000s ]
INFO: [ app_end ] --START--
INFO: Run Behavior\ShowPageTraceBehavior [ RunTime:0.002000s ]
INFO: [ app_end ] --END-- [ RunTime:0.002000s ]

[ 2018-05-02T22:50:17+08:00 ] 127.0.0.1 /index.php/Home/Index/index.html
INFO: [ app_init ] --START--
INFO: Run Behavior\BuildLiteBehavior [ RunTime:0.000000s ]
INFO: [ app_init ] --END-- [ RunTime:0.000000s ]
INFO: [ app_begin ] --START--
INFO: Run Behavior\ReadHtmlCacheBehavior [ RunTime:0.002000s ]
INFO: [ app_begin ] --END-- [ RunTime:0.002000s ]
INFO: [ view_parse ] --START--
INFO: [ template_filter ] --START--
INFO: Run Behavior\ContentReplaceBehavior [ RunTime:0.000000s ]
INFO: [ template_filter ] --END-- [ RunTime:0.000000s ]
INFO: Run Behavior\ParseTemplateBehavior [ RunTime:0.011001s ]
INFO: [ view_parse ] --END-- [ RunTime:0.011001s ]
INFO: [ view_filter ] --START--
INFO: Run Behavior\WriteHtmlCacheBehavior [ RunTime:0.001000s ]
INFO: [ view_filter ] --END-- [ RunTime:0.002000s ]

[ 2018-05-02T22:50:19+08:00 ] 127.0.0.1 /index.php/Home/Public/login.html
INFO: [ app_init ] --START--
INFO: Run Behavior\BuildLiteBehavior [ RunTime:0.000000s ]
INFO: [ app_init ] --END-- [ RunTime:0.001000s ]
INFO: [ app_begin ] --START--
INFO: Run Behavior\ReadHtmlCacheBehavior [ RunTime:0.001000s ]
INFO: [ app_begin ] --END-- [ RunTime:0.001000s ]
NOTIC: [8] Undefined index: home/public D:\phpStudy\WWW\foa\Application\Common\Common\function.php 第 64 行.
NOTIC: [8] Undefined index: home/public D:\phpStudy\WWW\foa\Application\Common\Common\function.php 第 65 行.
SQL: SHOW COLUMNS FROM `oa_system_config` [ RunTime:0.0100s ]
SQL: SELECT COUNT(*) AS tp_count FROM `oa_system_config` WHERE `code` = 'login_verify_code' LIMIT 1   [ RunTime:0.0010s ]
SQL: SELECT `val` FROM `oa_system_config` WHERE `code` = 'login_verify_code' LIMIT 1   [ RunTime:0.0000s ]
INFO: [ view_parse ] --START--
INFO: [ template_filter ] --START--
INFO: Run Behavior\ContentReplaceBehavior [ RunTime:0.000000s ]
INFO: [ template_filter ] --END-- [ RunTime:0.001000s ]
INFO: Run Behavior\ParseTemplateBehavior [ RunTime:0.014001s ]
INFO: [ view_parse ] --END-- [ RunTime:0.014001s ]
INFO: [ view_filter ] --START--
INFO: Run Behavior\WriteHtmlCacheBehavior [ RunTime:0.001000s ]
INFO: [ view_filter ] --END-- [ RunTime:0.001000s ]
INFO: [ app_end ] --START--
INFO: Run Behavior\ShowPageTraceBehavior [ RunTime:0.002000s ]
INFO: [ app_end ] --END-- [ RunTime:0.002000s ]

[ 2018-05-02T22:50:19+08:00 ] 127.0.0.1 /index.php?m=Home&c=Public&a=login&t=0.713807911901694
INFO: [ app_init ] --START--
INFO: Run Behavior\BuildLiteBehavior [ RunTime:0.000000s ]
INFO: [ app_init ] --END-- [ RunTime:0.001000s ]
INFO: [ app_begin ] --START--
INFO: Run Behavior\ReadHtmlCacheBehavior [ RunTime:0.001001s ]
INFO: [ app_begin ] --END-- [ RunTime:0.001001s ]
NOTIC: [8] Undefined index: home/public D:\phpStudy\WWW\foa\Application\Common\Common\function.php 第 64 行.
NOTIC: [8] Undefined index: home/public D:\phpStudy\WWW\foa\Application\Common\Common\function.php 第 65 行.
SQL: SHOW COLUMNS FROM `oa_system_config` [ RunTime:0.0080s ]
SQL: SELECT COUNT(*) AS tp_count FROM `oa_system_config` WHERE `code` = 'login_verify_code' LIMIT 1   [ RunTime:0.0000s ]
SQL: SELECT `val` FROM `oa_system_config` WHERE `code` = 'login_verify_code' LIMIT 1   [ RunTime:0.0000s ]
SQL: SHOW COLUMNS FROM `oa_user` [ RunTime:0.0080s ]
SQL: SELECT * FROM `oa_user` INNER JOIN oa_admin_role ON oa_user.role_id=oa_admin_role.role_id  WHERE `emp_no` = 'admin' AND `password` = '21232f297a57a5a743894a0e4a801fc3' AND `is_del` = 0 LIMIT 1   [ RunTime:0.0010s ]
SQL: SHOW COLUMNS FROM `oa_user` [ RunTime:0.0090s ]
SQL: UPDATE `oa_user` SET `login_count`=login_count+1,`last_login_ip`='127.0.0.1' WHERE `id` = 1 [ RunTime:0.0020s ]

[ 2018-05-02T22:50:19+08:00 ] 127.0.0.1 /index.php/Home/Index/index.html
INFO: [ app_init ] --START--
INFO: Run Behavior\BuildLiteBehavior [ RunTime:0.000000s ]
INFO: [ app_init ] --END-- [ RunTime:0.001000s ]
INFO: [ app_begin ] --START--
INFO: Run Behavior\ReadHtmlCacheBehavior [ RunTime:0.001000s ]
INFO: [ app_begin ] --END-- [ RunTime:0.001000s ]
NOTIC: [8] Undefined index: home/index D:\phpStudy\WWW\foa\Application\Common\Common\function.php 第 64 行.
NOTIC: [8] Undefined index: home/index D:\phpStudy\WWW\foa\Application\Common\Common\function.php 第 65 行.
SQL: SHOW COLUMNS FROM `oa_user` [ RunTime:0.0090s ]
SQL: SELECT * FROM `oa_user` WHERE `id` = 1 LIMIT 1   [ RunTime:0.0010s ]
INFO: [ view_parse ] --START--
INFO: [ template_filter ] --START--
INFO: Run Behavior\ContentReplaceBehavior [ RunTime:0.000000s ]
INFO: [ template_filter ] --END-- [ RunTime:0.000000s ]
NOTIC: [8] Undefined variable: upgradeMsg D:\phpStudy\WWW\foa\Runtime\Cache\Home\2a94b8bda04ff446dcedd42276fc99ee.php 第 51 行.
NOTIC: [8] Undefined variable: upgradeMsg D:\phpStudy\WWW\foa\Runtime\Cache\Home\2a94b8bda04ff446dcedd42276fc99ee.php 第 54 行.
INFO: Run Behavior\ParseTemplateBehavior [ RunTime:0.016001s ]
INFO: [ view_parse ] --END-- [ RunTime:0.016001s ]
INFO: [ view_filter ] --START--
INFO: Run Behavior\WriteHtmlCacheBehavior [ RunTime:0.000000s ]
INFO: [ view_filter ] --END-- [ RunTime:0.000000s ]
INFO: [ app_end ] --START--
INFO: Run Behavior\ShowPageTraceBehavior [ RunTime:0.001000s ]
INFO: [ app_end ] --END-- [ RunTime:0.001000s ]

[ 2018-05-02T22:50:20+08:00 ] 127.0.0.1 /index.php/Home/Workorder/newwork.html
INFO: [ app_init ] --START--
INFO: Run Behavior\BuildLiteBehavior [ RunTime:0.000000s ]
INFO: [ app_init ] --END-- [ RunTime:0.002000s ]
INFO: [ app_begin ] --START--
INFO: Run Behavior\ReadHtmlCacheBehavior [ RunTime:0.002000s ]
INFO: [ app_begin ] --END-- [ RunTime:0.002000s ]
INFO: [ view_parse ] --START--
INFO: [ template_filter ] --START--
INFO: Run Behavior\ContentReplaceBehavior [ RunTime:0.000000s ]
INFO: [ template_filter ] --END-- [ RunTime:0.000000s ]
INFO: Run Behavior\ParseTemplateBehavior [ RunTime:0.019001s ]
INFO: [ view_parse ] --END-- [ RunTime:0.019001s ]
INFO: [ view_filter ] --START--
INFO: Run Behavior\WriteHtmlCacheBehavior [ RunTime:0.001000s ]
INFO: [ view_filter ] --END-- [ RunTime:0.001000s ]
INFO: [ app_end ] --START--
INFO: Run Behavior\ShowPageTraceBehavior [ RunTime:0.001000s ]
INFO: [ app_end ] --END-- [ RunTime:0.001000s ]

[ 2018-05-02T22:50:43+08:00 ] 127.0.0.1 /index.php/Home/Mywork/waittingreply.html
INFO: [ app_init ] --START--
INFO: Run Behavior\BuildLiteBehavior [ RunTime:0.000000s ]
INFO: [ app_init ] --END-- [ RunTime:0.000000s ]
INFO: [ app_begin ] --START--
INFO: Run Behavior\ReadHtmlCacheBehavior [ RunTime:0.001000s ]
INFO: [ app_begin ] --END-- [ RunTime:0.002000s ]
NOTIC: [8] Undefined index: home/mywork D:\phpStudy\WWW\foa\Application\Common\Common\function.php 第 64 行.
NOTIC: [8] Undefined index: home/mywork D:\phpStudy\WWW\foa\Application\Common\Common\function.php 第 65 行.
NOTIC: [8] Undefined index: p D:\phpStudy\WWW\foa\Application\Home\Controller\MyworkController.class.php 第 10 行.
NOTIC: [8] Undefined index: pagesize D:\phpStudy\WWW\foa\Application\Home\Controller\MyworkController.class.php 第 12 行.
SQL: SHOW COLUMNS FROM `oa_workorder` [ RunTime:0.0090s ]
SQL: SELECT * FROM `oa_workorder` WHERE ( status=3 ) ORDER BY id desc LIMIT 0,3   [ RunTime:0.0000s ]
SQL: SELECT COUNT(*) AS tp_count FROM `oa_workorder` WHERE ( status=3 ) LIMIT 1   [ RunTime:0.0000s ]
INFO: [ view_parse ] --START--
INFO: [ template_filter ] --START--
INFO: Run Behavior\ContentReplaceBehavior [ RunTime:0.000000s ]
INFO: [ template_filter ] --END-- [ RunTime:0.000000s ]
INFO: Run Behavior\ParseTemplateBehavior [ RunTime:0.015001s ]
INFO: [ view_parse ] --END-- [ RunTime:0.015001s ]
INFO: [ view_filter ] --START--
INFO: Run Behavior\WriteHtmlCacheBehavior [ RunTime:0.001000s ]
INFO: [ view_filter ] --END-- [ RunTime:0.001000s ]
INFO: [ app_end ] --START--
INFO: Run Behavior\ShowPageTraceBehavior [ RunTime:0.001000s ]
INFO: [ app_end ] --END-- [ RunTime:0.001000s ]

[ 2018-05-02T22:50:43+08:00 ] 127.0.0.1 /index.php/Home/Workorder/allwork.html
INFO: [ app_init ] --START--
INFO: Run Behavior\BuildLiteBehavior [ RunTime:0.000000s ]
INFO: [ app_init ] --END-- [ RunTime:0.000000s ]
INFO: [ app_begin ] --START--
INFO: Run Behavior\ReadHtmlCacheBehavior [ RunTime:0.000000s ]
INFO: [ app_begin ] --END-- [ RunTime:0.000000s ]
NOTIC: [8] Undefined index: p D:\phpStudy\WWW\foa\Application\Home\Controller\WorkorderController.class.php 第 47 行.
NOTIC: [8] Undefined index: pagesize D:\phpStudy\WWW\foa\Application\Home\Controller\WorkorderController.class.php 第 49 行.
NOTIC: [8] Undefined index: status D:\phpStudy\WWW\foa\Application\Home\Controller\WorkorderController.class.php 第 50 行.
SQL: SHOW COLUMNS FROM `oa_workorder` [ RunTime:0.0090s ]
SQL: SELECT * FROM `oa_workorder` ORDER BY id desc LIMIT 0,3   [ RunTime:0.0010s ]
SQL: SELECT COUNT(*) AS tp_count FROM `oa_workorder` LIMIT 1   [ RunTime:0.0010s ]
INFO: [ view_parse ] --START--
INFO: [ template_filter ] --START--
INFO: Run Behavior\ContentReplaceBehavior [ RunTime:0.000000s ]
INFO: [ template_filter ] --END-- [ RunTime:0.000000s ]
NOTIC: [8] Use of undefined constant status - assumed 'status' D:\phpStudy\WWW\foa\Runtime\Cache\Home\652a16d706060306d5bb21c219187f3b.php 第 139 行.
NOTIC: [8] Undefined index: status D:\phpStudy\WWW\foa\Runtime\Cache\Home\652a16d706060306d5bb21c219187f3b.php 第 139 行.
NOTIC: [8] Use of undefined constant status - assumed 'status' D:\phpStudy\WWW\foa\Runtime\Cache\Home\652a16d706060306d5bb21c219187f3b.php 第 140 行.
NOTIC: [8] Undefined index: status D:\phpStudy\WWW\foa\Runtime\Cache\Home\652a16d706060306d5bb21c219187f3b.php 第 140 行.
NOTIC: [8] Use of undefined constant status - assumed 'status' D:\phpStudy\WWW\foa\Runtime\Cache\Home\652a16d706060306d5bb21c219187f3b.php 第 141 行.
NOTIC: [8] Undefined index: status D:\phpStudy\WWW\foa\Runtime\Cache\Home\652a16d706060306d5bb21c219187f3b.php 第 141 行.
NOTIC: [8] Use of undefined constant status - assumed 'status' D:\phpStudy\WWW\foa\Runtime\Cache\Home\652a16d706060306d5bb21c219187f3b.php 第 142 行.
NOTIC: [8] Undefined index: status D:\phpStudy\WWW\foa\Runtime\Cache\Home\652a16d706060306d5bb21c219187f3b.php 第 142 行.
INFO: Run Behavior\ParseTemplateBehavior [ RunTime:0.015000s ]
INFO: [ view_parse ] --END-- [ RunTime:0.015000s ]
INFO: [ view_filter ] --START--
INFO: Run Behavior\WriteHtmlCacheBehavior [ RunTime:0.001000s ]
INFO: [ view_filter ] --END-- [ RunTime:0.001000s ]
INFO: [ app_end ] --START--
INFO: Run Behavior\ShowPageTraceBehavior [ RunTime:0.001001s ]
INFO: [ app_end ] --END-- [ RunTime:0.001001s ]

[ 2018-05-02T22:50:45+08:00 ] 127.0.0.1 /index.php/Home?c=OneWork&a=checkcontent&id=142
INFO: [ app_init ] --START--
INFO: Run Behavior\BuildLiteBehavior [ RunTime:0.000000s ]
INFO: [ app_init ] --END-- [ RunTime:0.001000s ]
INFO: [ app_begin ] --START--
INFO: Run Behavior\ReadHtmlCacheBehavior [ RunTime:0.001000s ]
INFO: [ app_begin ] --END-- [ RunTime:0.001000s ]
NOTIC: [8] Undefined index: home/onework D:\phpStudy\WWW\foa\Application\Common\Common\function.php 第 64 行.
NOTIC: [8] Undefined index: home/onework D:\phpStudy\WWW\foa\Application\Common\Common\function.php 第 65 行.
NOTIC: [8] Undefined index: status D:\phpStudy\WWW\foa\Application\Home\Controller\OneWorkController.class.php 第 11 行.
NOTIC: [8] Undefined index: content D:\phpStudy\WWW\foa\Application\Home\Controller\OneWorkController.class.php 第 25 行.
SQL: SHOW COLUMNS FROM `oa_workorder` [ RunTime:0.0110s ]
SQL: SELECT * FROM `oa_workorder` WHERE ( id=142 ) LIMIT 1   [ RunTime:0.0000s ]
SQL: SELECT * FROM `oa_workorder` INNER JOIN oa_img ON oa_workorder.img_id = oa_img.img_id  WHERE ( id=142 ) LIMIT 1   [ RunTime:0.0000s ]
NOTIC: [8] Undefined index: id D:\phpStudy\WWW\foa\Application\Home\Controller\OneWorkController.class.php 第 81 行.
SQL: SHOW COLUMNS FROM `oa_onework` [ RunTime:0.0090s ]
SQL: SELECT * FROM `oa_onework` LEFT JOIN oa_img ON oa_onework.img_id = oa_img.img_id LEFT JOIN oa_file ON oa_onework.file_id = oa_file.file_id  WHERE ( workorder_id=142 )  [ RunTime:0.0000s ]
NOTIC: [8] Undefined index: file_id D:\phpStudy\WWW\foa\Application\Home\Controller\OneWorkController.class.php 第 117 行.
INFO: [ view_parse ] --START--
INFO: [ template_filter ] --START--
INFO: Run Behavior\ContentReplaceBehavior [ RunTime:0.001000s ]
INFO: [ template_filter ] --END-- [ RunTime:0.001000s ]
NOTIC: [8] Undefined variable: fl D:\phpStudy\WWW\foa\Runtime\Cache\Home\ce977014336db10972272a7081ea7829.php 第 197 行.
NOTIC: [8] Undefined variable: filearr D:\phpStudy\WWW\foa\Runtime\Cache\Home\ce977014336db10972272a7081ea7829.php 第 198 行.
INFO: Run Behavior\ParseTemplateBehavior [ RunTime:0.024001s ]
INFO: [ view_parse ] --END-- [ RunTime:0.024001s ]
INFO: [ view_filter ] --START--
INFO: Run Behavior\WriteHtmlCacheBehavior [ RunTime:0.000000s ]
INFO: [ view_filter ] --END-- [ RunTime:0.000000s ]
INFO: [ app_end ] --START--
INFO: Run Behavior\ShowPageTraceBehavior [ RunTime:0.001001s ]
INFO: [ app_end ] --END-- [ RunTime:0.001001s ]

[ 2018-05-02T22:50:46+08:00 ] 127.0.0.1 /index.php
INFO: [ app_init ] --START--
INFO: Run Behavior\BuildLiteBehavior [ RunTime:0.000000s ]
INFO: [ app_init ] --END-- [ RunTime:0.001000s ]
INFO: [ app_begin ] --START--
INFO: Run Behavior\ReadHtmlCacheBehavior [ RunTime:0.001000s ]
INFO: [ app_begin ] --END-- [ RunTime:0.001000s ]
INFO: [ view_parse ] --START--
INFO: [ template_filter ] --START--
INFO: Run Behavior\ContentReplaceBehavior [ RunTime:0.000000s ]
INFO: [ template_filter ] --END-- [ RunTime:0.000000s ]
INFO: Run Behavior\ParseTemplateBehavior [ RunTime:0.009000s ]
INFO: [ view_parse ] --END-- [ RunTime:0.009000s ]
INFO: [ view_filter ] --START--
INFO: Run Behavior\WriteHtmlCacheBehavior [ RunTime:0.000000s ]
INFO: [ view_filter ] --END-- [ RunTime:0.000000s ]

[ 2018-05-02T22:53:54+08:00 ] 127.0.0.1 /index.php/Home/Mywork/waittingreply.html
INFO: [ app_init ] --START--
INFO: Run Behavior\BuildLiteBehavior [ RunTime:0.000000s ]
INFO: [ app_init ] --END-- [ RunTime:0.000000s ]
INFO: [ app_begin ] --START--
INFO: Run Behavior\ReadHtmlCacheBehavior [ RunTime:0.001000s ]
INFO: [ app_begin ] --END-- [ RunTime:0.001000s ]
NOTIC: [8] Undefined index: home/mywork D:\phpStudy\WWW\foa\Application\Common\Common\function.php 第 64 行.
NOTIC: [8] Undefined index: home/mywork D:\phpStudy\WWW\foa\Application\Common\Common\function.php 第 65 行.
NOTIC: [8] Undefined index: p D:\phpStudy\WWW\foa\Application\Home\Controller\MyworkController.class.php 第 10 行.
NOTIC: [8] Undefined index: pagesize D:\phpStudy\WWW\foa\Application\Home\Controller\MyworkController.class.php 第 12 行.
SQL: SHOW COLUMNS FROM `oa_workorder` [ RunTime:0.0080s ]
SQL: SELECT * FROM `oa_workorder` WHERE ( status=3 ) ORDER BY id desc LIMIT 0,3   [ RunTime:0.0000s ]
SQL: SELECT COUNT(*) AS tp_count FROM `oa_workorder` WHERE ( status=3 ) LIMIT 1   [ RunTime:0.0000s ]
INFO: [ view_parse ] --START--
INFO: [ template_filter ] --START--
INFO: Run Behavior\ContentReplaceBehavior [ RunTime:0.000000s ]
INFO: [ template_filter ] --END-- [ RunTime:0.000000s ]
INFO: Run Behavior\ParseTemplateBehavior [ RunTime:0.014001s ]
INFO: [ view_parse ] --END-- [ RunTime:0.014001s ]
INFO: [ view_filter ] --START--
INFO: Run Behavior\WriteHtmlCacheBehavior [ RunTime:0.000000s ]
INFO: [ view_filter ] --END-- [ RunTime:0.000000s ]
INFO: [ app_end ] --START--
INFO: Run Behavior\ShowPageTraceBehavior [ RunTime:0.001000s ]
INFO: [ app_end ] --END-- [ RunTime:0.001000s ]

[ 2018-05-02T22:53:54+08:00 ] 127.0.0.1 /index.php/Home/Mywork/myworkorder.html
INFO: [ app_init ] --START--
INFO: Run Behavior\BuildLiteBehavior [ RunTime:0.000000s ]
INFO: [ app_init ] --END-- [ RunTime:0.001000s ]
INFO: [ app_begin ] --START--
INFO: Run Behavior\ReadHtmlCacheBehavior [ RunTime:0.001000s ]
INFO: [ app_begin ] --END-- [ RunTime:0.001000s ]
NOTIC: [8] Undefined index: home/mywork D:\phpStudy\WWW\foa\Application\Common\Common\function.php 第 64 行.
NOTIC: [8] Undefined index: home/mywork D:\phpStudy\WWW\foa\Application\Common\Common\function.php 第 65 行.
NOTIC: [8] Undefined index: p D:\phpStudy\WWW\foa\Application\Home\Controller\MyworkController.class.php 第 39 行.
NOTIC: [8] Undefined index: pagesize D:\phpStudy\WWW\foa\Application\Home\Controller\MyworkController.class.php 第 41 行.
NOTIC: [8] Undefined index: status D:\phpStudy\WWW\foa\Application\Home\Controller\MyworkController.class.php 第 42 行.
SQL: SHOW COLUMNS FROM `oa_workorder` [ RunTime:0.0090s ]
NOTIC: [8] Undefined variable: status D:\phpStudy\WWW\foa\Application\Home\Controller\MyworkController.class.php 第 50 行.
SQL: SELECT * FROM `oa_workorder` WHERE ( user_id=1 ) ORDER BY id desc LIMIT 0,3   [ RunTime:0.0000s ]
SQL: SELECT COUNT(*) AS tp_count FROM `oa_workorder` WHERE ( user_id=1 ) LIMIT 1   [ RunTime:0.0000s ]
INFO: [ view_parse ] --START--
INFO: [ template_filter ] --START--
INFO: Run Behavior\ContentReplaceBehavior [ RunTime:0.000000s ]
INFO: [ template_filter ] --END-- [ RunTime:0.000000s ]
NOTIC: [8] Use of undefined constant status - assumed 'status' D:\phpStudy\WWW\foa\Runtime\Cache\Home\10914b7f410cea8c44f6b0e6fb03a668.php 第 139 行.
NOTIC: [8] Undefined index: status D:\phpStudy\WWW\foa\Runtime\Cache\Home\10914b7f410cea8c44f6b0e6fb03a668.php 第 139 行.
NOTIC: [8] Use of undefined constant status - assumed 'status' D:\phpStudy\WWW\foa\Runtime\Cache\Home\10914b7f410cea8c44f6b0e6fb03a668.php 第 140 行.
NOTIC: [8] Undefined index: status D:\phpStudy\WWW\foa\Runtime\Cache\Home\10914b7f410cea8c44f6b0e6fb03a668.php 第 140 行.
NOTIC: [8] Use of undefined constant status - assumed 'status' D:\phpStudy\WWW\foa\Runtime\Cache\Home\10914b7f410cea8c44f6b0e6fb03a668.php 第 141 行.
NOTIC: [8] Undefined index: status D:\phpStudy\WWW\foa\Runtime\Cache\Home\10914b7f410cea8c44f6b0e6fb03a668.php 第 141 行.
NOTIC: [8] Use of undefined constant status - assumed 'status' D:\phpStudy\WWW\foa\Runtime\Cache\Home\10914b7f410cea8c44f6b0e6fb03a668.php 第 142 行.
NOTIC: [8] Undefined index: status D:\phpStudy\WWW\foa\Runtime\Cache\Home\10914b7f410cea8c44f6b0e6fb03a668.php 第 142 行.
INFO: Run Behavior\ParseTemplateBehavior [ RunTime:0.016001s ]
INFO: [ view_parse ] --END-- [ RunTime:0.016001s ]
INFO: [ view_filter ] --START--
INFO: Run Behavior\WriteHtmlCacheBehavior [ RunTime:0.001000s ]
INFO: [ view_filter ] --END-- [ RunTime:0.001000s ]
INFO: [ app_end ] --START--
INFO: Run Behavior\ShowPageTraceBehavior [ RunTime:0.001000s ]
INFO: [ app_end ] --END-- [ RunTime:0.001000s ]

[ 2018-05-02T22:53:55+08:00 ] 127.0.0.1 /index.php/Home/Mywork/handleworkorder.html
INFO: [ app_init ] --START--
INFO: Run Behavior\BuildLiteBehavior [ RunTime:0.000000s ]
INFO: [ app_init ] --END-- [ RunTime:0.001000s ]
INFO: [ app_begin ] --START--
INFO: Run Behavior\ReadHtmlCacheBehavior [ RunTime:0.001000s ]
INFO: [ app_begin ] --END-- [ RunTime:0.001000s ]
NOTIC: [8] Undefined index: home/mywork D:\phpStudy\WWW\foa\Application\Common\Common\function.php 第 64 行.
NOTIC: [8] Undefined index: home/mywork D:\phpStudy\WWW\foa\Application\Common\Common\function.php 第 65 行.
INFO: [ app_end ] --START--
INFO: Run Behavior\ShowPageTraceBehavior [ RunTime:0.000000s ]
INFO: [ app_end ] --END-- [ RunTime:0.001000s ]

[ 2018-05-02T22:53:57+08:00 ] 127.0.0.1 /index.php/Home/Mywork/myworkorder.html
INFO: [ app_init ] --START--
INFO: Run Behavior\BuildLiteBehavior [ RunTime:0.000000s ]
INFO: [ app_init ] --END-- [ RunTime:0.001000s ]
INFO: [ app_begin ] --START--
INFO: Run Behavior\ReadHtmlCacheBehavior [ RunTime:0.001000s ]
INFO: [ app_begin ] --END-- [ RunTime:0.001000s ]
NOTIC: [8] Undefined index: home/mywork D:\phpStudy\WWW\foa\Application\Common\Common\function.php 第 64 行.
NOTIC: [8] Undefined index: home/mywork D:\phpStudy\WWW\foa\Application\Common\Common\function.php 第 65 行.
NOTIC: [8] Undefined index: p D:\phpStudy\WWW\foa\Application\Home\Controller\MyworkController.class.php 第 39 行.
NOTIC: [8] Undefined index: pagesize D:\phpStudy\WWW\foa\Application\Home\Controller\MyworkController.class.php 第 41 行.
NOTIC: [8] Undefined index: status D:\phpStudy\WWW\foa\Application\Home\Controller\MyworkController.class.php 第 42 行.
SQL: SHOW COLUMNS FROM `oa_workorder` [ RunTime:0.0110s ]
NOTIC: [8] Undefined variable: status D:\phpStudy\WWW\foa\Application\Home\Controller\MyworkController.class.php 第 50 行.
SQL: SELECT * FROM `oa_workorder` WHERE ( user_id=1 ) ORDER BY id desc LIMIT 0,3   [ RunTime:0.0000s ]
SQL: SELECT COUNT(*) AS tp_count FROM `oa_workorder` WHERE ( user_id=1 ) LIMIT 1   [ RunTime:0.0000s ]
INFO: [ view_parse ] --START--
INFO: [ template_filter ] --START--
INFO: Run Behavior\ContentReplaceBehavior [ RunTime:0.000000s ]
INFO: [ template_filter ] --END-- [ RunTime:0.000000s ]
NOTIC: [8] Use of undefined constant status - assumed 'status' D:\phpStudy\WWW\foa\Runtime\Cache\Home\10914b7f410cea8c44f6b0e6fb03a668.php 第 139 行.
NOTIC: [8] Undefined index: status D:\phpStudy\WWW\foa\Runtime\Cache\Home\10914b7f410cea8c44f6b0e6fb03a668.php 第 139 行.
NOTIC: [8] Use of undefined constant status - assumed 'status' D:\phpStudy\WWW\foa\Runtime\Cache\Home\10914b7f410cea8c44f6b0e6fb03a668.php 第 140 行.
NOTIC: [8] Undefined index: status D:\phpStudy\WWW\foa\Runtime\Cache\Home\10914b7f410cea8c44f6b0e6fb03a668.php 第 140 行.
NOTIC: [8] Use of undefined constant status - assumed 'status' D:\phpStudy\WWW\foa\Runtime\Cache\Home\10914b7f410cea8c44f6b0e6fb03a668.php 第 141 行.
NOTIC: [8] Undefined index: status D:\phpStudy\WWW\foa\Runtime\Cache\Home\10914b7f410cea8c44f6b0e6fb03a668.php 第 141 行.
NOTIC: [8] Use of undefined constant status - assumed 'status' D:\phpStudy\WWW\foa\Runtime\Cache\Home\10914b7f410cea8c44f6b0e6fb03a668.php 第 142 行.
NOTIC: [8] Undefined index: status D:\phpStudy\WWW\foa\Runtime\Cache\Home\10914b7f410cea8c44f6b0e6fb03a668.php 第 142 行.
INFO: Run Behavior\ParseTemplateBehavior [ RunTime:0.015001s ]
INFO: [ view_parse ] --END-- [ RunTime:0.015001s ]
INFO: [ view_filter ] --START--
INFO: Run Behavior\WriteHtmlCacheBehavior [ RunTime:0.000000s ]
INFO: [ view_filter ] --END-- [ RunTime:0.000000s ]
INFO: [ app_end ] --START--
INFO: Run Behavior\ShowPageTraceBehavior [ RunTime:0.001000s ]
INFO: [ app_end ] --END-- [ RunTime:0.001000s ]

