[ 2018-05-22T12:57:56+08:00 ] 127.0.0.1 /
INFO: [ app_init ] --START--
INFO: Run Behavior\BuildLiteBehavior [ RunTime:0.000000s ]
INFO: [ app_init ] --END-- [ RunTime:0.001000s ]
INFO: [ app_begin ] --START--
INFO: Run Behavior\ReadHtmlCacheBehavior [ RunTime:0.020001s ]
INFO: [ app_begin ] --END-- [ RunTime:0.020001s ]
NOTIC: [8] Undefined index: home/public D:\phpStudy\WWW\foa\Application\Common\Common\function.php 第 64 行.
NOTIC: [8] Undefined index: home/public D:\phpStudy\WWW\foa\Application\Common\Common\function.php 第 65 行.
SQL: SHOW COLUMNS FROM `oa_system_config` [ RunTime:0.0550s ]
SQL: SELECT COUNT(*) AS tp_count FROM `oa_system_config` WHERE `code` = 'login_verify_code' LIMIT 1   [ RunTime:0.0010s ]
SQL: SELECT `val` FROM `oa_system_config` WHERE `code` = 'login_verify_code' LIMIT 1   [ RunTime:0.0000s ]
INFO: [ view_parse ] --START--
INFO: [ template_filter ] --START--
INFO: Run Behavior\ContentReplaceBehavior [ RunTime:0.000000s ]
INFO: [ template_filter ] --END-- [ RunTime:0.000000s ]
INFO: Run Behavior\ParseTemplateBehavior [ RunTime:0.109006s ]
INFO: [ view_parse ] --END-- [ RunTime:0.109006s ]
INFO: [ view_filter ] --START--
INFO: Run Behavior\WriteHtmlCacheBehavior [ RunTime:0.011001s ]
INFO: [ view_filter ] --END-- [ RunTime:0.012001s ]
INFO: [ app_end ] --START--
INFO: Run Behavior\ShowPageTraceBehavior [ RunTime:0.003000s ]
INFO: [ app_end ] --END-- [ RunTime:0.003000s ]

[ 2018-05-22T12:58:03+08:00 ] 127.0.0.1 /index.php?m=Home&c=Public&a=login&t=0.12426726154736079
INFO: [ app_init ] --START--
INFO: Run Behavior\BuildLiteBehavior [ RunTime:0.000000s ]
INFO: [ app_init ] --END-- [ RunTime:0.001000s ]
INFO: [ app_begin ] --START--
INFO: Run Behavior\ReadHtmlCacheBehavior [ RunTime:0.005001s ]
INFO: [ app_begin ] --END-- [ RunTime:0.005001s ]
NOTIC: [8] Undefined index: home/public D:\phpStudy\WWW\foa\Application\Common\Common\function.php 第 64 行.
NOTIC: [8] Undefined index: home/public D:\phpStudy\WWW\foa\Application\Common\Common\function.php 第 65 行.
SQL: SHOW COLUMNS FROM `oa_system_config` [ RunTime:0.0120s ]
SQL: SELECT COUNT(*) AS tp_count FROM `oa_system_config` WHERE `code` = 'login_verify_code' LIMIT 1   [ RunTime:0.0000s ]
SQL: SELECT `val` FROM `oa_system_config` WHERE `code` = 'login_verify_code' LIMIT 1   [ RunTime:0.0000s ]
SQL: SHOW COLUMNS FROM `oa_user` [ RunTime:0.0500s ]
SQL: SELECT * FROM `oa_user` INNER JOIN oa_admin_role ON oa_user.role_id=oa_admin_role.role_id  WHERE `emp_no` = 'admin1' AND `password` = 'e00cf25ad42683b3df678c61f42c6bda' AND `is_del` = 0 LIMIT 1   [ RunTime:0.0410s ]
SQL: SHOW COLUMNS FROM `oa_user` [ RunTime:0.0170s ]
SQL: UPDATE `oa_user` SET `login_count`=login_count+1,`last_login_ip`='127.0.0.1' WHERE `id` = 11 [ RunTime:0.0020s ]

[ 2018-05-22T12:58:04+08:00 ] 127.0.0.1 /Home/Index/index
INFO: [ app_init ] --START--
INFO: Run Behavior\BuildLiteBehavior [ RunTime:0.000000s ]
INFO: [ app_init ] --END-- [ RunTime:0.001000s ]
INFO: [ app_begin ] --START--
INFO: Run Behavior\ReadHtmlCacheBehavior [ RunTime:0.001000s ]
INFO: [ app_begin ] --END-- [ RunTime:0.001000s ]
NOTIC: [8] Undefined index: home/index D:\phpStudy\WWW\foa\Application\Common\Common\function.php 第 64 行.
NOTIC: [8] Undefined index: home/index D:\phpStudy\WWW\foa\Application\Common\Common\function.php 第 65 行.
SQL: SHOW COLUMNS FROM `oa_user` [ RunTime:0.0130s ]
SQL: SELECT * FROM `oa_user` WHERE `id` = 11 LIMIT 1   [ RunTime:0.0010s ]
SQL: SHOW COLUMNS FROM `oa_system_menu` [ RunTime:0.0160s ]
NOTIC: [8] Undefined variable: role_right D:\phpStudy\WWW\foa\Application\Common\Common\function.php 第 7 行.
INFO: [ view_parse ] --START--
INFO: [ template_filter ] --START--
INFO: Run Behavior\ContentReplaceBehavior [ RunTime:0.000000s ]
INFO: [ template_filter ] --END-- [ RunTime:0.000000s ]
NOTIC: [8] Undefined variable: upgradeMsg D:\phpStudy\WWW\foa\Runtime\Cache\Home\2a94b8bda04ff446dcedd42276fc99ee.php 第 51 行.
NOTIC: [8] Undefined variable: upgradeMsg D:\phpStudy\WWW\foa\Runtime\Cache\Home\2a94b8bda04ff446dcedd42276fc99ee.php 第 54 行.
INFO: Run Behavior\ParseTemplateBehavior [ RunTime:0.087005s ]
INFO: [ view_parse ] --END-- [ RunTime:0.087005s ]
INFO: [ view_filter ] --START--
INFO: Run Behavior\WriteHtmlCacheBehavior [ RunTime:0.001000s ]
INFO: [ view_filter ] --END-- [ RunTime:0.002000s ]
INFO: [ app_end ] --START--
INFO: Run Behavior\ShowPageTraceBehavior [ RunTime:0.002000s ]
INFO: [ app_end ] --END-- [ RunTime:0.002000s ]

[ 2018-05-22T12:58:04+08:00 ] 127.0.0.1 /Home/Workorder/newwork
INFO: [ app_init ] --START--
INFO: Run Behavior\BuildLiteBehavior [ RunTime:0.000000s ]
INFO: [ app_init ] --END-- [ RunTime:0.001000s ]
INFO: [ app_begin ] --START--
INFO: Run Behavior\ReadHtmlCacheBehavior [ RunTime:0.002000s ]
INFO: [ app_begin ] --END-- [ RunTime:0.002000s ]
NOTIC: [8] Undefined variable: act D:\phpStudy\WWW\foa\Application\Home\Controller\BaseController.class.php 第 32 行.
NOTIC: [8] Undefined variable: act D:\phpStudy\WWW\foa\Application\Home\Controller\BaseController.class.php 第 32 行.
SQL: SHOW COLUMNS FROM `oa_system_menu` [ RunTime:0.0140s ]
SQL: SELECT `right` FROM `oa_system_menu` WHERE ( id in (3,4,5,6,39,62,63,64,65,66) )  [ RunTime:0.0110s ]
NOTIC: [8] Undefined variable: role_right D:\phpStudy\WWW\foa\Application\Home\Controller\BaseController.class.php 第 39 行.
INFO: [ view_parse ] --START--
INFO: [ template_filter ] --START--
INFO: Run Behavior\ContentReplaceBehavior [ RunTime:0.000000s ]
INFO: [ template_filter ] --END-- [ RunTime:0.000000s ]
INFO: Run Behavior\ParseTemplateBehavior [ RunTime:0.068004s ]
INFO: [ view_parse ] --END-- [ RunTime:0.068004s ]
INFO: [ view_filter ] --START--
INFO: Run Behavior\WriteHtmlCacheBehavior [ RunTime:0.001000s ]
INFO: [ view_filter ] --END-- [ RunTime:0.001000s ]
INFO: [ app_end ] --START--
INFO: Run Behavior\ShowPageTraceBehavior [ RunTime:0.002000s ]
INFO: [ app_end ] --END-- [ RunTime:0.002000s ]

[ 2018-05-22T12:58:06+08:00 ] 127.0.0.1 /Home/Workorder/allwork.html
INFO: [ app_init ] --START--
INFO: Run Behavior\BuildLiteBehavior [ RunTime:0.000000s ]
INFO: [ app_init ] --END-- [ RunTime:0.001000s ]
INFO: [ app_begin ] --START--
INFO: Run Behavior\ReadHtmlCacheBehavior [ RunTime:0.001000s ]
INFO: [ app_begin ] --END-- [ RunTime:0.001000s ]
NOTIC: [8] Undefined variable: act D:\phpStudy\WWW\foa\Application\Home\Controller\BaseController.class.php 第 32 行.
NOTIC: [8] Undefined variable: act D:\phpStudy\WWW\foa\Application\Home\Controller\BaseController.class.php 第 32 行.
SQL: SHOW COLUMNS FROM `oa_system_menu` [ RunTime:0.0320s ]
SQL: SELECT `right` FROM `oa_system_menu` WHERE ( id in (3,4,5,6,39,62,63,64,65,66) )  [ RunTime:0.0000s ]
NOTIC: [8] Undefined variable: role_right D:\phpStudy\WWW\foa\Application\Home\Controller\BaseController.class.php 第 39 行.
NOTIC: [8] Undefined index: p D:\phpStudy\WWW\foa\Application\Home\Controller\WorkorderController.class.php 第 55 行.
NOTIC: [8] Undefined index: pagesize D:\phpStudy\WWW\foa\Application\Home\Controller\WorkorderController.class.php 第 57 行.
SQL: SHOW COLUMNS FROM `oa_workorder` [ RunTime:0.0530s ]
NOTIC: [8] Undefined index: status D:\phpStudy\WWW\foa\Application\Home\Controller\WorkorderController.class.php 第 60 行.
NOTIC: [8] Undefined index: rank D:\phpStudy\WWW\foa\Application\Home\Controller\WorkorderController.class.php 第 60 行.
NOTIC: [8] Undefined index: leibie D:\phpStudy\WWW\foa\Application\Home\Controller\WorkorderController.class.php 第 60 行.
SQL: SELECT * FROM `oa_workorder` WHERE ( del=1 ) ORDER BY id desc LIMIT 0,8   [ RunTime:0.0010s ]
NOTIC: [8] Undefined index: status D:\phpStudy\WWW\foa\Application\Home\Controller\WorkorderController.class.php 第 62 行.
NOTIC: [8] Undefined index: rank D:\phpStudy\WWW\foa\Application\Home\Controller\WorkorderController.class.php 第 62 行.
NOTIC: [8] Undefined index: leibie D:\phpStudy\WWW\foa\Application\Home\Controller\WorkorderController.class.php 第 62 行.
SQL: SELECT COUNT(*) AS tp_count FROM `oa_workorder` WHERE ( del=1 ) LIMIT 1   [ RunTime:0.0010s ]
INFO: [ view_parse ] --START--
INFO: [ template_filter ] --START--
INFO: Run Behavior\ContentReplaceBehavior [ RunTime:0.000000s ]
INFO: [ template_filter ] --END-- [ RunTime:0.000000s ]
NOTIC: [8] Use of undefined constant status - assumed 'status' D:\phpStudy\WWW\foa\Runtime\Cache\Home\652a16d706060306d5bb21c219187f3b.php 第 108 行.
NOTIC: [8] Undefined index: status D:\phpStudy\WWW\foa\Runtime\Cache\Home\652a16d706060306d5bb21c219187f3b.php 第 108 行.
NOTIC: [8] Use of undefined constant status - assumed 'status' D:\phpStudy\WWW\foa\Runtime\Cache\Home\652a16d706060306d5bb21c219187f3b.php 第 109 行.
NOTIC: [8] Undefined index: status D:\phpStudy\WWW\foa\Runtime\Cache\Home\652a16d706060306d5bb21c219187f3b.php 第 109 行.
NOTIC: [8] Use of undefined constant status - assumed 'status' D:\phpStudy\WWW\foa\Runtime\Cache\Home\652a16d706060306d5bb21c219187f3b.php 第 110 行.
NOTIC: [8] Undefined index: status D:\phpStudy\WWW\foa\Runtime\Cache\Home\652a16d706060306d5bb21c219187f3b.php 第 110 行.
NOTIC: [8] Use of undefined constant status - assumed 'status' D:\phpStudy\WWW\foa\Runtime\Cache\Home\652a16d706060306d5bb21c219187f3b.php 第 111 行.
NOTIC: [8] Undefined index: status D:\phpStudy\WWW\foa\Runtime\Cache\Home\652a16d706060306d5bb21c219187f3b.php 第 111 行.
NOTIC: [8] Use of undefined constant rank - assumed 'rank' D:\phpStudy\WWW\foa\Runtime\Cache\Home\652a16d706060306d5bb21c219187f3b.php 第 117 行.
NOTIC: [8] Undefined index: rank D:\phpStudy\WWW\foa\Runtime\Cache\Home\652a16d706060306d5bb21c219187f3b.php 第 117 行.
NOTIC: [8] Use of undefined constant rank - assumed 'rank' D:\phpStudy\WWW\foa\Runtime\Cache\Home\652a16d706060306d5bb21c219187f3b.php 第 118 行.
NOTIC: [8] Undefined index: rank D:\phpStudy\WWW\foa\Runtime\Cache\Home\652a16d706060306d5bb21c219187f3b.php 第 118 行.
NOTIC: [8] Use of undefined constant rank - assumed 'rank' D:\phpStudy\WWW\foa\Runtime\Cache\Home\652a16d706060306d5bb21c219187f3b.php 第 119 行.
NOTIC: [8] Undefined index: rank D:\phpStudy\WWW\foa\Runtime\Cache\Home\652a16d706060306d5bb21c219187f3b.php 第 119 行.
NOTIC: [8] Use of undefined constant rank - assumed 'rank' D:\phpStudy\WWW\foa\Runtime\Cache\Home\652a16d706060306d5bb21c219187f3b.php 第 120 行.
NOTIC: [8] Undefined index: rank D:\phpStudy\WWW\foa\Runtime\Cache\Home\652a16d706060306d5bb21c219187f3b.php 第 120 行.
NOTIC: [8] Use of undefined constant leibie - assumed 'leibie' D:\phpStudy\WWW\foa\Runtime\Cache\Home\652a16d706060306d5bb21c219187f3b.php 第 126 行.
NOTIC: [8] Undefined index: leibie D:\phpStudy\WWW\foa\Runtime\Cache\Home\652a16d706060306d5bb21c219187f3b.php 第 126 行.
NOTIC: [8] Use of undefined constant leibie - assumed 'leibie' D:\phpStudy\WWW\foa\Runtime\Cache\Home\652a16d706060306d5bb21c219187f3b.php 第 127 行.
NOTIC: [8] Undefined index: leibie D:\phpStudy\WWW\foa\Runtime\Cache\Home\652a16d706060306d5bb21c219187f3b.php 第 127 行.
NOTIC: [8] Use of undefined constant leibie - assumed 'leibie' D:\phpStudy\WWW\foa\Runtime\Cache\Home\652a16d706060306d5bb21c219187f3b.php 第 128 行.
NOTIC: [8] Undefined index: leibie D:\phpStudy\WWW\foa\Runtime\Cache\Home\652a16d706060306d5bb21c219187f3b.php 第 128 行.
INFO: Run Behavior\ParseTemplateBehavior [ RunTime:0.037002s ]
INFO: [ view_parse ] --END-- [ RunTime:0.037002s ]
INFO: [ view_filter ] --START--
INFO: Run Behavior\WriteHtmlCacheBehavior [ RunTime:0.001000s ]
INFO: [ view_filter ] --END-- [ RunTime:0.001000s ]
INFO: [ app_end ] --START--
INFO: Run Behavior\ShowPageTraceBehavior [ RunTime:0.001000s ]
INFO: [ app_end ] --END-- [ RunTime:0.001000s ]

[ 2018-05-22T12:58:09+08:00 ] 127.0.0.1 /Home/Workorder/newwork.html
INFO: [ app_init ] --START--
INFO: Run Behavior\BuildLiteBehavior [ RunTime:0.000000s ]
INFO: [ app_init ] --END-- [ RunTime:0.001001s ]
INFO: [ app_begin ] --START--
INFO: Run Behavior\ReadHtmlCacheBehavior [ RunTime:0.001000s ]
INFO: [ app_begin ] --END-- [ RunTime:0.001000s ]
NOTIC: [8] Undefined variable: act D:\phpStudy\WWW\foa\Application\Home\Controller\BaseController.class.php 第 32 行.
NOTIC: [8] Undefined variable: act D:\phpStudy\WWW\foa\Application\Home\Controller\BaseController.class.php 第 32 行.
SQL: SHOW COLUMNS FROM `oa_system_menu` [ RunTime:0.0110s ]
SQL: SELECT `right` FROM `oa_system_menu` WHERE ( id in (3,4,5,6,39,62,63,64,65,66) )  [ RunTime:0.0000s ]
NOTIC: [8] Undefined variable: role_right D:\phpStudy\WWW\foa\Application\Home\Controller\BaseController.class.php 第 39 行.
INFO: [ view_parse ] --START--
INFO: [ template_filter ] --START--
INFO: Run Behavior\ContentReplaceBehavior [ RunTime:0.000000s ]
INFO: [ template_filter ] --END-- [ RunTime:0.000000s ]
INFO: Run Behavior\ParseTemplateBehavior [ RunTime:0.014000s ]
INFO: [ view_parse ] --END-- [ RunTime:0.014000s ]
INFO: [ view_filter ] --START--
INFO: Run Behavior\WriteHtmlCacheBehavior [ RunTime:0.000000s ]
INFO: [ view_filter ] --END-- [ RunTime:0.000000s ]
INFO: [ app_end ] --START--
INFO: Run Behavior\ShowPageTraceBehavior [ RunTime:0.001000s ]
INFO: [ app_end ] --END-- [ RunTime:0.001000s ]

[ 2018-05-22T12:58:12+08:00 ] 127.0.0.1 /index.php?m=Home&c=Workorder&a=newwork
INFO: [ app_init ] --START--
INFO: Run Behavior\BuildLiteBehavior [ RunTime:0.000000s ]
INFO: [ app_init ] --END-- [ RunTime:0.000000s ]
INFO: [ app_begin ] --START--
INFO: Run Behavior\ReadHtmlCacheBehavior [ RunTime:0.001000s ]
INFO: [ app_begin ] --END-- [ RunTime:0.001000s ]
NOTIC: [8] Undefined variable: act D:\phpStudy\WWW\foa\Application\Home\Controller\BaseController.class.php 第 32 行.
NOTIC: [8] Undefined variable: act D:\phpStudy\WWW\foa\Application\Home\Controller\BaseController.class.php 第 32 行.
SQL: SHOW COLUMNS FROM `oa_system_menu` [ RunTime:0.0120s ]
SQL: SELECT `right` FROM `oa_system_menu` WHERE ( id in (3,4,5,6,39,62,63,64,65,66) )  [ RunTime:0.0010s ]
NOTIC: [8] Undefined variable: role_right D:\phpStudy\WWW\foa\Application\Home\Controller\BaseController.class.php 第 39 行.
SQL: SHOW COLUMNS FROM `oa_workorder` [ RunTime:0.0120s ]
SQL: INSERT INTO `oa_workorder` (`title`,`rank`,`content`,`file_id`,`img_id`,`user_id`,`leibie`) VALUES ('s','1','<p>s</p>','0','0','11','1') [ RunTime:0.0010s ]
INFO: [ view_parse ] --START--
INFO: [ template_filter ] --START--
INFO: Run Behavior\ContentReplaceBehavior [ RunTime:0.000000s ]
INFO: [ template_filter ] --END-- [ RunTime:0.000000s ]
INFO: Run Behavior\ParseTemplateBehavior [ RunTime:0.013001s ]
INFO: [ view_parse ] --END-- [ RunTime:0.013001s ]
INFO: [ view_filter ] --START--
INFO: Run Behavior\WriteHtmlCacheBehavior [ RunTime:0.001000s ]
INFO: [ view_filter ] --END-- [ RunTime:0.001000s ]
INFO: [ app_end ] --START--
INFO: Run Behavior\ShowPageTraceBehavior [ RunTime:0.001000s ]
INFO: [ app_end ] --END-- [ RunTime:0.001000s ]

[ 2018-05-22T12:58:13+08:00 ] 127.0.0.1 /index.php?m=Home&c=Workorder&a=allwork
INFO: [ app_init ] --START--
INFO: Run Behavior\BuildLiteBehavior [ RunTime:0.000000s ]
INFO: [ app_init ] --END-- [ RunTime:0.001000s ]
INFO: [ app_begin ] --START--
INFO: Run Behavior\ReadHtmlCacheBehavior [ RunTime:0.001000s ]
INFO: [ app_begin ] --END-- [ RunTime:0.001000s ]
NOTIC: [8] Undefined variable: act D:\phpStudy\WWW\foa\Application\Home\Controller\BaseController.class.php 第 32 行.
NOTIC: [8] Undefined variable: act D:\phpStudy\WWW\foa\Application\Home\Controller\BaseController.class.php 第 32 行.
SQL: SHOW COLUMNS FROM `oa_system_menu` [ RunTime:0.0130s ]
SQL: SELECT `right` FROM `oa_system_menu` WHERE ( id in (3,4,5,6,39,62,63,64,65,66) )  [ RunTime:0.0010s ]
NOTIC: [8] Undefined variable: role_right D:\phpStudy\WWW\foa\Application\Home\Controller\BaseController.class.php 第 39 行.
NOTIC: [8] Undefined index: p D:\phpStudy\WWW\foa\Application\Home\Controller\WorkorderController.class.php 第 55 行.
NOTIC: [8] Undefined index: pagesize D:\phpStudy\WWW\foa\Application\Home\Controller\WorkorderController.class.php 第 57 行.
SQL: SHOW COLUMNS FROM `oa_workorder` [ RunTime:0.0120s ]
SQL: SELECT * FROM `oa_workorder` WHERE ( del=1 ) ORDER BY id desc LIMIT 0,8   [ RunTime:0.0000s ]
SQL: SELECT COUNT(*) AS tp_count FROM `oa_workorder` WHERE ( del=1 ) LIMIT 1   [ RunTime:0.0000s ]
INFO: [ view_parse ] --START--
INFO: [ template_filter ] --START--
INFO: Run Behavior\ContentReplaceBehavior [ RunTime:0.000000s ]
INFO: [ template_filter ] --END-- [ RunTime:0.000000s ]
NOTIC: [8] Use of undefined constant status - assumed 'status' D:\phpStudy\WWW\foa\Runtime\Cache\Home\652a16d706060306d5bb21c219187f3b.php 第 108 行.
NOTIC: [8] Undefined index: status D:\phpStudy\WWW\foa\Runtime\Cache\Home\652a16d706060306d5bb21c219187f3b.php 第 108 行.
NOTIC: [8] Use of undefined constant status - assumed 'status' D:\phpStudy\WWW\foa\Runtime\Cache\Home\652a16d706060306d5bb21c219187f3b.php 第 109 行.
NOTIC: [8] Undefined index: status D:\phpStudy\WWW\foa\Runtime\Cache\Home\652a16d706060306d5bb21c219187f3b.php 第 109 行.
NOTIC: [8] Use of undefined constant status - assumed 'status' D:\phpStudy\WWW\foa\Runtime\Cache\Home\652a16d706060306d5bb21c219187f3b.php 第 110 行.
NOTIC: [8] Undefined index: status D:\phpStudy\WWW\foa\Runtime\Cache\Home\652a16d706060306d5bb21c219187f3b.php 第 110 行.
NOTIC: [8] Use of undefined constant status - assumed 'status' D:\phpStudy\WWW\foa\Runtime\Cache\Home\652a16d706060306d5bb21c219187f3b.php 第 111 行.
NOTIC: [8] Undefined index: status D:\phpStudy\WWW\foa\Runtime\Cache\Home\652a16d706060306d5bb21c219187f3b.php 第 111 行.
NOTIC: [8] Use of undefined constant rank - assumed 'rank' D:\phpStudy\WWW\foa\Runtime\Cache\Home\652a16d706060306d5bb21c219187f3b.php 第 117 行.
NOTIC: [8] Undefined index: rank D:\phpStudy\WWW\foa\Runtime\Cache\Home\652a16d706060306d5bb21c219187f3b.php 第 117 行.
NOTIC: [8] Use of undefined constant rank - assumed 'rank' D:\phpStudy\WWW\foa\Runtime\Cache\Home\652a16d706060306d5bb21c219187f3b.php 第 118 行.
NOTIC: [8] Undefined index: rank D:\phpStudy\WWW\foa\Runtime\Cache\Home\652a16d706060306d5bb21c219187f3b.php 第 118 行.
NOTIC: [8] Use of undefined constant rank - assumed 'rank' D:\phpStudy\WWW\foa\Runtime\Cache\Home\652a16d706060306d5bb21c219187f3b.php 第 119 行.
NOTIC: [8] Undefined index: rank D:\phpStudy\WWW\foa\Runtime\Cache\Home\652a16d706060306d5bb21c219187f3b.php 第 119 行.
NOTIC: [8] Use of undefined constant rank - assumed 'rank' D:\phpStudy\WWW\foa\Runtime\Cache\Home\652a16d706060306d5bb21c219187f3b.php 第 120 行.
NOTIC: [8] Undefined index: rank D:\phpStudy\WWW\foa\Runtime\Cache\Home\652a16d706060306d5bb21c219187f3b.php 第 120 行.
NOTIC: [8] Use of undefined constant leibie - assumed 'leibie' D:\phpStudy\WWW\foa\Runtime\Cache\Home\652a16d706060306d5bb21c219187f3b.php 第 126 行.
NOTIC: [8] Undefined index: leibie D:\phpStudy\WWW\foa\Runtime\Cache\Home\652a16d706060306d5bb21c219187f3b.php 第 126 行.
NOTIC: [8] Use of undefined constant leibie - assumed 'leibie' D:\phpStudy\WWW\foa\Runtime\Cache\Home\652a16d706060306d5bb21c219187f3b.php 第 127 行.
NOTIC: [8] Undefined index: leibie D:\phpStudy\WWW\foa\Runtime\Cache\Home\652a16d706060306d5bb21c219187f3b.php 第 127 行.
NOTIC: [8] Use of undefined constant leibie - assumed 'leibie' D:\phpStudy\WWW\foa\Runtime\Cache\Home\652a16d706060306d5bb21c219187f3b.php 第 128 行.
NOTIC: [8] Undefined index: leibie D:\phpStudy\WWW\foa\Runtime\Cache\Home\652a16d706060306d5bb21c219187f3b.php 第 128 行.
INFO: Run Behavior\ParseTemplateBehavior [ RunTime:0.021001s ]
INFO: [ view_parse ] --END-- [ RunTime:0.021001s ]
INFO: [ view_filter ] --START--
INFO: Run Behavior\WriteHtmlCacheBehavior [ RunTime:0.001000s ]
INFO: [ view_filter ] --END-- [ RunTime:0.001000s ]
INFO: [ app_end ] --START--
INFO: Run Behavior\ShowPageTraceBehavior [ RunTime:0.001000s ]
INFO: [ app_end ] --END-- [ RunTime:0.001000s ]

[ 2018-05-22T12:58:14+08:00 ] 127.0.0.1 /Home/Workorder/allwork.html
INFO: [ app_init ] --START--
INFO: Run Behavior\BuildLiteBehavior [ RunTime:0.000000s ]
INFO: [ app_init ] --END-- [ RunTime:0.000000s ]
INFO: [ app_begin ] --START--
INFO: Run Behavior\ReadHtmlCacheBehavior [ RunTime:0.001000s ]
INFO: [ app_begin ] --END-- [ RunTime:0.001000s ]
NOTIC: [8] Undefined variable: act D:\phpStudy\WWW\foa\Application\Home\Controller\BaseController.class.php 第 32 行.
NOTIC: [8] Undefined variable: act D:\phpStudy\WWW\foa\Application\Home\Controller\BaseController.class.php 第 32 行.
SQL: SHOW COLUMNS FROM `oa_system_menu` [ RunTime:0.0120s ]
SQL: SELECT `right` FROM `oa_system_menu` WHERE ( id in (3,4,5,6,39,62,63,64,65,66) )  [ RunTime:0.0010s ]
NOTIC: [8] Undefined variable: role_right D:\phpStudy\WWW\foa\Application\Home\Controller\BaseController.class.php 第 39 行.
NOTIC: [8] Undefined index: p D:\phpStudy\WWW\foa\Application\Home\Controller\WorkorderController.class.php 第 55 行.
NOTIC: [8] Undefined index: pagesize D:\phpStudy\WWW\foa\Application\Home\Controller\WorkorderController.class.php 第 57 行.
SQL: SHOW COLUMNS FROM `oa_workorder` [ RunTime:0.0110s ]
NOTIC: [8] Undefined index: status D:\phpStudy\WWW\foa\Application\Home\Controller\WorkorderController.class.php 第 60 行.
NOTIC: [8] Undefined index: rank D:\phpStudy\WWW\foa\Application\Home\Controller\WorkorderController.class.php 第 60 行.
NOTIC: [8] Undefined index: leibie D:\phpStudy\WWW\foa\Application\Home\Controller\WorkorderController.class.php 第 60 行.
SQL: SELECT * FROM `oa_workorder` WHERE ( del=1 ) ORDER BY id desc LIMIT 0,8   [ RunTime:0.0000s ]
NOTIC: [8] Undefined index: status D:\phpStudy\WWW\foa\Application\Home\Controller\WorkorderController.class.php 第 62 行.
NOTIC: [8] Undefined index: rank D:\phpStudy\WWW\foa\Application\Home\Controller\WorkorderController.class.php 第 62 行.
NOTIC: [8] Undefined index: leibie D:\phpStudy\WWW\foa\Application\Home\Controller\WorkorderController.class.php 第 62 行.
SQL: SELECT COUNT(*) AS tp_count FROM `oa_workorder` WHERE ( del=1 ) LIMIT 1   [ RunTime:0.0000s ]
INFO: [ view_parse ] --START--
INFO: [ template_filter ] --START--
INFO: Run Behavior\ContentReplaceBehavior [ RunTime:0.001000s ]
INFO: [ template_filter ] --END-- [ RunTime:0.001000s ]
NOTIC: [8] Use of undefined constant status - assumed 'status' D:\phpStudy\WWW\foa\Runtime\Cache\Home\652a16d706060306d5bb21c219187f3b.php 第 108 行.
NOTIC: [8] Undefined index: status D:\phpStudy\WWW\foa\Runtime\Cache\Home\652a16d706060306d5bb21c219187f3b.php 第 108 行.
NOTIC: [8] Use of undefined constant status - assumed 'status' D:\phpStudy\WWW\foa\Runtime\Cache\Home\652a16d706060306d5bb21c219187f3b.php 第 109 行.
NOTIC: [8] Undefined index: status D:\phpStudy\WWW\foa\Runtime\Cache\Home\652a16d706060306d5bb21c219187f3b.php 第 109 行.
NOTIC: [8] Use of undefined constant status - assumed 'status' D:\phpStudy\WWW\foa\Runtime\Cache\Home\652a16d706060306d5bb21c219187f3b.php 第 110 行.
NOTIC: [8] Undefined index: status D:\phpStudy\WWW\foa\Runtime\Cache\Home\652a16d706060306d5bb21c219187f3b.php 第 110 行.
NOTIC: [8] Use of undefined constant status - assumed 'status' D:\phpStudy\WWW\foa\Runtime\Cache\Home\652a16d706060306d5bb21c219187f3b.php 第 111 行.
NOTIC: [8] Undefined index: status D:\phpStudy\WWW\foa\Runtime\Cache\Home\652a16d706060306d5bb21c219187f3b.php 第 111 行.
NOTIC: [8] Use of undefined constant rank - assumed 'rank' D:\phpStudy\WWW\foa\Runtime\Cache\Home\652a16d706060306d5bb21c219187f3b.php 第 117 行.
NOTIC: [8] Undefined index: rank D:\phpStudy\WWW\foa\Runtime\Cache\Home\652a16d706060306d5bb21c219187f3b.php 第 117 行.
NOTIC: [8] Use of undefined constant rank - assumed 'rank' D:\phpStudy\WWW\foa\Runtime\Cache\Home\652a16d706060306d5bb21c219187f3b.php 第 118 行.
NOTIC: [8] Undefined index: rank D:\phpStudy\WWW\foa\Runtime\Cache\Home\652a16d706060306d5bb21c219187f3b.php 第 118 行.
NOTIC: [8] Use of undefined constant rank - assumed 'rank' D:\phpStudy\WWW\foa\Runtime\Cache\Home\652a16d706060306d5bb21c219187f3b.php 第 119 行.
NOTIC: [8] Undefined index: rank D:\phpStudy\WWW\foa\Runtime\Cache\Home\652a16d706060306d5bb21c219187f3b.php 第 119 行.
NOTIC: [8] Use of undefined constant rank - assumed 'rank' D:\phpStudy\WWW\foa\Runtime\Cache\Home\652a16d706060306d5bb21c219187f3b.php 第 120 行.
NOTIC: [8] Undefined index: rank D:\phpStudy\WWW\foa\Runtime\Cache\Home\652a16d706060306d5bb21c219187f3b.php 第 120 行.
NOTIC: [8] Use of undefined constant leibie - assumed 'leibie' D:\phpStudy\WWW\foa\Runtime\Cache\Home\652a16d706060306d5bb21c219187f3b.php 第 126 行.
NOTIC: [8] Undefined index: leibie D:\phpStudy\WWW\foa\Runtime\Cache\Home\652a16d706060306d5bb21c219187f3b.php 第 126 行.
NOTIC: [8] Use of undefined constant leibie - assumed 'leibie' D:\phpStudy\WWW\foa\Runtime\Cache\Home\652a16d706060306d5bb21c219187f3b.php 第 127 行.
NOTIC: [8] Undefined index: leibie D:\phpStudy\WWW\foa\Runtime\Cache\Home\652a16d706060306d5bb21c219187f3b.php 第 127 行.
NOTIC: [8] Use of undefined constant leibie - assumed 'leibie' D:\phpStudy\WWW\foa\Runtime\Cache\Home\652a16d706060306d5bb21c219187f3b.php 第 128 行.
NOTIC: [8] Undefined index: leibie D:\phpStudy\WWW\foa\Runtime\Cache\Home\652a16d706060306d5bb21c219187f3b.php 第 128 行.
INFO: Run Behavior\ParseTemplateBehavior [ RunTime:0.018001s ]
INFO: [ view_parse ] --END-- [ RunTime:0.018001s ]
INFO: [ view_filter ] --START--
INFO: Run Behavior\WriteHtmlCacheBehavior [ RunTime:0.001000s ]
INFO: [ view_filter ] --END-- [ RunTime:0.001000s ]
INFO: [ app_end ] --START--
INFO: Run Behavior\ShowPageTraceBehavior [ RunTime:0.001000s ]
INFO: [ app_end ] --END-- [ RunTime:0.001000s ]

[ 2018-05-22T12:58:16+08:00 ] 127.0.0.1 /index.php?m=Home&c=OneWork&a=checkcontent&id=195
INFO: [ app_init ] --START--
INFO: Run Behavior\BuildLiteBehavior [ RunTime:0.000000s ]
INFO: [ app_init ] --END-- [ RunTime:0.001000s ]
INFO: [ app_begin ] --START--
INFO: Run Behavior\ReadHtmlCacheBehavior [ RunTime:0.001000s ]
INFO: [ app_begin ] --END-- [ RunTime:0.001000s ]
NOTIC: [8] Undefined variable: act D:\phpStudy\WWW\foa\Application\Home\Controller\BaseController.class.php 第 32 行.
NOTIC: [8] Undefined variable: act D:\phpStudy\WWW\foa\Application\Home\Controller\BaseController.class.php 第 32 行.
SQL: SHOW COLUMNS FROM `oa_system_menu` [ RunTime:0.0120s ]
SQL: SELECT `right` FROM `oa_system_menu` WHERE ( id in (3,4,5,6,39,62,63,64,65,66) )  [ RunTime:0.0010s ]
NOTIC: [8] Undefined variable: role_right D:\phpStudy\WWW\foa\Application\Home\Controller\BaseController.class.php 第 39 行.
NOTIC: [8] Undefined index: home/onework D:\phpStudy\WWW\foa\Application\Common\Common\function.php 第 64 行.
NOTIC: [8] Undefined index: home/onework D:\phpStudy\WWW\foa\Application\Common\Common\function.php 第 65 行.
NOTIC: [8] Undefined index: status D:\phpStudy\WWW\foa\Application\Home\Controller\OneWorkController.class.php 第 13 行.
NOTIC: [8] Undefined index: content D:\phpStudy\WWW\foa\Application\Home\Controller\OneWorkController.class.php 第 52 行.
SQL: SHOW COLUMNS FROM `oa_workorder` [ RunTime:0.0110s ]
SQL: SELECT * FROM `oa_workorder` LEFT JOIN oa_user ON oa_workorder.solve_uid = oa_user.id  WHERE ( oa_workorder.id=195 ) LIMIT 1   [ RunTime:0.0010s ]
SQL: SELECT * FROM `oa_workorder` LEFT JOIN oa_user ON oa_workorder.user_id = oa_user.id  WHERE ( oa_workorder.id=195 ) LIMIT 1   [ RunTime:0.0010s ]
NOTIC: [8] Undefined index: id D:\phpStudy\WWW\foa\Application\Home\Controller\OneWorkController.class.php 第 111 行.
SQL: SHOW COLUMNS FROM `oa_onework` [ RunTime:0.0520s ]
SQL: SELECT * FROM `oa_onework` LEFT JOIN oa_img ON oa_onework.img_id = oa_img.img_id LEFT JOIN oa_file ON oa_onework.file_id = oa_file.file_id  WHERE ( workorder_id=195 )  [ RunTime:0.0950s ]
NOTIC: [8] Undefined index: file_id D:\phpStudy\WWW\foa\Application\Home\Controller\OneWorkController.class.php 第 147 行.
INFO: [ view_parse ] --START--
INFO: [ template_filter ] --START--
INFO: Run Behavior\ContentReplaceBehavior [ RunTime:0.000000s ]
INFO: [ template_filter ] --END-- [ RunTime:0.000000s ]
NOTIC: [8] Undefined variable: il D:\phpStudy\WWW\foa\Runtime\Cache\Home\ce977014336db10972272a7081ea7829.php 第 165 行.
NOTIC: [8] Undefined variable: imgarr D:\phpStudy\WWW\foa\Runtime\Cache\Home\ce977014336db10972272a7081ea7829.php 第 166 行.
NOTIC: [8] Undefined variable: fl D:\phpStudy\WWW\foa\Runtime\Cache\Home\ce977014336db10972272a7081ea7829.php 第 168 行.
NOTIC: [8] Undefined variable: filearr D:\phpStudy\WWW\foa\Runtime\Cache\Home\ce977014336db10972272a7081ea7829.php 第 169 行.
INFO: Run Behavior\ParseTemplateBehavior [ RunTime:0.063004s ]
INFO: [ view_parse ] --END-- [ RunTime:0.063004s ]
INFO: [ view_filter ] --START--
INFO: Run Behavior\WriteHtmlCacheBehavior [ RunTime:0.001000s ]
INFO: [ view_filter ] --END-- [ RunTime:0.001000s ]
INFO: [ app_end ] --START--
INFO: Run Behavior\ShowPageTraceBehavior [ RunTime:0.001000s ]
INFO: [ app_end ] --END-- [ RunTime:0.002000s ]

[ 2018-05-22T12:58:20+08:00 ] 127.0.0.1 /Home/OneWork/checkcontent
INFO: [ app_init ] --START--
INFO: Run Behavior\BuildLiteBehavior [ RunTime:0.000000s ]
INFO: [ app_init ] --END-- [ RunTime:0.001000s ]
INFO: [ app_begin ] --START--
INFO: Run Behavior\ReadHtmlCacheBehavior [ RunTime:0.001000s ]
INFO: [ app_begin ] --END-- [ RunTime:0.001000s ]
NOTIC: [8] Undefined variable: act D:\phpStudy\WWW\foa\Application\Home\Controller\BaseController.class.php 第 32 行.
NOTIC: [8] Undefined variable: act D:\phpStudy\WWW\foa\Application\Home\Controller\BaseController.class.php 第 32 行.
SQL: SHOW COLUMNS FROM `oa_system_menu` [ RunTime:0.0120s ]
SQL: SELECT `right` FROM `oa_system_menu` WHERE ( id in (3,4,5,6,39,62,63,64,65,66) )  [ RunTime:0.0010s ]
NOTIC: [8] Undefined variable: role_right D:\phpStudy\WWW\foa\Application\Home\Controller\BaseController.class.php 第 39 行.
NOTIC: [8] Undefined index: home/onework D:\phpStudy\WWW\foa\Application\Common\Common\function.php 第 64 行.
NOTIC: [8] Undefined index: home/onework D:\phpStudy\WWW\foa\Application\Common\Common\function.php 第 65 行.
NOTIC: [8] Undefined index: status D:\phpStudy\WWW\foa\Application\Home\Controller\OneWorkController.class.php 第 13 行.
SQL: SHOW COLUMNS FROM `oa_onework` [ RunTime:0.0110s ]
SQL: INSERT INTO `oa_onework` (`user`,`content`,`time`,`workorder_id`,`img_id`,`file_id`) VALUES ('admin1','<p>s</p>','2018-05-22 12:58:20','195','0','0') [ RunTime:0.0160s ]
NOTIC: [8] Undefined index: id D:\phpStudy\WWW\foa\Application\Home\Controller\OneWorkController.class.php 第 69 行.
SQL: SHOW COLUMNS FROM `oa_workorder` [ RunTime:0.0120s ]
ERR: SQLSTATE[42000]: Syntax error or access violation: 1064 You have an error in your SQL syntax; check the manual that corresponds to your MySQL server version for the right syntax to use near ') LIMIT 1' at line 1

[ 2018-05-22T12:58:29+08:00 ] 127.0.0.1 /Home/OneWork/checkcontent
INFO: [ app_init ] --START--
INFO: Run Behavior\BuildLiteBehavior [ RunTime:0.000000s ]
INFO: [ app_init ] --END-- [ RunTime:0.001000s ]
INFO: [ app_begin ] --START--
INFO: Run Behavior\ReadHtmlCacheBehavior [ RunTime:0.001000s ]
INFO: [ app_begin ] --END-- [ RunTime:0.001000s ]
NOTIC: [8] Undefined variable: act D:\phpStudy\WWW\foa\Application\Home\Controller\BaseController.class.php 第 32 行.
NOTIC: [8] Undefined variable: act D:\phpStudy\WWW\foa\Application\Home\Controller\BaseController.class.php 第 32 行.
SQL: SHOW COLUMNS FROM `oa_system_menu` [ RunTime:0.0100s ]
SQL: SELECT `right` FROM `oa_system_menu` WHERE ( id in (3,4,5,6,39,62,63,64,65,66) )  [ RunTime:0.0010s ]
NOTIC: [8] Undefined variable: role_right D:\phpStudy\WWW\foa\Application\Home\Controller\BaseController.class.php 第 39 行.
NOTIC: [8] Undefined index: home/onework D:\phpStudy\WWW\foa\Application\Common\Common\function.php 第 64 行.
NOTIC: [8] Undefined index: home/onework D:\phpStudy\WWW\foa\Application\Common\Common\function.php 第 65 行.
NOTIC: [8] Undefined index: status D:\phpStudy\WWW\foa\Application\Home\Controller\OneWorkController.class.php 第 13 行.
SQL: SHOW COLUMNS FROM `oa_onework` [ RunTime:0.0100s ]
SQL: INSERT INTO `oa_onework` (`user`,`content`,`time`,`workorder_id`,`img_id`,`file_id`) VALUES ('admin1','<p>swqw</p>','2018-05-22 12:58:29','195','0','0') [ RunTime:0.0010s ]
NOTIC: [8] Undefined index: id D:\phpStudy\WWW\foa\Application\Home\Controller\OneWorkController.class.php 第 69 行.
SQL: SHOW COLUMNS FROM `oa_workorder` [ RunTime:0.0100s ]
ERR: SQLSTATE[42000]: Syntax error or access violation: 1064 You have an error in your SQL syntax; check the manual that corresponds to your MySQL server version for the right syntax to use near ') LIMIT 1' at line 1

[ 2018-05-22T12:58:57+08:00 ] 127.0.0.1 /Home/Index/index
INFO: [ app_init ] --START--
INFO: Run Behavior\BuildLiteBehavior [ RunTime:0.000000s ]
INFO: [ app_init ] --END-- [ RunTime:0.002000s ]
INFO: [ app_begin ] --START--
INFO: Run Behavior\ReadHtmlCacheBehavior [ RunTime:0.001000s ]
INFO: [ app_begin ] --END-- [ RunTime:0.001000s ]
INFO: [ view_parse ] --START--
INFO: [ template_filter ] --START--
INFO: Run Behavior\ContentReplaceBehavior [ RunTime:0.000000s ]
INFO: [ template_filter ] --END-- [ RunTime:0.000000s ]
INFO: Run Behavior\ParseTemplateBehavior [ RunTime:0.026001s ]
INFO: [ view_parse ] --END-- [ RunTime:0.026001s ]
INFO: [ view_filter ] --START--
INFO: Run Behavior\WriteHtmlCacheBehavior [ RunTime:0.001000s ]
INFO: [ view_filter ] --END-- [ RunTime:0.001000s ]

[ 2018-05-22T12:58:58+08:00 ] 127.0.0.1 /Home/Public/login.html
INFO: [ app_init ] --START--
INFO: Run Behavior\BuildLiteBehavior [ RunTime:0.000000s ]
INFO: [ app_init ] --END-- [ RunTime:0.001000s ]
INFO: [ app_begin ] --START--
INFO: Run Behavior\ReadHtmlCacheBehavior [ RunTime:0.002000s ]
INFO: [ app_begin ] --END-- [ RunTime:0.002000s ]
NOTIC: [8] Undefined index: home/public D:\phpStudy\WWW\foa\Application\Common\Common\function.php 第 64 行.
NOTIC: [8] Undefined index: home/public D:\phpStudy\WWW\foa\Application\Common\Common\function.php 第 65 行.
SQL: SHOW COLUMNS FROM `oa_system_config` [ RunTime:0.0380s ]
SQL: SELECT COUNT(*) AS tp_count FROM `oa_system_config` WHERE `code` = 'login_verify_code' LIMIT 1   [ RunTime:0.0010s ]
SQL: SELECT `val` FROM `oa_system_config` WHERE `code` = 'login_verify_code' LIMIT 1   [ RunTime:0.0000s ]
INFO: [ view_parse ] --START--
INFO: [ template_filter ] --START--
INFO: Run Behavior\ContentReplaceBehavior [ RunTime:0.000000s ]
INFO: [ template_filter ] --END-- [ RunTime:0.000000s ]
INFO: Run Behavior\ParseTemplateBehavior [ RunTime:0.011000s ]
INFO: [ view_parse ] --END-- [ RunTime:0.011000s ]
INFO: [ view_filter ] --START--
INFO: Run Behavior\WriteHtmlCacheBehavior [ RunTime:0.001000s ]
INFO: [ view_filter ] --END-- [ RunTime:0.001000s ]
INFO: [ app_end ] --START--
INFO: Run Behavior\ShowPageTraceBehavior [ RunTime:0.001000s ]
INFO: [ app_end ] --END-- [ RunTime:0.001000s ]

[ 2018-05-22T12:59:26+08:00 ] 127.0.0.1 /index.php?m=Home&c=Public&a=login&t=0.5159474587937634
INFO: [ app_init ] --START--
INFO: Run Behavior\BuildLiteBehavior [ RunTime:0.000000s ]
INFO: [ app_init ] --END-- [ RunTime:0.001000s ]
INFO: [ app_begin ] --START--
INFO: Run Behavior\ReadHtmlCacheBehavior [ RunTime:0.001000s ]
INFO: [ app_begin ] --END-- [ RunTime:0.001000s ]
NOTIC: [8] Undefined index: home/public D:\phpStudy\WWW\foa\Application\Common\Common\function.php 第 64 行.
NOTIC: [8] Undefined index: home/public D:\phpStudy\WWW\foa\Application\Common\Common\function.php 第 65 行.
SQL: SHOW COLUMNS FROM `oa_system_config` [ RunTime:0.0100s ]
SQL: SELECT COUNT(*) AS tp_count FROM `oa_system_config` WHERE `code` = 'login_verify_code' LIMIT 1   [ RunTime:0.0000s ]
SQL: SELECT `val` FROM `oa_system_config` WHERE `code` = 'login_verify_code' LIMIT 1   [ RunTime:0.0010s ]
SQL: SHOW COLUMNS FROM `oa_user` [ RunTime:0.0100s ]
SQL: SELECT * FROM `oa_user` INNER JOIN oa_admin_role ON oa_user.role_id=oa_admin_role.role_id  WHERE `emp_no` = 'admin1' AND `password` = 'e00cf25ad42683b3df678c61f42c6bda' AND `is_del` = 0 LIMIT 1   [ RunTime:0.0000s ]
SQL: SHOW COLUMNS FROM `oa_user` [ RunTime:0.0090s ]
SQL: UPDATE `oa_user` SET `login_count`=login_count+1,`last_login_ip`='127.0.0.1' WHERE `id` = 11 [ RunTime:0.1040s ]

[ 2018-05-22T12:59:26+08:00 ] 127.0.0.1 /Home/Index/index
INFO: [ app_init ] --START--
INFO: Run Behavior\BuildLiteBehavior [ RunTime:0.000000s ]
INFO: [ app_init ] --END-- [ RunTime:0.001000s ]
INFO: [ app_begin ] --START--
INFO: Run Behavior\ReadHtmlCacheBehavior [ RunTime:0.001000s ]
INFO: [ app_begin ] --END-- [ RunTime:0.001000s ]
NOTIC: [8] Undefined index: home/index D:\phpStudy\WWW\foa\Application\Common\Common\function.php 第 64 行.
NOTIC: [8] Undefined index: home/index D:\phpStudy\WWW\foa\Application\Common\Common\function.php 第 65 行.
SQL: SHOW COLUMNS FROM `oa_user` [ RunTime:0.0110s ]
SQL: SELECT * FROM `oa_user` WHERE `id` = 11 LIMIT 1   [ RunTime:0.0010s ]
SQL: SHOW COLUMNS FROM `oa_system_menu` [ RunTime:0.0090s ]
NOTIC: [8] Undefined variable: role_right D:\phpStudy\WWW\foa\Application\Common\Common\function.php 第 7 行.
INFO: [ view_parse ] --START--
INFO: [ template_filter ] --START--
INFO: Run Behavior\ContentReplaceBehavior [ RunTime:0.000000s ]
INFO: [ template_filter ] --END-- [ RunTime:0.000000s ]
NOTIC: [8] Undefined variable: upgradeMsg D:\phpStudy\WWW\foa\Runtime\Cache\Home\2a94b8bda04ff446dcedd42276fc99ee.php 第 51 行.
NOTIC: [8] Undefined variable: upgradeMsg D:\phpStudy\WWW\foa\Runtime\Cache\Home\2a94b8bda04ff446dcedd42276fc99ee.php 第 54 行.
INFO: Run Behavior\ParseTemplateBehavior [ RunTime:0.017001s ]
INFO: [ view_parse ] --END-- [ RunTime:0.017001s ]
INFO: [ view_filter ] --START--
INFO: Run Behavior\WriteHtmlCacheBehavior [ RunTime:0.001000s ]
INFO: [ view_filter ] --END-- [ RunTime:0.001000s ]
INFO: [ app_end ] --START--
INFO: Run Behavior\ShowPageTraceBehavior [ RunTime:0.001000s ]
INFO: [ app_end ] --END-- [ RunTime:0.001000s ]

[ 2018-05-22T12:59:26+08:00 ] 127.0.0.1 /Home/Workorder/newwork
INFO: [ app_init ] --START--
INFO: Run Behavior\BuildLiteBehavior [ RunTime:0.000000s ]
INFO: [ app_init ] --END-- [ RunTime:0.001000s ]
INFO: [ app_begin ] --START--
INFO: Run Behavior\ReadHtmlCacheBehavior [ RunTime:0.003000s ]
INFO: [ app_begin ] --END-- [ RunTime:0.003000s ]
NOTIC: [8] Undefined variable: act D:\phpStudy\WWW\foa\Application\Home\Controller\BaseController.class.php 第 32 行.
NOTIC: [8] Undefined variable: act D:\phpStudy\WWW\foa\Application\Home\Controller\BaseController.class.php 第 32 行.
SQL: SHOW COLUMNS FROM `oa_system_menu` [ RunTime:0.0100s ]
SQL: SELECT `right` FROM `oa_system_menu` WHERE ( id in (3,4,5,6,39,62,63,64,65,66) )  [ RunTime:0.0010s ]
NOTIC: [8] Undefined variable: role_right D:\phpStudy\WWW\foa\Application\Home\Controller\BaseController.class.php 第 39 行.
INFO: [ view_parse ] --START--
INFO: [ template_filter ] --START--
INFO: Run Behavior\ContentReplaceBehavior [ RunTime:0.000000s ]
INFO: [ template_filter ] --END-- [ RunTime:0.000000s ]
INFO: Run Behavior\ParseTemplateBehavior [ RunTime:0.015001s ]
INFO: [ view_parse ] --END-- [ RunTime:0.015001s ]
INFO: [ view_filter ] --START--
INFO: Run Behavior\WriteHtmlCacheBehavior [ RunTime:0.001000s ]
INFO: [ view_filter ] --END-- [ RunTime:0.001000s ]
INFO: [ app_end ] --START--
INFO: Run Behavior\ShowPageTraceBehavior [ RunTime:0.002000s ]
INFO: [ app_end ] --END-- [ RunTime:0.002000s ]

[ 2018-05-22T12:59:29+08:00 ] 127.0.0.1 /Home/Workorder/allwork.html
INFO: [ app_init ] --START--
INFO: Run Behavior\BuildLiteBehavior [ RunTime:0.000000s ]
INFO: [ app_init ] --END-- [ RunTime:0.001000s ]
INFO: [ app_begin ] --START--
INFO: Run Behavior\ReadHtmlCacheBehavior [ RunTime:0.002000s ]
INFO: [ app_begin ] --END-- [ RunTime:0.002000s ]
NOTIC: [8] Undefined variable: act D:\phpStudy\WWW\foa\Application\Home\Controller\BaseController.class.php 第 32 行.
NOTIC: [8] Undefined variable: act D:\phpStudy\WWW\foa\Application\Home\Controller\BaseController.class.php 第 32 行.
SQL: SHOW COLUMNS FROM `oa_system_menu` [ RunTime:0.0100s ]
SQL: SELECT `right` FROM `oa_system_menu` WHERE ( id in (3,4,5,6,39,62,63,64,65,66) )  [ RunTime:0.0000s ]
NOTIC: [8] Undefined variable: role_right D:\phpStudy\WWW\foa\Application\Home\Controller\BaseController.class.php 第 39 行.
NOTIC: [8] Undefined index: p D:\phpStudy\WWW\foa\Application\Home\Controller\WorkorderController.class.php 第 55 行.
NOTIC: [8] Undefined index: pagesize D:\phpStudy\WWW\foa\Application\Home\Controller\WorkorderController.class.php 第 57 行.
SQL: SHOW COLUMNS FROM `oa_workorder` [ RunTime:0.0100s ]
NOTIC: [8] Undefined index: status D:\phpStudy\WWW\foa\Application\Home\Controller\WorkorderController.class.php 第 60 行.
NOTIC: [8] Undefined index: rank D:\phpStudy\WWW\foa\Application\Home\Controller\WorkorderController.class.php 第 60 行.
NOTIC: [8] Undefined index: leibie D:\phpStudy\WWW\foa\Application\Home\Controller\WorkorderController.class.php 第 60 行.
SQL: SELECT * FROM `oa_workorder` WHERE ( del=1 ) ORDER BY id desc LIMIT 0,8   [ RunTime:0.0010s ]
NOTIC: [8] Undefined index: status D:\phpStudy\WWW\foa\Application\Home\Controller\WorkorderController.class.php 第 62 行.
NOTIC: [8] Undefined index: rank D:\phpStudy\WWW\foa\Application\Home\Controller\WorkorderController.class.php 第 62 行.
NOTIC: [8] Undefined index: leibie D:\phpStudy\WWW\foa\Application\Home\Controller\WorkorderController.class.php 第 62 行.
SQL: SELECT COUNT(*) AS tp_count FROM `oa_workorder` WHERE ( del=1 ) LIMIT 1   [ RunTime:0.0000s ]
INFO: [ view_parse ] --START--
INFO: [ template_filter ] --START--
INFO: Run Behavior\ContentReplaceBehavior [ RunTime:0.000000s ]
INFO: [ template_filter ] --END-- [ RunTime:0.001000s ]
NOTIC: [8] Use of undefined constant status - assumed 'status' D:\phpStudy\WWW\foa\Runtime\Cache\Home\652a16d706060306d5bb21c219187f3b.php 第 108 行.
NOTIC: [8] Undefined index: status D:\phpStudy\WWW\foa\Runtime\Cache\Home\652a16d706060306d5bb21c219187f3b.php 第 108 行.
NOTIC: [8] Use of undefined constant status - assumed 'status' D:\phpStudy\WWW\foa\Runtime\Cache\Home\652a16d706060306d5bb21c219187f3b.php 第 109 行.
NOTIC: [8] Undefined index: status D:\phpStudy\WWW\foa\Runtime\Cache\Home\652a16d706060306d5bb21c219187f3b.php 第 109 行.
NOTIC: [8] Use of undefined constant status - assumed 'status' D:\phpStudy\WWW\foa\Runtime\Cache\Home\652a16d706060306d5bb21c219187f3b.php 第 110 行.
NOTIC: [8] Undefined index: status D:\phpStudy\WWW\foa\Runtime\Cache\Home\652a16d706060306d5bb21c219187f3b.php 第 110 行.
NOTIC: [8] Use of undefined constant status - assumed 'status' D:\phpStudy\WWW\foa\Runtime\Cache\Home\652a16d706060306d5bb21c219187f3b.php 第 111 行.
NOTIC: [8] Undefined index: status D:\phpStudy\WWW\foa\Runtime\Cache\Home\652a16d706060306d5bb21c219187f3b.php 第 111 行.
NOTIC: [8] Use of undefined constant rank - assumed 'rank' D:\phpStudy\WWW\foa\Runtime\Cache\Home\652a16d706060306d5bb21c219187f3b.php 第 117 行.
NOTIC: [8] Undefined index: rank D:\phpStudy\WWW\foa\Runtime\Cache\Home\652a16d706060306d5bb21c219187f3b.php 第 117 行.
NOTIC: [8] Use of undefined constant rank - assumed 'rank' D:\phpStudy\WWW\foa\Runtime\Cache\Home\652a16d706060306d5bb21c219187f3b.php 第 118 行.
NOTIC: [8] Undefined index: rank D:\phpStudy\WWW\foa\Runtime\Cache\Home\652a16d706060306d5bb21c219187f3b.php 第 118 行.
NOTIC: [8] Use of undefined constant rank - assumed 'rank' D:\phpStudy\WWW\foa\Runtime\Cache\Home\652a16d706060306d5bb21c219187f3b.php 第 119 行.
NOTIC: [8] Undefined index: rank D:\phpStudy\WWW\foa\Runtime\Cache\Home\652a16d706060306d5bb21c219187f3b.php 第 119 行.
NOTIC: [8] Use of undefined constant rank - assumed 'rank' D:\phpStudy\WWW\foa\Runtime\Cache\Home\652a16d706060306d5bb21c219187f3b.php 第 120 行.
NOTIC: [8] Undefined index: rank D:\phpStudy\WWW\foa\Runtime\Cache\Home\652a16d706060306d5bb21c219187f3b.php 第 120 行.
NOTIC: [8] Use of undefined constant leibie - assumed 'leibie' D:\phpStudy\WWW\foa\Runtime\Cache\Home\652a16d706060306d5bb21c219187f3b.php 第 126 行.
NOTIC: [8] Undefined index: leibie D:\phpStudy\WWW\foa\Runtime\Cache\Home\652a16d706060306d5bb21c219187f3b.php 第 126 行.
NOTIC: [8] Use of undefined constant leibie - assumed 'leibie' D:\phpStudy\WWW\foa\Runtime\Cache\Home\652a16d706060306d5bb21c219187f3b.php 第 127 行.
NOTIC: [8] Undefined index: leibie D:\phpStudy\WWW\foa\Runtime\Cache\Home\652a16d706060306d5bb21c219187f3b.php 第 127 行.
NOTIC: [8] Use of undefined constant leibie - assumed 'leibie' D:\phpStudy\WWW\foa\Runtime\Cache\Home\652a16d706060306d5bb21c219187f3b.php 第 128 行.
NOTIC: [8] Undefined index: leibie D:\phpStudy\WWW\foa\Runtime\Cache\Home\652a16d706060306d5bb21c219187f3b.php 第 128 行.
INFO: Run Behavior\ParseTemplateBehavior [ RunTime:0.018001s ]
INFO: [ view_parse ] --END-- [ RunTime:0.018001s ]
INFO: [ view_filter ] --START--
INFO: Run Behavior\WriteHtmlCacheBehavior [ RunTime:0.001000s ]
INFO: [ view_filter ] --END-- [ RunTime:0.001000s ]
INFO: [ app_end ] --START--
INFO: Run Behavior\ShowPageTraceBehavior [ RunTime:0.002000s ]
INFO: [ app_end ] --END-- [ RunTime:0.002000s ]

[ 2018-05-22T12:59:31+08:00 ] 127.0.0.1 /index.php?m=Home&c=OneWork&a=checkcontent&id=195
INFO: [ app_init ] --START--
INFO: Run Behavior\BuildLiteBehavior [ RunTime:0.000000s ]
INFO: [ app_init ] --END-- [ RunTime:0.001000s ]
INFO: [ app_begin ] --START--
INFO: Run Behavior\ReadHtmlCacheBehavior [ RunTime:0.001000s ]
INFO: [ app_begin ] --END-- [ RunTime:0.001000s ]
NOTIC: [8] Undefined variable: act D:\phpStudy\WWW\foa\Application\Home\Controller\BaseController.class.php 第 32 行.
NOTIC: [8] Undefined variable: act D:\phpStudy\WWW\foa\Application\Home\Controller\BaseController.class.php 第 32 行.
SQL: SHOW COLUMNS FROM `oa_system_menu` [ RunTime:0.0100s ]
SQL: SELECT `right` FROM `oa_system_menu` WHERE ( id in (3,4,5,6,39,62,63,64,65,66) )  [ RunTime:0.0010s ]
NOTIC: [8] Undefined variable: role_right D:\phpStudy\WWW\foa\Application\Home\Controller\BaseController.class.php 第 39 行.
NOTIC: [8] Undefined index: home/onework D:\phpStudy\WWW\foa\Application\Common\Common\function.php 第 64 行.
NOTIC: [8] Undefined index: home/onework D:\phpStudy\WWW\foa\Application\Common\Common\function.php 第 65 行.
NOTIC: [8] Undefined index: status D:\phpStudy\WWW\foa\Application\Home\Controller\OneWorkController.class.php 第 13 行.
NOTIC: [8] Undefined index: content D:\phpStudy\WWW\foa\Application\Home\Controller\OneWorkController.class.php 第 52 行.
SQL: SHOW COLUMNS FROM `oa_workorder` [ RunTime:0.0100s ]
SQL: SELECT * FROM `oa_workorder` LEFT JOIN oa_user ON oa_workorder.solve_uid = oa_user.id  WHERE ( oa_workorder.id=195 ) LIMIT 1   [ RunTime:0.0010s ]
SQL: SELECT * FROM `oa_workorder` LEFT JOIN oa_user ON oa_workorder.user_id = oa_user.id  WHERE ( oa_workorder.id=195 ) LIMIT 1   [ RunTime:0.0010s ]
NOTIC: [8] Undefined index: id D:\phpStudy\WWW\foa\Application\Home\Controller\OneWorkController.class.php 第 111 行.
SQL: SHOW COLUMNS FROM `oa_onework` [ RunTime:0.0090s ]
SQL: SELECT * FROM `oa_onework` LEFT JOIN oa_img ON oa_onework.img_id = oa_img.img_id LEFT JOIN oa_file ON oa_onework.file_id = oa_file.file_id  WHERE ( workorder_id=195 )  [ RunTime:0.0010s ]
NOTIC: [8] Undefined variable: saa D:\phpStudy\WWW\foa\Application\Home\Controller\OneWorkController.class.php 第 143 行.
NOTIC: [8] Undefined variable: saa D:\phpStudy\WWW\foa\Application\Home\Controller\OneWorkController.class.php 第 143 行.
NOTIC: [8] Undefined index: file_id D:\phpStudy\WWW\foa\Application\Home\Controller\OneWorkController.class.php 第 147 行.
INFO: [ view_parse ] --START--
INFO: [ template_filter ] --START--
INFO: Run Behavior\ContentReplaceBehavior [ RunTime:0.000000s ]
INFO: [ template_filter ] --END-- [ RunTime:0.000000s ]
NOTIC: [8] Undefined variable: il D:\phpStudy\WWW\foa\Runtime\Cache\Home\ce977014336db10972272a7081ea7829.php 第 165 行.
NOTIC: [8] Undefined variable: imgarr D:\phpStudy\WWW\foa\Runtime\Cache\Home\ce977014336db10972272a7081ea7829.php 第 166 行.
NOTIC: [8] Undefined variable: fl D:\phpStudy\WWW\foa\Runtime\Cache\Home\ce977014336db10972272a7081ea7829.php 第 168 行.
NOTIC: [8] Undefined variable: filearr D:\phpStudy\WWW\foa\Runtime\Cache\Home\ce977014336db10972272a7081ea7829.php 第 169 行.
INFO: Run Behavior\ParseTemplateBehavior [ RunTime:0.024001s ]
INFO: [ view_parse ] --END-- [ RunTime:0.024001s ]
INFO: [ view_filter ] --START--
INFO: Run Behavior\WriteHtmlCacheBehavior [ RunTime:0.001000s ]
INFO: [ view_filter ] --END-- [ RunTime:0.001000s ]
INFO: [ app_end ] --START--
INFO: Run Behavior\ShowPageTraceBehavior [ RunTime:0.001000s ]
INFO: [ app_end ] --END-- [ RunTime:0.001000s ]

[ 2018-05-22T12:59:33+08:00 ] 127.0.0.1 /Home/OneWork/checkcontent
INFO: [ app_init ] --START--
INFO: Run Behavior\BuildLiteBehavior [ RunTime:0.000000s ]
INFO: [ app_init ] --END-- [ RunTime:0.001000s ]
INFO: [ app_begin ] --START--
INFO: Run Behavior\ReadHtmlCacheBehavior [ RunTime:0.001000s ]
INFO: [ app_begin ] --END-- [ RunTime:0.001000s ]
NOTIC: [8] Undefined variable: act D:\phpStudy\WWW\foa\Application\Home\Controller\BaseController.class.php 第 32 行.
NOTIC: [8] Undefined variable: act D:\phpStudy\WWW\foa\Application\Home\Controller\BaseController.class.php 第 32 行.
SQL: SHOW COLUMNS FROM `oa_system_menu` [ RunTime:0.0100s ]
SQL: SELECT `right` FROM `oa_system_menu` WHERE ( id in (3,4,5,6,39,62,63,64,65,66) )  [ RunTime:0.0000s ]
NOTIC: [8] Undefined variable: role_right D:\phpStudy\WWW\foa\Application\Home\Controller\BaseController.class.php 第 39 行.
NOTIC: [8] Undefined index: home/onework D:\phpStudy\WWW\foa\Application\Common\Common\function.php 第 64 行.
NOTIC: [8] Undefined index: home/onework D:\phpStudy\WWW\foa\Application\Common\Common\function.php 第 65 行.
NOTIC: [8] Undefined index: status D:\phpStudy\WWW\foa\Application\Home\Controller\OneWorkController.class.php 第 13 行.
SQL: SHOW COLUMNS FROM `oa_onework` [ RunTime:0.0100s ]
SQL: INSERT INTO `oa_onework` (`user`,`content`,`time`,`workorder_id`,`img_id`,`file_id`) VALUES ('admin1','<p>我</p>','2018-05-22 12:59:33','195','0','0') [ RunTime:0.0000s ]
NOTIC: [8] Undefined index: id D:\phpStudy\WWW\foa\Application\Home\Controller\OneWorkController.class.php 第 69 行.
SQL: SHOW COLUMNS FROM `oa_workorder` [ RunTime:0.0100s ]
ERR: SQLSTATE[42000]: Syntax error or access violation: 1064 You have an error in your SQL syntax; check the manual that corresponds to your MySQL server version for the right syntax to use near ') LIMIT 1' at line 1

