[ 2018-05-10T11:50:56+08:00 ] 127.0.0.1 /
INFO: [ app_init ] --START--
INFO: Run Behavior\BuildLiteBehavior [ RunTime:0.000000s ]
INFO: [ app_init ] --END-- [ RunTime:0.001000s ]
INFO: [ app_begin ] --START--
INFO: Run Behavior\ReadHtmlCacheBehavior [ RunTime:0.001001s ]
INFO: [ app_begin ] --END-- [ RunTime:0.001001s ]
NOTIC: [8] Undefined index: home/public D:\phpStudy\WWW\foa\Application\Common\Common\function.php 第 64 行.
NOTIC: [8] Undefined index: home/public D:\phpStudy\WWW\foa\Application\Common\Common\function.php 第 65 行.
SQL: SHOW COLUMNS FROM `oa_system_config` [ RunTime:0.0660s ]
SQL: SELECT COUNT(*) AS tp_count FROM `oa_system_config` WHERE `code` = 'login_verify_code' LIMIT 1   [ RunTime:0.0000s ]
SQL: SELECT `val` FROM `oa_system_config` WHERE `code` = 'login_verify_code' LIMIT 1   [ RunTime:0.0000s ]
INFO: [ view_parse ] --START--
INFO: [ template_filter ] --START--
INFO: Run Behavior\ContentReplaceBehavior [ RunTime:0.000000s ]
INFO: [ template_filter ] --END-- [ RunTime:0.000000s ]
INFO: Run Behavior\ParseTemplateBehavior [ RunTime:0.009000s ]
INFO: [ view_parse ] --END-- [ RunTime:0.009000s ]
INFO: [ view_filter ] --START--
INFO: Run Behavior\WriteHtmlCacheBehavior [ RunTime:0.001000s ]
INFO: [ view_filter ] --END-- [ RunTime:0.001000s ]
INFO: [ app_end ] --START--
INFO: Run Behavior\ShowPageTraceBehavior [ RunTime:0.001000s ]
INFO: [ app_end ] --END-- [ RunTime:0.001000s ]

[ 2018-05-10T11:51:04+08:00 ] 127.0.0.1 /index.php?m=Home&c=Public&a=login&t=0.27732863551082887
INFO: [ app_init ] --START--
INFO: Run Behavior\BuildLiteBehavior [ RunTime:0.001000s ]
INFO: [ app_init ] --END-- [ RunTime:0.001000s ]
INFO: [ app_begin ] --START--
INFO: Run Behavior\ReadHtmlCacheBehavior [ RunTime:0.001001s ]
INFO: [ app_begin ] --END-- [ RunTime:0.001001s ]
NOTIC: [8] Undefined index: home/public D:\phpStudy\WWW\foa\Application\Common\Common\function.php 第 64 行.
NOTIC: [8] Undefined index: home/public D:\phpStudy\WWW\foa\Application\Common\Common\function.php 第 65 行.
SQL: SHOW COLUMNS FROM `oa_system_config` [ RunTime:0.0090s ]
SQL: SELECT COUNT(*) AS tp_count FROM `oa_system_config` WHERE `code` = 'login_verify_code' LIMIT 1   [ RunTime:0.0010s ]
SQL: SELECT `val` FROM `oa_system_config` WHERE `code` = 'login_verify_code' LIMIT 1   [ RunTime:0.0010s ]
SQL: SHOW COLUMNS FROM `oa_user` [ RunTime:0.0320s ]
SQL: SELECT * FROM `oa_user` INNER JOIN oa_admin_role ON oa_user.role_id=oa_admin_role.role_id  WHERE `emp_no` = 'admin1' AND `password` = 'e00cf25ad42683b3df678c61f42c6bda' AND `is_del` = 0 LIMIT 1   [ RunTime:0.0150s ]
SQL: SHOW COLUMNS FROM `oa_user` [ RunTime:0.0070s ]
SQL: UPDATE `oa_user` SET `login_count`=login_count+1,`last_login_ip`='127.0.0.1' WHERE `id` = 11 [ RunTime:0.0020s ]

[ 2018-05-10T11:51:04+08:00 ] 127.0.0.1 /Home/Index/index
INFO: [ app_init ] --START--
INFO: Run Behavior\BuildLiteBehavior [ RunTime:0.000000s ]
INFO: [ app_init ] --END-- [ RunTime:0.000000s ]
INFO: [ app_begin ] --START--
INFO: Run Behavior\ReadHtmlCacheBehavior [ RunTime:0.001000s ]
INFO: [ app_begin ] --END-- [ RunTime:0.001000s ]
NOTIC: [8] Undefined index: home/index D:\phpStudy\WWW\foa\Application\Common\Common\function.php 第 64 行.
NOTIC: [8] Undefined index: home/index D:\phpStudy\WWW\foa\Application\Common\Common\function.php 第 65 行.
SQL: SHOW COLUMNS FROM `oa_user` [ RunTime:0.0150s ]
SQL: SELECT * FROM `oa_user` WHERE `id` = 11 LIMIT 1   [ RunTime:0.0020s ]
SQL: SHOW COLUMNS FROM `oa_system_menu` [ RunTime:0.0100s ]
NOTIC: [8] Undefined variable: role_right D:\phpStudy\WWW\foa\Application\Common\Common\function.php 第 7 行.
INFO: [ view_parse ] --START--
INFO: [ template_filter ] --START--
INFO: Run Behavior\ContentReplaceBehavior [ RunTime:0.000000s ]
INFO: [ template_filter ] --END-- [ RunTime:0.000000s ]
NOTIC: [8] Undefined variable: upgradeMsg D:\phpStudy\WWW\foa\Runtime\Cache\Home\2a94b8bda04ff446dcedd42276fc99ee.php 第 51 行.
NOTIC: [8] Undefined variable: upgradeMsg D:\phpStudy\WWW\foa\Runtime\Cache\Home\2a94b8bda04ff446dcedd42276fc99ee.php 第 54 行.
INFO: Run Behavior\ParseTemplateBehavior [ RunTime:0.017001s ]
INFO: [ view_parse ] --END-- [ RunTime:0.017001s ]
INFO: [ view_filter ] --START--
INFO: Run Behavior\WriteHtmlCacheBehavior [ RunTime:0.001000s ]
INFO: [ view_filter ] --END-- [ RunTime:0.001000s ]
INFO: [ app_end ] --START--
INFO: Run Behavior\ShowPageTraceBehavior [ RunTime:0.001000s ]
INFO: [ app_end ] --END-- [ RunTime:0.001000s ]

[ 2018-05-10T11:51:04+08:00 ] 127.0.0.1 /Home/Workorder/newwork
INFO: [ app_init ] --START--
INFO: Run Behavior\BuildLiteBehavior [ RunTime:0.000000s ]
INFO: [ app_init ] --END-- [ RunTime:0.001000s ]
INFO: [ app_begin ] --START--
INFO: Run Behavior\ReadHtmlCacheBehavior [ RunTime:0.001000s ]
INFO: [ app_begin ] --END-- [ RunTime:0.001000s ]
NOTIC: [8] Undefined variable: act D:\phpStudy\WWW\foa\Application\Home\Controller\BaseController.class.php 第 32 行.
NOTIC: [8] Undefined variable: act D:\phpStudy\WWW\foa\Application\Home\Controller\BaseController.class.php 第 32 行.
SQL: SHOW COLUMNS FROM `oa_system_menu` [ RunTime:0.0130s ]
SQL: SELECT `right` FROM `oa_system_menu` WHERE ( id in (39,62,63,64,65,66) )  [ RunTime:0.0000s ]
NOTIC: [8] Undefined variable: role_right D:\phpStudy\WWW\foa\Application\Home\Controller\BaseController.class.php 第 39 行.
INFO: [ view_parse ] --START--
INFO: [ template_filter ] --START--
INFO: Run Behavior\ContentReplaceBehavior [ RunTime:0.000000s ]
INFO: [ template_filter ] --END-- [ RunTime:0.000000s ]
INFO: Run Behavior\ParseTemplateBehavior [ RunTime:0.013001s ]
INFO: [ view_parse ] --END-- [ RunTime:0.013001s ]
INFO: [ view_filter ] --START--
INFO: Run Behavior\WriteHtmlCacheBehavior [ RunTime:0.000000s ]
INFO: [ view_filter ] --END-- [ RunTime:0.000000s ]
INFO: [ app_end ] --START--
INFO: Run Behavior\ShowPageTraceBehavior [ RunTime:0.001000s ]
INFO: [ app_end ] --END-- [ RunTime:0.001000s ]

[ 2018-05-10T11:51:50+08:00 ] 127.0.0.1 /Home/Index/index
INFO: [ app_init ] --START--
INFO: Run Behavior\BuildLiteBehavior [ RunTime:0.000000s ]
INFO: [ app_init ] --END-- [ RunTime:0.000000s ]
INFO: [ app_begin ] --START--
INFO: Run Behavior\ReadHtmlCacheBehavior [ RunTime:0.002001s ]
INFO: [ app_begin ] --END-- [ RunTime:0.002001s ]
NOTIC: [8] Undefined index: home/index D:\phpStudy\WWW\foa\Application\Common\Common\function.php 第 64 行.
NOTIC: [8] Undefined index: home/index D:\phpStudy\WWW\foa\Application\Common\Common\function.php 第 65 行.
SQL: SHOW COLUMNS FROM `oa_user` [ RunTime:0.0080s ]
SQL: SELECT * FROM `oa_user` WHERE `id` = 11 LIMIT 1   [ RunTime:0.0000s ]
SQL: SHOW COLUMNS FROM `oa_system_menu` [ RunTime:0.0070s ]
NOTIC: [8] Undefined variable: role_right D:\phpStudy\WWW\foa\Application\Common\Common\function.php 第 7 行.
INFO: [ view_parse ] --START--
INFO: [ template_filter ] --START--
INFO: Run Behavior\ContentReplaceBehavior [ RunTime:0.001000s ]
INFO: [ template_filter ] --END-- [ RunTime:0.001000s ]
NOTIC: [8] Undefined variable: upgradeMsg D:\phpStudy\WWW\foa\Runtime\Cache\Home\2a94b8bda04ff446dcedd42276fc99ee.php 第 51 行.
NOTIC: [8] Undefined variable: upgradeMsg D:\phpStudy\WWW\foa\Runtime\Cache\Home\2a94b8bda04ff446dcedd42276fc99ee.php 第 54 行.
INFO: Run Behavior\ParseTemplateBehavior [ RunTime:0.017001s ]
INFO: [ view_parse ] --END-- [ RunTime:0.017001s ]
INFO: [ view_filter ] --START--
INFO: Run Behavior\WriteHtmlCacheBehavior [ RunTime:0.001000s ]
INFO: [ view_filter ] --END-- [ RunTime:0.001000s ]
INFO: [ app_end ] --START--
INFO: Run Behavior\ShowPageTraceBehavior [ RunTime:0.002000s ]
INFO: [ app_end ] --END-- [ RunTime:0.002000s ]

[ 2018-05-10T11:51:50+08:00 ] 127.0.0.1 /Home/Workorder/newwork
INFO: [ app_init ] --START--
INFO: Run Behavior\BuildLiteBehavior [ RunTime:0.000000s ]
INFO: [ app_init ] --END-- [ RunTime:0.000000s ]
INFO: [ app_begin ] --START--
INFO: Run Behavior\ReadHtmlCacheBehavior [ RunTime:0.002000s ]
INFO: [ app_begin ] --END-- [ RunTime:0.002000s ]
NOTIC: [8] Undefined variable: act D:\phpStudy\WWW\foa\Application\Home\Controller\BaseController.class.php 第 32 行.
NOTIC: [8] Undefined variable: act D:\phpStudy\WWW\foa\Application\Home\Controller\BaseController.class.php 第 32 行.
SQL: SHOW COLUMNS FROM `oa_system_menu` [ RunTime:0.0100s ]
SQL: SELECT `right` FROM `oa_system_menu` WHERE ( id in (39,62,63,64,65,66) )  [ RunTime:0.0010s ]
NOTIC: [8] Undefined variable: role_right D:\phpStudy\WWW\foa\Application\Home\Controller\BaseController.class.php 第 39 行.
INFO: [ view_parse ] --START--
INFO: [ template_filter ] --START--
INFO: Run Behavior\ContentReplaceBehavior [ RunTime:0.000000s ]
INFO: [ template_filter ] --END-- [ RunTime:0.000000s ]
INFO: Run Behavior\ParseTemplateBehavior [ RunTime:0.020001s ]
INFO: [ view_parse ] --END-- [ RunTime:0.020001s ]
INFO: [ view_filter ] --START--
INFO: Run Behavior\WriteHtmlCacheBehavior [ RunTime:0.001000s ]
INFO: [ view_filter ] --END-- [ RunTime:0.001000s ]
INFO: [ app_end ] --START--
INFO: Run Behavior\ShowPageTraceBehavior [ RunTime:0.002000s ]
INFO: [ app_end ] --END-- [ RunTime:0.003000s ]

[ 2018-05-10T11:51:51+08:00 ] 127.0.0.1 /Home/Public/logout.html
INFO: [ app_init ] --START--
INFO: Run Behavior\BuildLiteBehavior [ RunTime:0.000000s ]
INFO: [ app_init ] --END-- [ RunTime:0.001000s ]
INFO: [ app_begin ] --START--
INFO: Run Behavior\ReadHtmlCacheBehavior [ RunTime:0.001000s ]
INFO: [ app_begin ] --END-- [ RunTime:0.001000s ]
NOTIC: [8] Undefined index: home/public D:\phpStudy\WWW\foa\Application\Common\Common\function.php 第 64 行.
NOTIC: [8] Undefined index: home/public D:\phpStudy\WWW\foa\Application\Common\Common\function.php 第 65 行.
INFO: [ view_parse ] --START--
INFO: [ template_filter ] --START--
INFO: Run Behavior\ContentReplaceBehavior [ RunTime:0.000000s ]
INFO: [ template_filter ] --END-- [ RunTime:0.000000s ]
INFO: Run Behavior\ParseTemplateBehavior [ RunTime:0.011000s ]
INFO: [ view_parse ] --END-- [ RunTime:0.011000s ]
INFO: [ view_filter ] --START--
INFO: Run Behavior\WriteHtmlCacheBehavior [ RunTime:0.002001s ]
INFO: [ view_filter ] --END-- [ RunTime:0.002001s ]
INFO: [ app_end ] --START--
INFO: Run Behavior\ShowPageTraceBehavior [ RunTime:0.002000s ]
INFO: [ app_end ] --END-- [ RunTime:0.002000s ]

[ 2018-05-10T11:51:52+08:00 ] 127.0.0.1 /Home/Public/login
INFO: [ app_init ] --START--
INFO: Run Behavior\BuildLiteBehavior [ RunTime:0.000000s ]
INFO: [ app_init ] --END-- [ RunTime:0.001000s ]
INFO: [ app_begin ] --START--
INFO: Run Behavior\ReadHtmlCacheBehavior [ RunTime:0.002000s ]
INFO: [ app_begin ] --END-- [ RunTime:0.002000s ]
NOTIC: [8] Undefined index: home/public D:\phpStudy\WWW\foa\Application\Common\Common\function.php 第 64 行.
NOTIC: [8] Undefined index: home/public D:\phpStudy\WWW\foa\Application\Common\Common\function.php 第 65 行.
SQL: SHOW COLUMNS FROM `oa_system_config` [ RunTime:0.0080s ]
SQL: SELECT COUNT(*) AS tp_count FROM `oa_system_config` WHERE `code` = 'login_verify_code' LIMIT 1   [ RunTime:0.0000s ]
SQL: SELECT `val` FROM `oa_system_config` WHERE `code` = 'login_verify_code' LIMIT 1   [ RunTime:0.0010s ]
INFO: [ view_parse ] --START--
INFO: [ template_filter ] --START--
INFO: Run Behavior\ContentReplaceBehavior [ RunTime:0.001000s ]
INFO: [ template_filter ] --END-- [ RunTime:0.001000s ]
INFO: Run Behavior\ParseTemplateBehavior [ RunTime:0.011001s ]
INFO: [ view_parse ] --END-- [ RunTime:0.011001s ]
INFO: [ view_filter ] --START--
INFO: Run Behavior\WriteHtmlCacheBehavior [ RunTime:0.001000s ]
INFO: [ view_filter ] --END-- [ RunTime:0.001000s ]
INFO: [ app_end ] --START--
INFO: Run Behavior\ShowPageTraceBehavior [ RunTime:0.002000s ]
INFO: [ app_end ] --END-- [ RunTime:0.002000s ]

[ 2018-05-10T11:51:58+08:00 ] 127.0.0.1 /index.php?m=Home&c=Public&a=login&t=0.6846448349344736
INFO: [ app_init ] --START--
INFO: Run Behavior\BuildLiteBehavior [ RunTime:0.000000s ]
INFO: [ app_init ] --END-- [ RunTime:0.001000s ]
INFO: [ app_begin ] --START--
INFO: Run Behavior\ReadHtmlCacheBehavior [ RunTime:0.002001s ]
INFO: [ app_begin ] --END-- [ RunTime:0.002001s ]
NOTIC: [8] Undefined index: home/public D:\phpStudy\WWW\foa\Application\Common\Common\function.php 第 64 行.
NOTIC: [8] Undefined index: home/public D:\phpStudy\WWW\foa\Application\Common\Common\function.php 第 65 行.
SQL: SHOW COLUMNS FROM `oa_system_config` [ RunTime:0.0070s ]
SQL: SELECT COUNT(*) AS tp_count FROM `oa_system_config` WHERE `code` = 'login_verify_code' LIMIT 1   [ RunTime:0.0000s ]
SQL: SELECT `val` FROM `oa_system_config` WHERE `code` = 'login_verify_code' LIMIT 1   [ RunTime:0.0000s ]
SQL: SHOW COLUMNS FROM `oa_user` [ RunTime:0.0090s ]
SQL: SELECT * FROM `oa_user` INNER JOIN oa_admin_role ON oa_user.role_id=oa_admin_role.role_id  WHERE `emp_no` = 'admin1' AND `password` = 'e00cf25ad42683b3df678c61f42c6bda' AND `is_del` = 0 LIMIT 1   [ RunTime:0.0010s ]
SQL: SHOW COLUMNS FROM `oa_user` [ RunTime:0.0080s ]
SQL: UPDATE `oa_user` SET `login_count`=login_count+1,`last_login_ip`='127.0.0.1' WHERE `id` = 11 [ RunTime:0.0340s ]

[ 2018-05-10T11:51:58+08:00 ] 127.0.0.1 /Home/Index/index
INFO: [ app_init ] --START--
INFO: Run Behavior\BuildLiteBehavior [ RunTime:0.000000s ]
INFO: [ app_init ] --END-- [ RunTime:0.001001s ]
INFO: [ app_begin ] --START--
INFO: Run Behavior\ReadHtmlCacheBehavior [ RunTime:0.002000s ]
INFO: [ app_begin ] --END-- [ RunTime:0.002000s ]
NOTIC: [8] Undefined index: home/index D:\phpStudy\WWW\foa\Application\Common\Common\function.php 第 64 行.
NOTIC: [8] Undefined index: home/index D:\phpStudy\WWW\foa\Application\Common\Common\function.php 第 65 行.
SQL: SHOW COLUMNS FROM `oa_user` [ RunTime:0.0080s ]
SQL: SELECT * FROM `oa_user` WHERE `id` = 11 LIMIT 1   [ RunTime:0.0010s ]
SQL: SHOW COLUMNS FROM `oa_system_menu` [ RunTime:0.0080s ]
SQL: SELECT `right` FROM `oa_system_menu` WHERE ( id in (3,4,5,6,39,62,63,64,65,66) )  [ RunTime:0.0000s ]
NOTIC: [8] Undefined variable: role_right D:\phpStudy\WWW\foa\Application\Common\Common\function.php 第 7 行.
INFO: [ view_parse ] --START--
INFO: [ template_filter ] --START--
INFO: Run Behavior\ContentReplaceBehavior [ RunTime:0.000000s ]
INFO: [ template_filter ] --END-- [ RunTime:0.000000s ]
NOTIC: [8] Undefined variable: upgradeMsg D:\phpStudy\WWW\foa\Runtime\Cache\Home\2a94b8bda04ff446dcedd42276fc99ee.php 第 51 行.
NOTIC: [8] Undefined variable: upgradeMsg D:\phpStudy\WWW\foa\Runtime\Cache\Home\2a94b8bda04ff446dcedd42276fc99ee.php 第 54 行.
INFO: Run Behavior\ParseTemplateBehavior [ RunTime:0.017001s ]
INFO: [ view_parse ] --END-- [ RunTime:0.017001s ]
INFO: [ view_filter ] --START--
INFO: Run Behavior\WriteHtmlCacheBehavior [ RunTime:0.001000s ]
INFO: [ view_filter ] --END-- [ RunTime:0.001000s ]
INFO: [ app_end ] --START--
INFO: Run Behavior\ShowPageTraceBehavior [ RunTime:0.002000s ]
INFO: [ app_end ] --END-- [ RunTime:0.002000s ]

[ 2018-05-10T11:51:58+08:00 ] 127.0.0.1 /Home/Workorder/newwork
INFO: [ app_init ] --START--
INFO: Run Behavior\BuildLiteBehavior [ RunTime:0.000000s ]
INFO: [ app_init ] --END-- [ RunTime:0.002000s ]
INFO: [ app_begin ] --START--
INFO: Run Behavior\ReadHtmlCacheBehavior [ RunTime:0.002000s ]
INFO: [ app_begin ] --END-- [ RunTime:0.002000s ]
NOTIC: [8] Undefined variable: act D:\phpStudy\WWW\foa\Application\Home\Controller\BaseController.class.php 第 32 行.
NOTIC: [8] Undefined variable: act D:\phpStudy\WWW\foa\Application\Home\Controller\BaseController.class.php 第 32 行.
SQL: SHOW COLUMNS FROM `oa_system_menu` [ RunTime:0.0120s ]
SQL: SELECT `right` FROM `oa_system_menu` WHERE ( id in (3,4,5,6,39,62,63,64,65,66) )  [ RunTime:0.0010s ]
NOTIC: [8] Undefined variable: role_right D:\phpStudy\WWW\foa\Application\Home\Controller\BaseController.class.php 第 39 行.
INFO: [ view_parse ] --START--
INFO: [ template_filter ] --START--
INFO: Run Behavior\ContentReplaceBehavior [ RunTime:0.000000s ]
INFO: [ template_filter ] --END-- [ RunTime:0.000000s ]
INFO: Run Behavior\ParseTemplateBehavior [ RunTime:0.015001s ]
INFO: [ view_parse ] --END-- [ RunTime:0.015001s ]
INFO: [ view_filter ] --START--
INFO: Run Behavior\WriteHtmlCacheBehavior [ RunTime:0.001000s ]
INFO: [ view_filter ] --END-- [ RunTime:0.001000s ]
INFO: [ app_end ] --START--
INFO: Run Behavior\ShowPageTraceBehavior [ RunTime:0.001000s ]
INFO: [ app_end ] --END-- [ RunTime:0.002000s ]

[ 2018-05-10T11:52:00+08:00 ] 127.0.0.1 /Home/Work/worklog.html
INFO: [ app_init ] --START--
INFO: Run Behavior\BuildLiteBehavior [ RunTime:0.000000s ]
INFO: [ app_init ] --END-- [ RunTime:0.001000s ]
INFO: [ app_begin ] --START--
INFO: Run Behavior\ReadHtmlCacheBehavior [ RunTime:0.003000s ]
INFO: [ app_begin ] --END-- [ RunTime:0.003000s ]
NOTIC: [8] Undefined variable: act D:\phpStudy\WWW\foa\Application\Home\Controller\BaseController.class.php 第 32 行.
NOTIC: [8] Undefined variable: act D:\phpStudy\WWW\foa\Application\Home\Controller\BaseController.class.php 第 32 行.
SQL: SHOW COLUMNS FROM `oa_system_menu` [ RunTime:0.0090s ]
SQL: SELECT `right` FROM `oa_system_menu` WHERE ( id in (3,4,5,6,39,62,63,64,65,66) )  [ RunTime:0.0010s ]
NOTIC: [8] Undefined variable: role_right D:\phpStudy\WWW\foa\Application\Home\Controller\BaseController.class.php 第 39 行.
SQL: SHOW COLUMNS FROM `oa_worklog` [ RunTime:0.0080s ]
SQL: SELECT * FROM `oa_worklog` WHERE `user_id` = 11  [ RunTime:0.0000s ]
INFO: [ view_parse ] --START--
INFO: [ template_filter ] --START--
INFO: Run Behavior\ContentReplaceBehavior [ RunTime:0.000000s ]
INFO: [ template_filter ] --END-- [ RunTime:0.000000s ]
INFO: Run Behavior\ParseTemplateBehavior [ RunTime:0.025002s ]
INFO: [ view_parse ] --END-- [ RunTime:0.025002s ]
INFO: [ view_filter ] --START--
INFO: Run Behavior\WriteHtmlCacheBehavior [ RunTime:0.001000s ]
INFO: [ view_filter ] --END-- [ RunTime:0.001000s ]
INFO: [ app_end ] --START--
INFO: Run Behavior\ShowPageTraceBehavior [ RunTime:0.001000s ]
INFO: [ app_end ] --END-- [ RunTime:0.001000s ]

