[ 2018-04-18T15:06:15+08:00 ] 127.0.0.1 /index.php/%7Blist.img%7D
INFO: [ app_init ] --START--
INFO: Run Behavior\BuildLiteBehavior [ RunTime:0.000000s ]
INFO: [ app_init ] --END-- [ RunTime:0.003000s ]
ERR: 无法加载模块:{list

[ 2018-04-18T15:07:27+08:00 ] 127.0.0.1 /index.php/%7Blist.img%7D
INFO: [ app_init ] --START--
INFO: Run Behavior\BuildLiteBehavior [ RunTime:0.000000s ]
INFO: [ app_init ] --END-- [ RunTime:0.001000s ]
ERR: 无法加载模块:{list

[ 2018-04-18T15:11:51+08:00 ] 127.0.0.1 /index.php/1
INFO: [ app_init ] --START--
INFO: Run Behavior\BuildLiteBehavior [ RunTime:0.000000s ]
INFO: [ app_init ] --END-- [ RunTime:0.000000s ]
ERR: 无法加载模块:1

[ 2018-04-18T15:11:51+08:00 ] 127.0.0.1 /index.php/d
INFO: [ app_init ] --START--
INFO: Run Behavior\BuildLiteBehavior [ RunTime:0.000000s ]
INFO: [ app_init ] --END-- [ RunTime:0.001000s ]
ERR: 无法加载模块:D

[ 2018-04-18T15:11:51+08:00 ] 127.0.0.1 /index.php/%3C
INFO: [ app_init ] --START--
INFO: Run Behavior\BuildLiteBehavior [ RunTime:0.000000s ]
INFO: [ app_init ] --END-- [ RunTime:0.001000s ]
ERR: 无法加载模块:

[ 2018-04-18T15:11:51+08:00 ] 127.0.0.1 /index.php/3
INFO: [ app_init ] --START--
INFO: Run Behavior\BuildLiteBehavior [ RunTime:0.000000s ]
INFO: [ app_init ] --END-- [ RunTime:0.001000s ]
ERR: 无法加载模块:3

[ 2018-04-18T15:12:59+08:00 ] 127.0.0.1 /index.php/1
INFO: [ app_init ] --START--
INFO: Run Behavior\BuildLiteBehavior [ RunTime:0.000000s ]
INFO: [ app_init ] --END-- [ RunTime:0.001000s ]
ERR: 无法加载模块:1

[ 2018-04-18T15:12:59+08:00 ] 127.0.0.1 /index.php/d
INFO: [ app_init ] --START--
INFO: Run Behavior\BuildLiteBehavior [ RunTime:0.000000s ]
INFO: [ app_init ] --END-- [ RunTime:0.001000s ]
ERR: 无法加载模块:D

[ 2018-04-18T15:12:59+08:00 ] 127.0.0.1 /index.php/3
INFO: [ app_init ] --START--
INFO: Run Behavior\BuildLiteBehavior [ RunTime:0.000000s ]
INFO: [ app_init ] --END-- [ RunTime:0.002000s ]
ERR: 无法加载模块:3

[ 2018-04-18T15:12:59+08:00 ] 127.0.0.1 /index.php/%3C
INFO: [ app_init ] --START--
INFO: Run Behavior\BuildLiteBehavior [ RunTime:0.000000s ]
INFO: [ app_init ] --END-- [ RunTime:0.002000s ]
ERR: 无法加载模块:

[ 2018-04-18T15:36:01+08:00 ] 127.0.0.1 /index.php/2018/04/18/5ad6cfcb0469f.gif
INFO: [ app_init ] --START--
INFO: Run Behavior\BuildLiteBehavior [ RunTime:0.000000s ]
INFO: [ app_init ] --END-- [ RunTime:0.001000s ]
ERR: 无法加载模块:2018

[ 2018-04-18T15:49:37+08:00 ] 127.0.0.1 /index.php/$vo
INFO: [ app_init ] --START--
INFO: Run Behavior\BuildLiteBehavior [ RunTime:0.000000s ]
INFO: [ app_init ] --END-- [ RunTime:0.001000s ]
ERR: 无法加载模块:$vo

[ 2018-04-18T15:49:37+08:00 ] 127.0.0.1 /index.php/2018/04/18/5ad6cfcb0469f.gif
INFO: [ app_init ] --START--
INFO: Run Behavior\BuildLiteBehavior [ RunTime:0.000000s ]
INFO: [ app_init ] --END-- [ RunTime:0.003000s ]
ERR: 无法加载模块:2018

[ 2018-04-18T15:49:37+08:00 ] 127.0.0.1 /index.php/$vo
INFO: [ app_init ] --START--
INFO: Run Behavior\BuildLiteBehavior [ RunTime:0.001000s ]
INFO: [ app_init ] --END-- [ RunTime:0.001000s ]
ERR: 无法加载模块:$vo

[ 2018-04-18T15:49:57+08:00 ] 127.0.0.1 /index.php/2018/04/18/5ad6cfcb0469f.gif
INFO: [ app_init ] --START--
INFO: Run Behavior\BuildLiteBehavior [ RunTime:0.000000s ]
INFO: [ app_init ] --END-- [ RunTime:0.001000s ]
ERR: 无法加载模块:2018

[ 2018-04-18T15:49:57+08:00 ] 127.0.0.1 /index.php/2018/04/18/5ad6cfcb0a461.png
INFO: [ app_init ] --START--
INFO: Run Behavior\BuildLiteBehavior [ RunTime:0.000000s ]
INFO: [ app_init ] --END-- [ RunTime:0.001000s ]
ERR: 无法加载模块:2018

[ 2018-04-18T15:52:26+08:00 ] 127.0.0.1 /index.php/2018/04/18/5ad6cfcb0469f.gif
INFO: [ app_init ] --START--
INFO: Run Behavior\BuildLiteBehavior [ RunTime:0.000000s ]
INFO: [ app_init ] --END-- [ RunTime:0.001000s ]
ERR: 无法加载模块:2018

[ 2018-04-18T15:52:55+08:00 ] 127.0.0.1 /index.php/2018/04/18/5ad6cfcb0469f.gif
INFO: [ app_init ] --START--
INFO: Run Behavior\BuildLiteBehavior [ RunTime:0.000000s ]
INFO: [ app_init ] --END-- [ RunTime:0.001000s ]
ERR: 无法加载模块:2018

